#
# A fatal error has been detected by the Java Runtime Environment:
#
#  EXCEPTION_ACCESS_VIOLATION (0xc0000005) at pc=0x00007ffaaea2dab0, pid=5356, tid=7588
#
# JRE version: Java(TM) SE Runtime Environment (17.0+35) (build 17+35-LTS-2724)
# Java VM: Java HotSpot(TM) 64-Bit Server VM (17+35-LTS-2724, mixed mode, sharing, tiered, compressed oops, compressed class ptrs, g1 gc, windows-amd64)
# Problematic frame:
# C  [nvoglv64.dll+0x127dab0]
#
# No core dump will be written. Minidumps are not enabled by default on client versions of Windows
#
# If you would like to submit a bug report, please visit:
#   https://bugreport.java.com/bugreport/crash.jsp
# The crash happened outside the Java Virtual Machine in native code.
# See problematic frame for where to report the bug.
#

---------------  S U M M A R Y ------------

Command Line: -Dfile.encoding=windows-1252 -Duser.country=US -Duser.language=en -Duser.variant -ea Main

Host: AMD Ryzen 3 1200 Quad-Core Processor           , 4 cores, 15G,  Windows 10 , 64 bit Build 19041 (10.0.19041.1503)
Time: Sat Feb 12 16:16:40 2022 Romance Standard Time elapsed time: 0.544110 seconds (0d 0h 0m 0s)

---------------  T H R E A D  ---------------

Current thread (0x0000022c18fef800):  JavaThread "main" [_thread_in_native, id=7588, stack(0x0000006300d00000,0x0000006300e00000)]

Stack: [0x0000006300d00000,0x0000006300e00000],  sp=0x0000006300dff1d8,  free space=1020k
Native frames: (J=compiled Java code, j=interpreted, Vv=VM code, C=native code)
C  [nvoglv64.dll+0x127dab0]

Java frames: (J=compiled Java code, j=interpreted, Vv=VM code)
j  org.lwjgl.opengl.GL11C.nglTexImage2D(IIIIIIIIJ)V+0
j  org.lwjgl.opengl.GL11C.glTexImage2D(IIIIIIIILjava/nio/ByteBuffer;)V+17
j  org.lwjgl.opengl.GL11.glTexImage2D(IIIIIIIILjava/nio/ByteBuffer;)V+14
j  renderer.Texture.<init>(Ljava/lang/String;)V+559
j  engine.LevelEditorScene.init()V+49
j  engine.Window.changeScene(I)V+41
j  engine.Window.inti()V+162
j  engine.Window.run()V+33
j  Main.main([Ljava/lang/String;)V+5
v  ~StubRoutines::call_stub

siginfo: EXCEPTION_ACCESS_VIOLATION (0xc0000005), reading address 0x0000000000000010


Register to memory mapping:

RIP=0x00007ffaaea2dab0 nvoglv64.dll
RAX=0x0000000000000074 is an unknown value
RBX=0x0000022c3c9c14a8 points into unknown readable memory: 0x0000000000000000 | 00 00 00 00 00 00 00 00
RCX=0x0000022c3c9c14a8 points into unknown readable memory: 0x0000000000000000 | 00 00 00 00 00 00 00 00
RDX=0xfffffdd3c363eb68 is an unknown value
RSP=0x0000006300dff1d8 is pointing into the stack for thread: 0x0000022c18fef800
RBP=0x0000000000000010 is an unknown value
RSI=0x0000000000000064 is an unknown value
RDI=0x0000022c3d4f7080 points into unknown readable memory: 0x0000000000000000 | 00 00 00 00 00 00 00 00
R8 =0x0000000000000064 is an unknown value
R9 =0x0 is NULL
R10=0x0000000000000010 is an unknown value
R11=0x0000022c3c9c14a8 points into unknown readable memory: 0x0000000000000000 | 00 00 00 00 00 00 00 00
R12=0x0000000000001400 is an unknown value
R13=0x0000000000001908 is an unknown value
R14=0x0000000000000005 is an unknown value
R15=0x0000000000000de1 is an unknown value


Registers:
RAX=0x0000000000000074, RBX=0x0000022c3c9c14a8, RCX=0x0000022c3c9c14a8, RDX=0xfffffdd3c363eb68
RSP=0x0000006300dff1d8, RBP=0x0000000000000010, RSI=0x0000000000000064, RDI=0x0000022c3d4f7080
R8 =0x0000000000000064, R9 =0x0000000000000000, R10=0x0000000000000010, R11=0x0000022c3c9c14a8
R12=0x0000000000001400, R13=0x0000000000001908, R14=0x0000000000000005, R15=0x0000000000000de1
RIP=0x00007ffaaea2dab0, EFLAGS=0x0000000000010287

Top of Stack: (sp=0x0000006300dff1d8)
0x0000006300dff1d8:   00007ffaae081b9f 0000000000000000
0x0000006300dff1e8:   0000000000000000 0000000000000000
0x0000006300dff1f8:   0000000000000000 0000000000000000
0x0000006300dff208:   0000000000001908 0000000000001400
0x0000006300dff218:   0000000000000010 0000000000000064
0x0000006300dff228:   0000000000000000 0000022c18fef800
0x0000006300dff238:   0000006300dff458 0000022c3be44d58
0x0000006300dff248:   0000000000000000 0000000000001908
0x0000006300dff258:   0000000000000000 0000000000000de1
0x0000006300dff268:   00007ffafae7601a 0000000000000005
0x0000006300dff278:   0000006000000000 0000022c00001908
0x0000006300dff288:   0000006300dff458 0000000000000005
0x0000006300dff298:   0000000000000000 0000000000001908
0x0000006300dff2a8:   0000022c00001400 0000000000000010
0x0000006300dff2b8:   00007ffafcc6e272 0000000000000110
0x0000006300dff2c8:   00007ffb07c7cb35 0000000000000de1 

Instructions: (pc=0x00007ffaaea2dab0)
0x00007ffaaea2d9b0:   4c 8b 02 8b 4a 08 4c 89 00 89 48 08 c3 0f 1f 00
0x00007ffaaea2d9c0:   4c 8b 02 8b 4a 08 44 0f b7 4a 0c 4c 89 00 89 48
0x00007ffaaea2d9d0:   08 66 44 89 48 0c c3 66 0f 1f 84 00 00 00 00 00
0x00007ffaaea2d9e0:   4c 8b 02 8b 4a 08 44 0f b7 4a 0c 44 0f b6 52 0e
0x00007ffaaea2d9f0:   4c 89 00 89 48 08 66 44 89 48 0c 44 88 50 0e c3
0x00007ffaaea2da00:   0f 10 04 11 4c 03 c1 48 83 c1 10 41 f6 c3 0f 74
0x00007ffaaea2da10:   13 0f 28 c8 48 83 e1 f0 0f 10 04 11 48 83 c1 10
0x00007ffaaea2da20:   41 0f 11 0b 4c 2b c1 4d 8b c8 49 c1 e9 07 0f 84
0x00007ffaaea2da30:   88 00 00 00 0f 29 41 f0 4c 3b 0d 39 86 a4 01 76
0x00007ffaaea2da40:   17 e9 c2 00 00 00 66 66 0f 1f 84 00 00 00 00 00
0x00007ffaaea2da50:   0f 29 41 e0 0f 29 49 f0 0f 10 04 11 0f 10 4c 11
0x00007ffaaea2da60:   10 48 81 c1 80 00 00 00 0f 29 41 80 0f 29 49 90
0x00007ffaaea2da70:   0f 10 44 11 a0 0f 10 4c 11 b0 49 ff c9 0f 29 41
0x00007ffaaea2da80:   a0 0f 29 49 b0 0f 10 44 11 c0 0f 10 4c 11 d0 0f
0x00007ffaaea2da90:   29 41 c0 0f 29 49 d0 0f 10 44 11 e0 0f 10 4c 11
0x00007ffaaea2daa0:   f0 75 ad 0f 29 41 e0 49 83 e0 7f 0f 28 c1 eb 0c
0x00007ffaaea2dab0:   0f 10 04 11 48 83 c1 10 49 83 e8 10 4d 8b c8 49
0x00007ffaaea2dac0:   c1 e9 04 74 1c 66 66 66 0f 1f 84 00 00 00 00 00
0x00007ffaaea2dad0:   0f 11 41 f0 0f 10 04 11 48 83 c1 10 49 ff c9 75
0x00007ffaaea2dae0:   ef 49 83 e0 0f 74 0d 4a 8d 04 01 0f 10 4c 10 f0
0x00007ffaaea2daf0:   0f 11 48 f0 0f 11 41 f0 49 8b c3 c3 0f 1f 40 00
0x00007ffaaea2db00:   0f 2b 41 e0 0f 2b 49 f0 0f 18 84 11 00 02 00 00
0x00007ffaaea2db10:   0f 10 04 11 0f 10 4c 11 10 48 81 c1 80 00 00 00
0x00007ffaaea2db20:   0f 2b 41 80 0f 2b 49 90 0f 10 44 11 a0 0f 10 4c
0x00007ffaaea2db30:   11 b0 49 ff c9 0f 2b 41 a0 0f 2b 49 b0 0f 10 44
0x00007ffaaea2db40:   11 c0 0f 10 4c 11 d0 0f 18 84 11 40 02 00 00 0f
0x00007ffaaea2db50:   2b 41 c0 0f 2b 49 d0 0f 10 44 11 e0 0f 10 4c 11
0x00007ffaaea2db60:   f0 75 9d 0f ae f8 e9 38 ff ff ff 0f 1f 44 00 00
0x00007ffaaea2db70:   49 03 c8 0f 10 44 11 f0 48 83 e9 10 49 83 e8 10
0x00007ffaaea2db80:   f6 c1 0f 74 17 48 8b c1 48 83 e1 f0 0f 10 c8 0f
0x00007ffaaea2db90:   10 04 11 0f 11 08 4c 8b c1 4d 2b c3 4d 8b c8 49
0x00007ffaaea2dba0:   c1 e9 07 74 68 0f 29 01 eb 0d 66 0f 1f 44 00 00 


Stack slot to memory mapping:
stack at sp + 0 slots: 0x00007ffaae081b9f nvoglv64.dll
stack at sp + 1 slots: 0x0 is NULL
stack at sp + 2 slots: 0x0 is NULL
stack at sp + 3 slots: 0x0 is NULL
stack at sp + 4 slots: 0x0 is NULL
stack at sp + 5 slots: 0x0 is NULL
stack at sp + 6 slots: 0x0000000000001908 is an unknown value
stack at sp + 7 slots: 0x0000000000001400 is an unknown value


---------------  P R O C E S S  ---------------

Threads class SMR info:
_java_thread_list=0x0000022c3c118d00, length=12, elements={
0x0000022c18fef800, 0x0000022c3b463330, 0x0000022c3b4655b0, 0x0000022c3b47b260,
0x0000022c3b47cb30, 0x0000022c3b47f4f0, 0x0000022c3b4a43c0, 0x0000022c3b4ad560,
0x0000022c3b4ae000, 0x0000022c3b4b91d0, 0x0000022c3c10a5e0, 0x0000022c3c10aab0
}

Java Threads: ( => current thread )
=>0x0000022c18fef800 JavaThread "main" [_thread_in_native, id=7588, stack(0x0000006300d00000,0x0000006300e00000)]
  0x0000022c3b463330 JavaThread "Reference Handler" daemon [_thread_blocked, id=6500, stack(0x0000006301400000,0x0000006301500000)]
  0x0000022c3b4655b0 JavaThread "Finalizer" daemon [_thread_blocked, id=13360, stack(0x0000006301500000,0x0000006301600000)]
  0x0000022c3b47b260 JavaThread "Signal Dispatcher" daemon [_thread_blocked, id=5028, stack(0x0000006301600000,0x0000006301700000)]
  0x0000022c3b47cb30 JavaThread "Attach Listener" daemon [_thread_blocked, id=5368, stack(0x0000006301700000,0x0000006301800000)]
  0x0000022c3b47f4f0 JavaThread "Service Thread" daemon [_thread_blocked, id=17940, stack(0x0000006301800000,0x0000006301900000)]
  0x0000022c3b4a43c0 JavaThread "Monitor Deflation Thread" daemon [_thread_blocked, id=19368, stack(0x0000006301900000,0x0000006301a00000)]
  0x0000022c3b4ad560 JavaThread "C2 CompilerThread0" daemon [_thread_blocked, id=9532, stack(0x0000006301a00000,0x0000006301b00000)]
  0x0000022c3b4ae000 JavaThread "C1 CompilerThread0" daemon [_thread_blocked, id=696, stack(0x0000006301b00000,0x0000006301c00000)]
  0x0000022c3b4b91d0 JavaThread "Sweeper thread" daemon [_thread_blocked, id=3764, stack(0x0000006301c00000,0x0000006301d00000)]
  0x0000022c3c10a5e0 JavaThread "Notification Thread" daemon [_thread_blocked, id=12888, stack(0x0000006301d00000,0x0000006301e00000)]
  0x0000022c3c10aab0 JavaThread "Common-Cleaner" daemon [_thread_blocked, id=18868, stack(0x0000006301f00000,0x0000006302000000)]

Other Threads:
  0x0000022c3b45ee80 VMThread "VM Thread" [stack: 0x0000006301300000,0x0000006301400000] [id=2136]
  0x0000022c3c1118a0 WatcherThread [stack: 0x0000006301e00000,0x0000006301f00000] [id=5496]
  0x0000022c1903cfb0 GCTaskThread "GC Thread#0" [stack: 0x0000006300e00000,0x0000006300f00000] [id=9560]
  0x0000022c1904ee40 ConcurrentGCThread "G1 Main Marker" [stack: 0x0000006300f00000,0x0000006301000000] [id=12048]
  0x0000022c1904fff0 ConcurrentGCThread "G1 Conc#0" [stack: 0x0000006301000000,0x0000006301100000] [id=1092]
  0x0000022c190b7520 ConcurrentGCThread "G1 Refine#0" [stack: 0x0000006301100000,0x0000006301200000] [id=5668]
  0x0000022c3b3320c0 ConcurrentGCThread "G1 Service" [stack: 0x0000006301200000,0x0000006301300000] [id=9056]

Threads with active compile tasks:

VM state: not at safepoint (normal execution)

VM Mutex/Monitor currently owned by a thread: None

Heap address: 0x0000000700c00000, size: 4084 MB, Compressed Oops mode: Zero based, Oop shift amount: 3

CDS archive(s) mapped at: [0x0000000800000000-0x0000000800bc0000-0x0000000800bc0000), size 12320768, SharedBaseAddress: 0x0000000800000000, ArchiveRelocationMode: 0.
Compressed class space mapped at: 0x0000000800c00000-0x0000000840c00000, reserved size: 1073741824
Narrow klass base: 0x0000000800000000, Narrow klass shift: 0, Narrow klass range: 0x100000000

GC Precious Log:
 CPUs: 4 total, 4 available
 Memory: 16335M
 Large Page Support: Disabled
 NUMA Support: Disabled
 Compressed Oops: Enabled (Zero based)
 Heap Region Size: 2M
 Heap Min Capacity: 8M
 Heap Initial Capacity: 256M
 Heap Max Capacity: 4084M
 Pre-touch: Disabled
 Parallel Workers: 4
 Concurrent Workers: 1
 Concurrent Refinement Workers: 4
 Periodic GC: Disabled

Heap:
 garbage-first heap   total 262144K, used 6144K [0x0000000700c00000, 0x0000000800000000)
  region size 2048K, 5 young (10240K), 0 survivors (0K)
 Metaspace       used 3674K, committed 3904K, reserved 1056768K
  class space    used 194K, committed 320K, reserved 1048576K

Heap Regions: E=young(eden), S=young(survivor), O=old, HS=humongous(starts), HC=humongous(continues), CS=collection set, F=free, OA=open archive, CA=closed archive, TAMS=top-at-mark-start (previous, next)
|   0|0x0000000700c00000, 0x0000000700c00000, 0x0000000700e00000|  0%| F|  |TAMS 0x0000000700c00000, 0x0000000700c00000| Untracked 
|   1|0x0000000700e00000, 0x0000000700e00000, 0x0000000701000000|  0%| F|  |TAMS 0x0000000700e00000, 0x0000000700e00000| Untracked 
|   2|0x0000000701000000, 0x0000000701000000, 0x0000000701200000|  0%| F|  |TAMS 0x0000000701000000, 0x0000000701000000| Untracked 
|   3|0x0000000701200000, 0x0000000701200000, 0x0000000701400000|  0%| F|  |TAMS 0x0000000701200000, 0x0000000701200000| Untracked 
|   4|0x0000000701400000, 0x0000000701400000, 0x0000000701600000|  0%| F|  |TAMS 0x0000000701400000, 0x0000000701400000| Untracked 
|   5|0x0000000701600000, 0x0000000701600000, 0x0000000701800000|  0%| F|  |TAMS 0x0000000701600000, 0x0000000701600000| Untracked 
|   6|0x0000000701800000, 0x0000000701800000, 0x0000000701a00000|  0%| F|  |TAMS 0x0000000701800000, 0x0000000701800000| Untracked 
|   7|0x0000000701a00000, 0x0000000701a00000, 0x0000000701c00000|  0%| F|  |TAMS 0x0000000701a00000, 0x0000000701a00000| Untracked 
|   8|0x0000000701c00000, 0x0000000701c00000, 0x0000000701e00000|  0%| F|  |TAMS 0x0000000701c00000, 0x0000000701c00000| Untracked 
|   9|0x0000000701e00000, 0x0000000701e00000, 0x0000000702000000|  0%| F|  |TAMS 0x0000000701e00000, 0x0000000701e00000| Untracked 
|  10|0x0000000702000000, 0x0000000702000000, 0x0000000702200000|  0%| F|  |TAMS 0x0000000702000000, 0x0000000702000000| Untracked 
|  11|0x0000000702200000, 0x0000000702200000, 0x0000000702400000|  0%| F|  |TAMS 0x0000000702200000, 0x0000000702200000| Untracked 
|  12|0x0000000702400000, 0x0000000702400000, 0x0000000702600000|  0%| F|  |TAMS 0x0000000702400000, 0x0000000702400000| Untracked 
|  13|0x0000000702600000, 0x0000000702600000, 0x0000000702800000|  0%| F|  |TAMS 0x0000000702600000, 0x0000000702600000| Untracked 
|  14|0x0000000702800000, 0x0000000702800000, 0x0000000702a00000|  0%| F|  |TAMS 0x0000000702800000, 0x0000000702800000| Untracked 
|  15|0x0000000702a00000, 0x0000000702a00000, 0x0000000702c00000|  0%| F|  |TAMS 0x0000000702a00000, 0x0000000702a00000| Untracked 
|  16|0x0000000702c00000, 0x0000000702c00000, 0x0000000702e00000|  0%| F|  |TAMS 0x0000000702c00000, 0x0000000702c00000| Untracked 
|  17|0x0000000702e00000, 0x0000000702e00000, 0x0000000703000000|  0%| F|  |TAMS 0x0000000702e00000, 0x0000000702e00000| Untracked 
|  18|0x0000000703000000, 0x0000000703000000, 0x0000000703200000|  0%| F|  |TAMS 0x0000000703000000, 0x0000000703000000| Untracked 
|  19|0x0000000703200000, 0x0000000703200000, 0x0000000703400000|  0%| F|  |TAMS 0x0000000703200000, 0x0000000703200000| Untracked 
|  20|0x0000000703400000, 0x0000000703400000, 0x0000000703600000|  0%| F|  |TAMS 0x0000000703400000, 0x0000000703400000| Untracked 
|  21|0x0000000703600000, 0x0000000703600000, 0x0000000703800000|  0%| F|  |TAMS 0x0000000703600000, 0x0000000703600000| Untracked 
|  22|0x0000000703800000, 0x0000000703800000, 0x0000000703a00000|  0%| F|  |TAMS 0x0000000703800000, 0x0000000703800000| Untracked 
|  23|0x0000000703a00000, 0x0000000703a00000, 0x0000000703c00000|  0%| F|  |TAMS 0x0000000703a00000, 0x0000000703a00000| Untracked 
|  24|0x0000000703c00000, 0x0000000703c00000, 0x0000000703e00000|  0%| F|  |TAMS 0x0000000703c00000, 0x0000000703c00000| Untracked 
|  25|0x0000000703e00000, 0x0000000703e00000, 0x0000000704000000|  0%| F|  |TAMS 0x0000000703e00000, 0x0000000703e00000| Untracked 
|  26|0x0000000704000000, 0x0000000704000000, 0x0000000704200000|  0%| F|  |TAMS 0x0000000704000000, 0x0000000704000000| Untracked 
|  27|0x0000000704200000, 0x0000000704200000, 0x0000000704400000|  0%| F|  |TAMS 0x0000000704200000, 0x0000000704200000| Untracked 
|  28|0x0000000704400000, 0x0000000704400000, 0x0000000704600000|  0%| F|  |TAMS 0x0000000704400000, 0x0000000704400000| Untracked 
|  29|0x0000000704600000, 0x0000000704600000, 0x0000000704800000|  0%| F|  |TAMS 0x0000000704600000, 0x0000000704600000| Untracked 
|  30|0x0000000704800000, 0x0000000704800000, 0x0000000704a00000|  0%| F|  |TAMS 0x0000000704800000, 0x0000000704800000| Untracked 
|  31|0x0000000704a00000, 0x0000000704a00000, 0x0000000704c00000|  0%| F|  |TAMS 0x0000000704a00000, 0x0000000704a00000| Untracked 
|  32|0x0000000704c00000, 0x0000000704c00000, 0x0000000704e00000|  0%| F|  |TAMS 0x0000000704c00000, 0x0000000704c00000| Untracked 
|  33|0x0000000704e00000, 0x0000000704e00000, 0x0000000705000000|  0%| F|  |TAMS 0x0000000704e00000, 0x0000000704e00000| Untracked 
|  34|0x0000000705000000, 0x0000000705000000, 0x0000000705200000|  0%| F|  |TAMS 0x0000000705000000, 0x0000000705000000| Untracked 
|  35|0x0000000705200000, 0x0000000705200000, 0x0000000705400000|  0%| F|  |TAMS 0x0000000705200000, 0x0000000705200000| Untracked 
|  36|0x0000000705400000, 0x0000000705400000, 0x0000000705600000|  0%| F|  |TAMS 0x0000000705400000, 0x0000000705400000| Untracked 
|  37|0x0000000705600000, 0x0000000705600000, 0x0000000705800000|  0%| F|  |TAMS 0x0000000705600000, 0x0000000705600000| Untracked 
|  38|0x0000000705800000, 0x0000000705800000, 0x0000000705a00000|  0%| F|  |TAMS 0x0000000705800000, 0x0000000705800000| Untracked 
|  39|0x0000000705a00000, 0x0000000705a00000, 0x0000000705c00000|  0%| F|  |TAMS 0x0000000705a00000, 0x0000000705a00000| Untracked 
|  40|0x0000000705c00000, 0x0000000705c00000, 0x0000000705e00000|  0%| F|  |TAMS 0x0000000705c00000, 0x0000000705c00000| Untracked 
|  41|0x0000000705e00000, 0x0000000705e00000, 0x0000000706000000|  0%| F|  |TAMS 0x0000000705e00000, 0x0000000705e00000| Untracked 
|  42|0x0000000706000000, 0x0000000706000000, 0x0000000706200000|  0%| F|  |TAMS 0x0000000706000000, 0x0000000706000000| Untracked 
|  43|0x0000000706200000, 0x0000000706200000, 0x0000000706400000|  0%| F|  |TAMS 0x0000000706200000, 0x0000000706200000| Untracked 
|  44|0x0000000706400000, 0x0000000706400000, 0x0000000706600000|  0%| F|  |TAMS 0x0000000706400000, 0x0000000706400000| Untracked 
|  45|0x0000000706600000, 0x0000000706600000, 0x0000000706800000|  0%| F|  |TAMS 0x0000000706600000, 0x0000000706600000| Untracked 
|  46|0x0000000706800000, 0x0000000706800000, 0x0000000706a00000|  0%| F|  |TAMS 0x0000000706800000, 0x0000000706800000| Untracked 
|  47|0x0000000706a00000, 0x0000000706a00000, 0x0000000706c00000|  0%| F|  |TAMS 0x0000000706a00000, 0x0000000706a00000| Untracked 
|  48|0x0000000706c00000, 0x0000000706c00000, 0x0000000706e00000|  0%| F|  |TAMS 0x0000000706c00000, 0x0000000706c00000| Untracked 
|  49|0x0000000706e00000, 0x0000000706e00000, 0x0000000707000000|  0%| F|  |TAMS 0x0000000706e00000, 0x0000000706e00000| Untracked 
|  50|0x0000000707000000, 0x0000000707000000, 0x0000000707200000|  0%| F|  |TAMS 0x0000000707000000, 0x0000000707000000| Untracked 
|  51|0x0000000707200000, 0x0000000707200000, 0x0000000707400000|  0%| F|  |TAMS 0x0000000707200000, 0x0000000707200000| Untracked 
|  52|0x0000000707400000, 0x0000000707400000, 0x0000000707600000|  0%| F|  |TAMS 0x0000000707400000, 0x0000000707400000| Untracked 
|  53|0x0000000707600000, 0x0000000707600000, 0x0000000707800000|  0%| F|  |TAMS 0x0000000707600000, 0x0000000707600000| Untracked 
|  54|0x0000000707800000, 0x0000000707800000, 0x0000000707a00000|  0%| F|  |TAMS 0x0000000707800000, 0x0000000707800000| Untracked 
|  55|0x0000000707a00000, 0x0000000707a00000, 0x0000000707c00000|  0%| F|  |TAMS 0x0000000707a00000, 0x0000000707a00000| Untracked 
|  56|0x0000000707c00000, 0x0000000707c00000, 0x0000000707e00000|  0%| F|  |TAMS 0x0000000707c00000, 0x0000000707c00000| Untracked 
|  57|0x0000000707e00000, 0x0000000707e00000, 0x0000000708000000|  0%| F|  |TAMS 0x0000000707e00000, 0x0000000707e00000| Untracked 
|  58|0x0000000708000000, 0x0000000708000000, 0x0000000708200000|  0%| F|  |TAMS 0x0000000708000000, 0x0000000708000000| Untracked 
|  59|0x0000000708200000, 0x0000000708200000, 0x0000000708400000|  0%| F|  |TAMS 0x0000000708200000, 0x0000000708200000| Untracked 
|  60|0x0000000708400000, 0x0000000708400000, 0x0000000708600000|  0%| F|  |TAMS 0x0000000708400000, 0x0000000708400000| Untracked 
|  61|0x0000000708600000, 0x0000000708600000, 0x0000000708800000|  0%| F|  |TAMS 0x0000000708600000, 0x0000000708600000| Untracked 
|  62|0x0000000708800000, 0x0000000708800000, 0x0000000708a00000|  0%| F|  |TAMS 0x0000000708800000, 0x0000000708800000| Untracked 
|  63|0x0000000708a00000, 0x0000000708a00000, 0x0000000708c00000|  0%| F|  |TAMS 0x0000000708a00000, 0x0000000708a00000| Untracked 
|  64|0x0000000708c00000, 0x0000000708c00000, 0x0000000708e00000|  0%| F|  |TAMS 0x0000000708c00000, 0x0000000708c00000| Untracked 
|  65|0x0000000708e00000, 0x0000000708e00000, 0x0000000709000000|  0%| F|  |TAMS 0x0000000708e00000, 0x0000000708e00000| Untracked 
|  66|0x0000000709000000, 0x0000000709000000, 0x0000000709200000|  0%| F|  |TAMS 0x0000000709000000, 0x0000000709000000| Untracked 
|  67|0x0000000709200000, 0x0000000709200000, 0x0000000709400000|  0%| F|  |TAMS 0x0000000709200000, 0x0000000709200000| Untracked 
|  68|0x0000000709400000, 0x0000000709400000, 0x0000000709600000|  0%| F|  |TAMS 0x0000000709400000, 0x0000000709400000| Untracked 
|  69|0x0000000709600000, 0x0000000709600000, 0x0000000709800000|  0%| F|  |TAMS 0x0000000709600000, 0x0000000709600000| Untracked 
|  70|0x0000000709800000, 0x0000000709800000, 0x0000000709a00000|  0%| F|  |TAMS 0x0000000709800000, 0x0000000709800000| Untracked 
|  71|0x0000000709a00000, 0x0000000709a00000, 0x0000000709c00000|  0%| F|  |TAMS 0x0000000709a00000, 0x0000000709a00000| Untracked 
|  72|0x0000000709c00000, 0x0000000709c00000, 0x0000000709e00000|  0%| F|  |TAMS 0x0000000709c00000, 0x0000000709c00000| Untracked 
|  73|0x0000000709e00000, 0x0000000709e00000, 0x000000070a000000|  0%| F|  |TAMS 0x0000000709e00000, 0x0000000709e00000| Untracked 
|  74|0x000000070a000000, 0x000000070a000000, 0x000000070a200000|  0%| F|  |TAMS 0x000000070a000000, 0x000000070a000000| Untracked 
|  75|0x000000070a200000, 0x000000070a200000, 0x000000070a400000|  0%| F|  |TAMS 0x000000070a200000, 0x000000070a200000| Untracked 
|  76|0x000000070a400000, 0x000000070a400000, 0x000000070a600000|  0%| F|  |TAMS 0x000000070a400000, 0x000000070a400000| Untracked 
|  77|0x000000070a600000, 0x000000070a600000, 0x000000070a800000|  0%| F|  |TAMS 0x000000070a600000, 0x000000070a600000| Untracked 
|  78|0x000000070a800000, 0x000000070a800000, 0x000000070aa00000|  0%| F|  |TAMS 0x000000070a800000, 0x000000070a800000| Untracked 
|  79|0x000000070aa00000, 0x000000070aa00000, 0x000000070ac00000|  0%| F|  |TAMS 0x000000070aa00000, 0x000000070aa00000| Untracked 
|  80|0x000000070ac00000, 0x000000070ac00000, 0x000000070ae00000|  0%| F|  |TAMS 0x000000070ac00000, 0x000000070ac00000| Untracked 
|  81|0x000000070ae00000, 0x000000070ae00000, 0x000000070b000000|  0%| F|  |TAMS 0x000000070ae00000, 0x000000070ae00000| Untracked 
|  82|0x000000070b000000, 0x000000070b000000, 0x000000070b200000|  0%| F|  |TAMS 0x000000070b000000, 0x000000070b000000| Untracked 
|  83|0x000000070b200000, 0x000000070b200000, 0x000000070b400000|  0%| F|  |TAMS 0x000000070b200000, 0x000000070b200000| Untracked 
|  84|0x000000070b400000, 0x000000070b400000, 0x000000070b600000|  0%| F|  |TAMS 0x000000070b400000, 0x000000070b400000| Untracked 
|  85|0x000000070b600000, 0x000000070b600000, 0x000000070b800000|  0%| F|  |TAMS 0x000000070b600000, 0x000000070b600000| Untracked 
|  86|0x000000070b800000, 0x000000070b800000, 0x000000070ba00000|  0%| F|  |TAMS 0x000000070b800000, 0x000000070b800000| Untracked 
|  87|0x000000070ba00000, 0x000000070ba00000, 0x000000070bc00000|  0%| F|  |TAMS 0x000000070ba00000, 0x000000070ba00000| Untracked 
|  88|0x000000070bc00000, 0x000000070bc00000, 0x000000070be00000|  0%| F|  |TAMS 0x000000070bc00000, 0x000000070bc00000| Untracked 
|  89|0x000000070be00000, 0x000000070be00000, 0x000000070c000000|  0%| F|  |TAMS 0x000000070be00000, 0x000000070be00000| Untracked 
|  90|0x000000070c000000, 0x000000070c000000, 0x000000070c200000|  0%| F|  |TAMS 0x000000070c000000, 0x000000070c000000| Untracked 
|  91|0x000000070c200000, 0x000000070c200000, 0x000000070c400000|  0%| F|  |TAMS 0x000000070c200000, 0x000000070c200000| Untracked 
|  92|0x000000070c400000, 0x000000070c400000, 0x000000070c600000|  0%| F|  |TAMS 0x000000070c400000, 0x000000070c400000| Untracked 
|  93|0x000000070c600000, 0x000000070c600000, 0x000000070c800000|  0%| F|  |TAMS 0x000000070c600000, 0x000000070c600000| Untracked 
|  94|0x000000070c800000, 0x000000070c800000, 0x000000070ca00000|  0%| F|  |TAMS 0x000000070c800000, 0x000000070c800000| Untracked 
|  95|0x000000070ca00000, 0x000000070ca00000, 0x000000070cc00000|  0%| F|  |TAMS 0x000000070ca00000, 0x000000070ca00000| Untracked 
|  96|0x000000070cc00000, 0x000000070cc00000, 0x000000070ce00000|  0%| F|  |TAMS 0x000000070cc00000, 0x000000070cc00000| Untracked 
|  97|0x000000070ce00000, 0x000000070ce00000, 0x000000070d000000|  0%| F|  |TAMS 0x000000070ce00000, 0x000000070ce00000| Untracked 
|  98|0x000000070d000000, 0x000000070d000000, 0x000000070d200000|  0%| F|  |TAMS 0x000000070d000000, 0x000000070d000000| Untracked 
|  99|0x000000070d200000, 0x000000070d200000, 0x000000070d400000|  0%| F|  |TAMS 0x000000070d200000, 0x000000070d200000| Untracked 
| 100|0x000000070d400000, 0x000000070d400000, 0x000000070d600000|  0%| F|  |TAMS 0x000000070d400000, 0x000000070d400000| Untracked 
| 101|0x000000070d600000, 0x000000070d600000, 0x000000070d800000|  0%| F|  |TAMS 0x000000070d600000, 0x000000070d600000| Untracked 
| 102|0x000000070d800000, 0x000000070d800000, 0x000000070da00000|  0%| F|  |TAMS 0x000000070d800000, 0x000000070d800000| Untracked 
| 103|0x000000070da00000, 0x000000070da00000, 0x000000070dc00000|  0%| F|  |TAMS 0x000000070da00000, 0x000000070da00000| Untracked 
| 104|0x000000070dc00000, 0x000000070dc00000, 0x000000070de00000|  0%| F|  |TAMS 0x000000070dc00000, 0x000000070dc00000| Untracked 
| 105|0x000000070de00000, 0x000000070de00000, 0x000000070e000000|  0%| F|  |TAMS 0x000000070de00000, 0x000000070de00000| Untracked 
| 106|0x000000070e000000, 0x000000070e000000, 0x000000070e200000|  0%| F|  |TAMS 0x000000070e000000, 0x000000070e000000| Untracked 
| 107|0x000000070e200000, 0x000000070e200000, 0x000000070e400000|  0%| F|  |TAMS 0x000000070e200000, 0x000000070e200000| Untracked 
| 108|0x000000070e400000, 0x000000070e400000, 0x000000070e600000|  0%| F|  |TAMS 0x000000070e400000, 0x000000070e400000| Untracked 
| 109|0x000000070e600000, 0x000000070e600000, 0x000000070e800000|  0%| F|  |TAMS 0x000000070e600000, 0x000000070e600000| Untracked 
| 110|0x000000070e800000, 0x000000070e800000, 0x000000070ea00000|  0%| F|  |TAMS 0x000000070e800000, 0x000000070e800000| Untracked 
| 111|0x000000070ea00000, 0x000000070ea00000, 0x000000070ec00000|  0%| F|  |TAMS 0x000000070ea00000, 0x000000070ea00000| Untracked 
| 112|0x000000070ec00000, 0x000000070ec00000, 0x000000070ee00000|  0%| F|  |TAMS 0x000000070ec00000, 0x000000070ec00000| Untracked 
| 113|0x000000070ee00000, 0x000000070ee00000, 0x000000070f000000|  0%| F|  |TAMS 0x000000070ee00000, 0x000000070ee00000| Untracked 
| 114|0x000000070f000000, 0x000000070f000000, 0x000000070f200000|  0%| F|  |TAMS 0x000000070f000000, 0x000000070f000000| Untracked 
| 115|0x000000070f200000, 0x000000070f200000, 0x000000070f400000|  0%| F|  |TAMS 0x000000070f200000, 0x000000070f200000| Untracked 
| 116|0x000000070f400000, 0x000000070f400000, 0x000000070f600000|  0%| F|  |TAMS 0x000000070f400000, 0x000000070f400000| Untracked 
| 117|0x000000070f600000, 0x000000070f600000, 0x000000070f800000|  0%| F|  |TAMS 0x000000070f600000, 0x000000070f600000| Untracked 
| 118|0x000000070f800000, 0x000000070f800000, 0x000000070fa00000|  0%| F|  |TAMS 0x000000070f800000, 0x000000070f800000| Untracked 
| 119|0x000000070fa00000, 0x000000070fa00000, 0x000000070fc00000|  0%| F|  |TAMS 0x000000070fa00000, 0x000000070fa00000| Untracked 
| 120|0x000000070fc00000, 0x000000070fc00000, 0x000000070fe00000|  0%| F|  |TAMS 0x000000070fc00000, 0x000000070fc00000| Untracked 
| 121|0x000000070fe00000, 0x000000070fe00000, 0x0000000710000000|  0%| F|  |TAMS 0x000000070fe00000, 0x000000070fe00000| Untracked 
| 122|0x0000000710000000, 0x0000000710000000, 0x0000000710200000|  0%| F|  |TAMS 0x0000000710000000, 0x0000000710000000| Untracked 
| 123|0x0000000710200000, 0x0000000710246dc0, 0x0000000710400000| 13%| E|  |TAMS 0x0000000710200000, 0x0000000710200000| Complete 
| 124|0x0000000710400000, 0x0000000710600000, 0x0000000710600000|100%| E|CS|TAMS 0x0000000710400000, 0x0000000710400000| Complete 
| 125|0x0000000710600000, 0x0000000710800000, 0x0000000710800000|100%| E|  |TAMS 0x0000000710600000, 0x0000000710600000| Complete 
| 126|0x0000000710800000, 0x0000000710a00000, 0x0000000710a00000|100%| E|CS|TAMS 0x0000000710800000, 0x0000000710800000| Complete 
| 127|0x0000000710a00000, 0x0000000710c00000, 0x0000000710c00000|100%| E|CS|TAMS 0x0000000710a00000, 0x0000000710a00000| Complete 

Card table byte_map: [0x0000022c30000000,0x0000022c30800000] _byte_map_base: 0x0000022c2c7fa000

Marking Bits (Prev, Next): (CMBitMap*) 0x0000022c1903e5d0, (CMBitMap*) 0x0000022c1903e610
 Prev Bits: [0x0000022c31000000, 0x0000022c34fd0000)
 Next Bits: [0x0000022c34fd0000, 0x0000022c38fa0000)

Polling page: 0x0000022c16ff0000

Metaspace:

Usage:
  Non-class:      3.40 MB used.
      Class:    194.55 KB used.
       Both:      3.59 MB used.

Virtual space:
  Non-class space:        8.00 MB reserved,       3.50 MB ( 44%) committed,  1 nodes.
      Class space:        1.00 GB reserved,     320.00 KB ( <1%) committed,  1 nodes.
             Both:        1.01 GB reserved,       3.81 MB ( <1%) committed. 

Chunk freelists:
   Non-Class:  1.67 MB
       Class:  3.61 MB
        Both:  5.28 MB

MaxMetaspaceSize: unlimited
CompressedClassSpaceSize: 1.00 GB
Initial GC threshold: 21.00 MB
Current GC threshold: 21.00 MB
CDS: on
MetaspaceReclaimPolicy: balanced
 - commit_granule_bytes: 65536.
 - commit_granule_words: 8192.
 - virtual_space_node_default_size: 1048576.
 - enlarge_chunks_in_place: 1.
 - new_chunks_are_fully_committed: 0.
 - uncommit_free_chunks: 1.
 - use_allocation_guard: 0.
 - handle_deallocations: 1.


Internal statistics:

num_allocs_failed_limit: 0.
num_arena_births: 74.
num_arena_deaths: 0.
num_vsnodes_births: 2.
num_vsnodes_deaths: 0.
num_space_committed: 59.
num_space_uncommitted: 0.
num_chunks_returned_to_freelist: 0.
num_chunks_taken_from_freelist: 181.
num_chunk_merges: 0.
num_chunk_splits: 117.
num_chunks_enlarged: 82.
num_purges: 0.
num_inconsistent_stats: 0.

CodeHeap 'non-profiled nmethods': size=120000Kb used=177Kb max_used=177Kb free=119822Kb
 bounds [0x0000022c282d0000, 0x0000022c28540000, 0x0000022c2f800000]
CodeHeap 'profiled nmethods': size=120000Kb used=865Kb max_used=865Kb free=119134Kb
 bounds [0x0000022c20da0000, 0x0000022c21010000, 0x0000022c282d0000]
CodeHeap 'non-nmethods': size=5760Kb used=1553Kb max_used=1568Kb free=4206Kb
 bounds [0x0000022c20800000, 0x0000022c20a70000, 0x0000022c20da0000]
 total_blobs=1559 nmethods=590 adapters=882
 compilation: enabled
              stopped_count=0, restarted_count=0
 full_count=0

Compilation events (20 events):
Event: 0.526 Thread 0x0000022c3b4ae000 nmethod 578 0x0000022c282fa910 code [0x0000022c282faaa0, 0x0000022c282fab78]
Event: 0.526 Thread 0x0000022c3b4ae000  579       3       java.util.zip.ZipUtils::CENSIZ (9 bytes)
Event: 0.526 Thread 0x0000022c3b4ae000 nmethod 579 0x0000022c20e71290 code [0x0000022c20e71440, 0x0000022c20e71718]
Event: 0.526 Thread 0x0000022c3b4ae000  580       3       java.lang.StringConcatHelper::initialCoder (14 bytes)
Event: 0.527 Thread 0x0000022c3b4ae000 nmethod 580 0x0000022c20e71890 code [0x0000022c20e71a20, 0x0000022c20e71b38]
Event: 0.527 Thread 0x0000022c3b4ae000  581       3       java.lang.String::concat (15 bytes)
Event: 0.528 Thread 0x0000022c3b4ae000 nmethod 581 0x0000022c20e71b90 code [0x0000022c20e71ec0, 0x0000022c20e73358]
Event: 0.528 Thread 0x0000022c3b4ae000  582       3       java.lang.StringConcatHelper::simpleConcat (94 bytes)
Event: 0.528 Thread 0x0000022c3b4ae000 nmethod 582 0x0000022c20e73a90 code [0x0000022c20e73dc0, 0x0000022c20e751f8]
Event: 0.528 Thread 0x0000022c3b4ae000  583       3       java.lang.StringConcatHelper::newString (67 bytes)
Event: 0.529 Thread 0x0000022c3b4ae000 nmethod 583 0x0000022c20e75910 code [0x0000022c20e75b80, 0x0000022c20e76608]
Event: 0.534 Thread 0x0000022c3b4ad560  584       4       java.lang.String::startsWith (138 bytes)
Event: 0.534 Thread 0x0000022c3b4ae000  587   !   3       java.util.zip.ZipFile$ZipFileInputStream::close (59 bytes)
Event: 0.534 Thread 0x0000022c3b4ae000 nmethod 587 0x0000022c20e76990 code [0x0000022c20e76b40, 0x0000022c20e76ec8]
Event: 0.534 Thread 0x0000022c3b4ae000  588       3       java.util.Collections$SetFromMap::remove (19 bytes)
Event: 0.534 Thread 0x0000022c3b4ae000 nmethod 588 0x0000022c20e77090 code [0x0000022c20e77240, 0x0000022c20e77468]
Event: 0.537 Thread 0x0000022c3b4ad560 nmethod 584 0x0000022c282fac10 code [0x0000022c282fada0, 0x0000022c282faff8]
Event: 0.537 Thread 0x0000022c3b4ad560  585       4       java.lang.AbstractStringBuilder::append (45 bytes)
Event: 0.537 Thread 0x0000022c3b4ae000  590       3       sun.net.util.IPAddressUtil::checkHostString (53 bytes)
Event: 0.538 Thread 0x0000022c3b4ae000 nmethod 590 0x0000022c20e77510 code [0x0000022c20e777c0, 0x0000022c20e78348]

GC Heap History (0 events):
No events

Deoptimization events (10 events):
Event: 0.136 Thread 0x0000022c18fef800 DEOPT PACKING pc=0x0000022c20db7e67 sp=0x0000006300dfbc70
Event: 0.136 Thread 0x0000022c18fef800 DEOPT UNPACKING pc=0x0000022c20852b43 sp=0x0000006300dfb090 mode 0
Event: 0.148 Thread 0x0000022c18fef800 Uncommon trap: trap_request=0xffffff45 fr.pc=0x0000022c282e6ce4 relative=0x0000000000000064
Event: 0.148 Thread 0x0000022c18fef800 Uncommon trap: reason=unstable_if action=reinterpret pc=0x0000022c282e6ce4 method=java.io.WinNTFileSystem.isSlash(C)Z @ 9 c2
Event: 0.148 Thread 0x0000022c18fef800 DEOPT PACKING pc=0x0000022c282e6ce4 sp=0x0000006300dfbd60
Event: 0.148 Thread 0x0000022c18fef800 DEOPT UNPACKING pc=0x0000022c208523a3 sp=0x0000006300dfbce8 mode 2
Event: 0.471 Thread 0x0000022c18fef800 Uncommon trap: trap_request=0xffffff54 fr.pc=0x0000022c282f6ddc relative=0x000000000000005c
Event: 0.471 Thread 0x0000022c18fef800 Uncommon trap: reason=speculate_null_assert action=make_not_entrant pc=0x0000022c282f6ddc method=sun.misc.Unsafe.getLong(Ljava/lang/Object;J)J @ 5 c2
Event: 0.471 Thread 0x0000022c18fef800 DEOPT PACKING pc=0x0000022c282f6ddc sp=0x0000006300dff270
Event: 0.471 Thread 0x0000022c18fef800 DEOPT UNPACKING pc=0x0000022c208523a3 sp=0x0000006300dff1f8 mode 2

Classes unloaded (0 events):
No events

Classes redefined (0 events):
No events

Internal exceptions (20 events):
Event: 0.123 Thread 0x0000022c18fef800 Exception <a 'java/lang/NoSuchMethodError'{0x00000007109012e0}: 'java.lang.Object java.lang.invoke.DirectMethodHandle$Holder.invokeStatic(java.lang.Object, java.lang.Object, int)'> (0x00000007109012e0) 
thrown [t:\workspace\open\src\hotspot\share\interpreter\linkResolver.cpp, line 766]
Event: 0.125 Thread 0x0000022c18fef800 Exception <a 'java/lang/NoSuchMethodError'{0x000000071090d050}: 'void java.lang.invoke.DelegatingMethodHandle$Holder.delegate(java.lang.Object, java.lang.Object, int, java.lang.Object)'> (0x000000071090d050) 
thrown [t:\workspace\open\src\hotspot\share\interpreter\linkResolver.cpp, line 766]
Event: 0.126 Thread 0x0000022c18fef800 Exception <a 'java/lang/NoSuchMethodError'{0x00000007109117a8}: 'int java.lang.invoke.DirectMethodHandle$Holder.invokeSpecial(java.lang.Object, java.lang.Object, java.lang.Object)'> (0x00000007109117a8) 
thrown [t:\workspace\open\src\hotspot\share\interpreter\linkResolver.cpp, line 766]
Event: 0.154 Thread 0x0000022c18fef800 Exception <a 'sun/nio/fs/WindowsException'{0x000000071098ae40}> (0x000000071098ae40) 
thrown [t:\workspace\open\src\hotspot\share\prims\jni.cpp, line 516]
Event: 0.154 Thread 0x0000022c18fef800 Exception <a 'sun/nio/fs/WindowsException'{0x000000071098b398}> (0x000000071098b398) 
thrown [t:\workspace\open\src\hotspot\share\prims\jni.cpp, line 516]
Event: 0.164 Thread 0x0000022c18fef800 Exception <a 'java/lang/NoSuchMethodError'{0x00000007109c3b20}: 'int java.lang.invoke.DirectMethodHandle$Holder.invokeStaticInit(java.lang.Object, java.lang.Object, int, long)'> (0x00000007109c3b20) 
thrown [t:\workspace\open\src\hotspot\share\interpreter\linkResolver.cpp, line 766]
Event: 0.165 Thread 0x0000022c18fef800 Exception <a 'java/lang/NoSuchMethodError'{0x00000007109c9700}: 'java.lang.Object java.lang.invoke.DirectMethodHandle$Holder.newInvokeSpecial(java.lang.Object, java.lang.Object, int)'> (0x00000007109c9700) 
thrown [t:\workspace\open\src\hotspot\share\interpreter\linkResolver.cpp, line 766]
Event: 0.166 Thread 0x0000022c18fef800 Exception <a 'java/lang/NoSuchMethodError'{0x00000007109d98d0}: 'int java.lang.invoke.DirectMethodHandle$Holder.invokeStaticInit(java.lang.Object, java.lang.Object, long, long)'> (0x00000007109d98d0) 
thrown [t:\workspace\open\src\hotspot\share\interpreter\linkResolver.cpp, line 766]
Event: 0.167 Thread 0x0000022c18fef800 Exception <a 'java/lang/NoSuchMethodError'{0x00000007109df9e0}: 'java.lang.Object java.lang.invoke.DirectMethodHandle$Holder.newInvokeSpecial(java.lang.Object, java.lang.Object, long)'> (0x00000007109df9e0) 
thrown [t:\workspace\open\src\hotspot\share\interpreter\linkResolver.cpp, line 766]
Event: 0.167 Thread 0x0000022c18fef800 Exception <a 'java/lang/NoSuchMethodError'{0x00000007109e3a28}: 'java.lang.Object java.lang.invoke.Invokers$Holder.linkToTargetMethod(java.lang.Object, long, java.lang.Object)'> (0x00000007109e3a28) 
thrown [t:\workspace\open\src\hotspot\share\interpreter\linkResolver.cpp, line 766]
Event: 0.168 Thread 0x0000022c18fef800 Exception <a 'java/lang/NoSuchMethodError'{0x00000007109eb140}: 'int java.lang.invoke.DirectMethodHandle$Holder.invokeStaticInit(java.lang.Object, java.lang.Object, java.lang.Object, long)'> (0x00000007109eb140) 
thrown [t:\workspace\open\src\hotspot\share\interpreter\linkResolver.cpp, line 766]
Event: 0.187 Thread 0x0000022c18fef800 Exception <a 'sun/nio/fs/WindowsException'{0x00000007106aad00}> (0x00000007106aad00) 
thrown [t:\workspace\open\src\hotspot\share\prims\jni.cpp, line 516]
Event: 0.187 Thread 0x0000022c18fef800 Exception <a 'sun/nio/fs/WindowsException'{0x00000007106ab070}> (0x00000007106ab070) 
thrown [t:\workspace\open\src\hotspot\share\prims\jni.cpp, line 516]
Event: 0.410 Thread 0x0000022c18fef800 Exception <a 'java/lang/NoSuchMethodError'{0x0000000710700e98}: 'void java.lang.invoke.DirectMethodHandle$Holder.invokeStaticInit(java.lang.Object, long, double, double)'> (0x0000000710700e98) 
thrown [t:\workspace\open\src\hotspot\share\interpreter\linkResolver.cpp, line 766]
Event: 0.414 Thread 0x0000022c18fef800 Exception <a 'java/lang/NoSuchMethodError'{0x0000000710711180}: 'void java.lang.invoke.DirectMethodHandle$Holder.invokeStaticInit(java.lang.Object, long, int, int, int)'> (0x0000000710711180) 
thrown [t:\workspace\open\src\hotspot\share\interpreter\linkResolver.cpp, line 766]
Event: 0.418 Thread 0x0000022c18fef800 Exception <a 'java/lang/NoSuchMethodError'{0x000000071072b320}: 'void java.lang.invoke.DirectMethodHandle$Holder.invokeStaticInit(java.lang.Object, long, int, int, int, int)'> (0x000000071072b320) 
thrown [t:\workspace\open\src\hotspot\share\interpreter\linkResolver.cpp, line 766]
Event: 0.442 Thread 0x0000022c18fef800 Exception <a 'sun/nio/fs/WindowsException'{0x0000000710762bd0}> (0x0000000710762bd0) 
thrown [t:\workspace\open\src\hotspot\share\prims\jni.cpp, line 516]
Event: 0.442 Thread 0x0000022c18fef800 Exception <a 'sun/nio/fs/WindowsException'{0x0000000710762f80}> (0x0000000710762f80) 
thrown [t:\workspace\open\src\hotspot\share\prims\jni.cpp, line 516]
Event: 0.446 Thread 0x0000022c18fef800 Exception <a 'sun/nio/fs/WindowsException'{0x000000071076a460}> (0x000000071076a460) 
thrown [t:\workspace\open\src\hotspot\share\prims\jni.cpp, line 516]
Event: 0.446 Thread 0x0000022c18fef800 Exception <a 'sun/nio/fs/WindowsException'{0x000000071076a748}> (0x000000071076a748) 
thrown [t:\workspace\open\src\hotspot\share\prims\jni.cpp, line 516]

VM Operations (4 events):
Event: 0.068 Executing VM operation: HandshakeAllThreads
Event: 0.068 Executing VM operation: HandshakeAllThreads done
Event: 0.148 Executing VM operation: HandshakeAllThreads
Event: 0.148 Executing VM operation: HandshakeAllThreads done

Events (20 events):
Event: 0.161 loading class jdk/internal/reflect/UnsafeQualifiedStaticObjectFieldAccessorImpl
Event: 0.161 loading class jdk/internal/reflect/UnsafeQualifiedStaticFieldAccessorImpl
Event: 0.161 loading class jdk/internal/reflect/UnsafeQualifiedStaticFieldAccessorImpl done
Event: 0.161 loading class jdk/internal/reflect/UnsafeQualifiedStaticObjectFieldAccessorImpl done
Event: 0.163 loading class java/util/function/LongPredicate
Event: 0.163 loading class java/util/function/LongPredicate done
Event: 0.165 loading class jdk/internal/access/foreign/MemorySegmentProxy
Event: 0.165 loading class jdk/internal/access/foreign/MemorySegmentProxy done
Event: 0.169 loading class java/nio/InvalidMarkException
Event: 0.169 loading class java/nio/InvalidMarkException done
Event: 0.169 loading class java/nio/BufferUnderflowException
Event: 0.169 loading class java/nio/BufferUnderflowException done
Event: 0.188 loading class java/lang/NoSuchFieldError
Event: 0.188 loading class java/lang/NoSuchFieldError done
Event: 0.192 loading class jdk/internal/reflect/UnsafeQualifiedStaticIntegerFieldAccessorImpl
Event: 0.192 loading class jdk/internal/reflect/UnsafeQualifiedStaticIntegerFieldAccessorImpl done
Event: 0.444 Loaded shared library C:\Users\stuff\AppData\Local\Temp\lwjglstuff\3.3.0-build-21\lwjgl_opengl.dll
Event: 0.497 loading class java/io/Externalizable
Event: 0.497 loading class java/io/Externalizable done
Event: 0.498 Loaded shared library C:\Program Files\Java\jdk-17\bin\verify.dll


Dynamic libraries:
0x00007ff622950000 - 0x00007ff622960000 	C:\Program Files\Java\jdk-17\bin\java.exe
0x00007ffb361b0000 - 0x00007ffb363a5000 	C:\Windows\SYSTEM32\ntdll.dll
0x00007ffb35f50000 - 0x00007ffb3600e000 	C:\Windows\System32\KERNEL32.DLL
0x00007ffb33960000 - 0x00007ffb33c28000 	C:\Windows\System32\KERNELBASE.dll
0x00007ffb33f20000 - 0x00007ffb34020000 	C:\Windows\System32\ucrtbase.dll
0x00007ffb22a90000 - 0x00007ffb22aaa000 	C:\Program Files\Java\jdk-17\bin\VCRUNTIME140.dll
0x00007ffb22a70000 - 0x00007ffb22a88000 	C:\Program Files\Java\jdk-17\bin\jli.dll
0x00007ffb354b0000 - 0x00007ffb3555e000 	C:\Windows\System32\ADVAPI32.dll
0x00007ffb346e0000 - 0x00007ffb3477e000 	C:\Windows\System32\msvcrt.dll
0x00007ffb34a00000 - 0x00007ffb34a9c000 	C:\Windows\System32\sechost.dll
0x00007ffb35380000 - 0x00007ffb354a5000 	C:\Windows\System32\RPCRT4.dll
0x00007ffb34860000 - 0x00007ffb34a00000 	C:\Windows\System32\USER32.dll
0x00007ffb23c90000 - 0x00007ffb23f2a000 	C:\Windows\WinSxS\amd64_microsoft.windows.common-controls_6595b64144ccf1df_6.0.19041.1110_none_60b5254171f9507e\COMCTL32.dll
0x00007ffb33930000 - 0x00007ffb33952000 	C:\Windows\System32\win32u.dll
0x00007ffb35ea0000 - 0x00007ffb35ecb000 	C:\Windows\System32\GDI32.dll
0x00007ffb33c30000 - 0x00007ffb33d3d000 	C:\Windows\System32\gdi32full.dll
0x00007ffb33d40000 - 0x00007ffb33ddd000 	C:\Windows\System32\msvcp_win.dll
0x00007ffb2d2f0000 - 0x00007ffb2d2fa000 	C:\Windows\SYSTEM32\VERSION.dll
0x00007ffb35c30000 - 0x00007ffb35c60000 	C:\Windows\System32\IMM32.DLL
0x00007ffb2e1b0000 - 0x00007ffb2e1bc000 	C:\Program Files\Java\jdk-17\bin\vcruntime140_1.dll
0x00007ffb157e0000 - 0x00007ffb1586d000 	C:\Program Files\Java\jdk-17\bin\msvcp140.dll
0x00007ffafc8f0000 - 0x00007ffafd4ae000 	C:\Program Files\Java\jdk-17\bin\server\jvm.dll
0x00007ffb35370000 - 0x00007ffb35378000 	C:\Windows\System32\PSAPI.DLL
0x00007ffb2f350000 - 0x00007ffb2f359000 	C:\Windows\SYSTEM32\WSOCK32.dll
0x00007ffb2c290000 - 0x00007ffb2c2b7000 	C:\Windows\SYSTEM32\WINMM.dll
0x00007ffb36100000 - 0x00007ffb3616b000 	C:\Windows\System32\WS2_32.dll
0x00007ffb317d0000 - 0x00007ffb317e2000 	C:\Windows\SYSTEM32\kernel.appcore.dll
0x00007ffb2deb0000 - 0x00007ffb2deba000 	C:\Program Files\Java\jdk-17\bin\jimage.dll
0x00007ffb25bf0000 - 0x00007ffb25dd4000 	C:\Windows\SYSTEM32\DBGHELP.DLL
0x00007ffb22620000 - 0x00007ffb2264c000 	C:\Windows\SYSTEM32\dbgcore.DLL
0x00007ffb33e90000 - 0x00007ffb33f12000 	C:\Windows\System32\bcryptPrimitives.dll
0x00007ffb22a40000 - 0x00007ffb22a65000 	C:\Program Files\Java\jdk-17\bin\java.dll
0x00007ffb15700000 - 0x00007ffb157d6000 	C:\Program Files\Java\jdk-17\bin\svml.dll
0x00007ffb34bc0000 - 0x00007ffb35304000 	C:\Windows\System32\SHELL32.dll
0x00007ffb319d0000 - 0x00007ffb32164000 	C:\Windows\SYSTEM32\windows.storage.dll
0x00007ffb358c0000 - 0x00007ffb35c15000 	C:\Windows\System32\combase.dll
0x00007ffb33310000 - 0x00007ffb3333e000 	C:\Windows\SYSTEM32\Wldp.dll
0x00007ffb347b0000 - 0x00007ffb3485d000 	C:\Windows\System32\SHCORE.dll
0x00007ffb35e40000 - 0x00007ffb35e95000 	C:\Windows\System32\shlwapi.dll
0x00007ffb33800000 - 0x00007ffb3381f000 	C:\Windows\SYSTEM32\profapi.dll
0x00007ffb22a20000 - 0x00007ffb22a39000 	C:\Program Files\Java\jdk-17\bin\net.dll
0x00007ffb2dc60000 - 0x00007ffb2dd6c000 	C:\Windows\SYSTEM32\WINHTTP.dll
0x00007ffb33070000 - 0x00007ffb330da000 	C:\Windows\system32\mswsock.dll
0x00007ffb22a00000 - 0x00007ffb22a15000 	C:\Program Files\Java\jdk-17\bin\nio.dll
0x00007ffb228f0000 - 0x00007ffb22908000 	C:\Program Files\Java\jdk-17\bin\zip.dll
0x00007ffb10dd0000 - 0x00007ffb10e41000 	C:\Users\stuff\AppData\Local\Temp\lwjglstuff\3.3.0-build-21\lwjgl.dll
0x00007ffb13e30000 - 0x00007ffb13e91000 	C:\Users\stuff\AppData\Local\Temp\lwjglstuff\3.3.0-build-21\glfw.dll
0x00007ffb0f3b0000 - 0x00007ffb0f3f5000 	C:\Windows\SYSTEM32\dinput8.dll
0x00007ffb2f7a0000 - 0x00007ffb2f7b1000 	C:\Windows\SYSTEM32\xinput1_4.dll
0x00007ffb34020000 - 0x00007ffb3406e000 	C:\Windows\System32\cfgmgr32.dll
0x00007ffb33660000 - 0x00007ffb33694000 	C:\Windows\SYSTEM32\DEVOBJ.dll
0x00007ffb314e0000 - 0x00007ffb3150f000 	C:\Windows\SYSTEM32\dwmapi.dll
0x00007ffb1ea30000 - 0x00007ffb1eb82000 	C:\Windows\SYSTEM32\inputhost.dll
0x00007ffb35710000 - 0x00007ffb357dd000 	C:\Windows\System32\OLEAUT32.dll
0x00007ffb30ee0000 - 0x00007ffb30fd2000 	C:\Windows\SYSTEM32\CoreMessaging.dll
0x00007ffb2f810000 - 0x00007ffb2f964000 	C:\Windows\SYSTEM32\wintypes.dll
0x00007ffb2f210000 - 0x00007ffb2f306000 	C:\Windows\SYSTEM32\PROPSYS.dll
0x00007ffb30800000 - 0x00007ffb30b5e000 	C:\Windows\SYSTEM32\CoreUIComponents.dll
0x00007ffb325b0000 - 0x00007ffb325e3000 	C:\Windows\SYSTEM32\ntmarta.dll
0x00007ffb312f0000 - 0x00007ffb3138e000 	C:\Windows\system32\uxtheme.dll
0x00007ffb34aa0000 - 0x00007ffb34bb6000 	C:\Windows\System32\MSCTF.dll
0x00007ffafae50000 - 0x00007ffafaf75000 	C:\Windows\SYSTEM32\opengl32.dll
0x00007ffb10bd0000 - 0x00007ffb10bfc000 	C:\Windows\SYSTEM32\GLU32.dll
0x00007ffb35c60000 - 0x00007ffb35d09000 	C:\Windows\System32\clbcatq.dll
0x00007ffaad7b0000 - 0x00007ffab076f000 	C:\Windows\System32\DriverStore\FileRepository\nvmdi.inf_amd64_697983dd21312b3c\nvoglv64.dll
0x00007ffb34200000 - 0x00007ffb34672000 	C:\Windows\System32\SETUPAPI.dll
0x00007ffb341d0000 - 0x00007ffb341f7000 	C:\Windows\System32\bcrypt.dll
0x00007ffb35d10000 - 0x00007ffb35e3a000 	C:\Windows\System32\ole32.dll
0x00007ffb2f380000 - 0x00007ffb2f394000 	C:\Windows\SYSTEM32\WTSAPI32.dll
0x00007ffb33280000 - 0x00007ffb3328c000 	C:\Windows\SYSTEM32\CRYPTBASE.DLL
0x00007ffb334a0000 - 0x00007ffb334b2000 	C:\Windows\SYSTEM32\msasn1.dll
0x00007ffb2d2b0000 - 0x00007ffb2d2e1000 	C:\Windows\SYSTEM32\cryptnet.dll
0x00007ffb34070000 - 0x00007ffb341c6000 	C:\Windows\System32\CRYPT32.dll
0x00007ffb2c510000 - 0x00007ffb2c65a000 	C:\Windows\SYSTEM32\drvstore.dll
0x00007ffb338c0000 - 0x00007ffb33929000 	C:\Windows\System32\WINTRUST.dll
0x00007ffb2c810000 - 0x00007ffb2c84b000 	C:\Windows\SYSTEM32\dxcore.dll
0x00007ffae3cb0000 - 0x00007ffae3f75000 	C:\Windows\system32\nvspcap64.dll
0x00007ffb32e30000 - 0x00007ffb32e7b000 	C:\Windows\SYSTEM32\powrprof.dll
0x00007ffb32cf0000 - 0x00007ffb32d02000 	C:\Windows\SYSTEM32\UMPDC.dll
0x00007ffb32660000 - 0x00007ffb326ba000 	C:\Windows\SYSTEM32\WINSTA.dll
0x00007ffb1eee0000 - 0x00007ffb1efd9000 	C:\Windows\SYSTEM32\textinputframework.dll
0x00007ffb07c70000 - 0x00007ffb07ccd000 	C:\Users\stuff\AppData\Local\Temp\lwjglstuff\3.3.0-build-21\lwjgl_opengl.dll
0x00007ffb229f0000 - 0x00007ffb22a00000 	C:\Program Files\Java\jdk-17\bin\verify.dll

dbghelp: loaded successfully - version: 4.0.5 - missing functions: none
symbol engine: initialized successfully - sym options: 0x614 - pdb path: .;C:\Program Files\Java\jdk-17\bin;C:\Windows\SYSTEM32;C:\Windows\WinSxS\amd64_microsoft.windows.common-controls_6595b64144ccf1df_6.0.19041.1110_none_60b5254171f9507e;C:\Program Files\Java\jdk-17\bin\server;C:\Users\stuff\AppData\Local\Temp\lwjglstuff\3.3.0-build-21;C:\Windows\System32\DriverStore\FileRepository\nvmdi.inf_amd64_697983dd21312b3c

VM Arguments:
jvm_args: -Dfile.encoding=windows-1252 -Duser.country=US -Duser.language=en -Duser.variant -ea 
java_command: Main
java_class_path (initial): C:\Users\stuff\Desktop\Platformer\build\classes\java\main;C:\Users\stuff\Desktop\Platformer\build\resources\main;C:\Users\stuff\.gradle\caches\modules-2\files-2.1\org.lwjgl\lwjgl-assimp\3.3.0\82135e856184e76d38a97f729141298d3edcf0e4\lwjgl-assimp-3.3.0.jar;C:\Users\stuff\.gradle\caches\modules-2\files-2.1\org.lwjgl\lwjgl-assimp\3.3.0\3256ea17d2f82e98a2e6464cb165a3af49ac5e36\lwjgl-assimp-3.3.0-natives-windows.jar;C:\Users\stuff\.gradle\caches\modules-2\files-2.1\org.lwjgl\lwjgl-glfw\3.3.0\899e34f314525596f8fdb6476d3e56104da4601d\lwjgl-glfw-3.3.0.jar;C:\Users\stuff\.gradle\caches\modules-2\files-2.1\org.lwjgl\lwjgl-glfw\3.3.0\b2d71cebdfecc512131879573e835211cb47b91f\lwjgl-glfw-3.3.0-natives-windows.jar;C:\Users\stuff\.gradle\caches\modules-2\files-2.1\org.lwjgl\lwjgl-nfd\3.3.0\6d0e4be3e2811979b3cad55f642c5b13559fa202\lwjgl-nfd-3.3.0.jar;C:\Users\stuff\.gradle\caches\modules-2\files-2.1\org.lwjgl\lwjgl-nfd\3.3.0\eabaa0a7dcf9597d6a11c2d706431fd884dd84d9\lwjgl-nfd-3.3.0-natives-windows.jar;C:\Users\stuff\.gradle\caches\modules-2\files-2.1\org.lwjgl\lwjgl-openal\3.3.0\902dd57b5a46e8a75ee843c2db61f80b4d130d48\lwjgl-openal-3.3.0.jar;C:\Users\stuff\.gradle\caches\modules-2\files-2.1\org.lwjgl\lwjgl-openal\3.3.0\d6e59a987bd196b9a7ce161db41fe1727b0d88f\lwjgl-openal-3.3.0-natives-windows.jar;C:\Users\stuff\.gradle\caches\modules-2\files-2.1\org.lwjgl\lwjgl-opengl\3.3.0\a1f395f7758a3abd5aff75fc8a20368ac371631e\lwjgl-opengl-3.3.0.jar;C:\Users\stuff\.gradle\caches\modules-2\files-2.1\org.lwjgl\lwjgl-opengl\3.3.0\de52e197709c8d03cb386ed7b3b4ce8b96a339f3\lwjgl-opengl-3.3.0-natives-windows.jar;C:\Users\stuff\.gradle\caches\modules-2\files-2.1\org.lwjgl\lwjgl-stb\3.3.0\69becce49e19671fccca33bfb273231055bd9fcf\lwjgl-stb-3.3.0.jar;C:\Users\stuff\.gradle\caches\modules-2\files-2.1\org.lwjgl\lwjgl-stb\3.3.0\58994705dc03cca4da31ab850edfae51cfbff74c\lwjgl-stb-3.3.0-natives-windows.jar;C:\Users\stuff\.gradle\caches\modules-2\files-2.1\org.lwjgl\lwjgl\3.3.0\77b0dc0
Launcher Type: SUN_STANDARD

[Global flags]
     intx CICompilerCount                          = 3                                         {product} {ergonomic}
     uint ConcGCThreads                            = 1                                         {product} {ergonomic}
     uint G1ConcRefinementThreads                  = 4                                         {product} {ergonomic}
   size_t G1HeapRegionSize                         = 2097152                                   {product} {ergonomic}
    uintx GCDrainStackTargetSize                   = 64                                        {product} {ergonomic}
   size_t InitialHeapSize                          = 268435456                                 {product} {ergonomic}
   size_t MarkStackSize                            = 4194304                                   {product} {ergonomic}
   size_t MaxHeapSize                              = 4282384384                                {product} {ergonomic}
   size_t MaxNewSize                               = 2569011200                                {product} {ergonomic}
   size_t MinHeapDeltaBytes                        = 2097152                                   {product} {ergonomic}
   size_t MinHeapSize                              = 8388608                                   {product} {ergonomic}
    uintx NonNMethodCodeHeapSize                   = 5832780                                {pd product} {ergonomic}
    uintx NonProfiledCodeHeapSize                  = 122912730                              {pd product} {ergonomic}
    uintx ProfiledCodeHeapSize                     = 122912730                              {pd product} {ergonomic}
    uintx ReservedCodeCacheSize                    = 251658240                              {pd product} {ergonomic}
     bool SegmentedCodeCache                       = true                                      {product} {ergonomic}
   size_t SoftMaxHeapSize                          = 4282384384                             {manageable} {ergonomic}
     bool UseCompressedClassPointers               = true                           {product lp64_product} {ergonomic}
     bool UseCompressedOops                        = true                           {product lp64_product} {ergonomic}
     bool UseG1GC                                  = true                                      {product} {ergonomic}
     bool UseLargePagesIndividualAllocation        = false                                  {pd product} {ergonomic}

Logging:
Log output configuration:
 #0: stdout all=warning uptime,level,tags
 #1: stderr all=off uptime,level,tags

Environment Variables:
PATH=C:\Program Files\Common Files\Oracle\Java\javapath;C:\Program Files (x86)\Common Files\Oracle\Java\javapath;C:\Windows\system32;C:\Windows;C:\Windows\System32\Wbem;C:\Windows\System32\WindowsPowerShell\v1.0\;C:\Windows\System32\OpenSSH\;C:\Program Files\NVIDIA Corporation\NVIDIA NvDLISR;C:\Program Files\dotnet\;C:\Program Files (x86)\NVIDIA Corporation\PhysX\Common;C:\Program Files\Git LFS;C:\Program Files\Git\cmd;C:\Users\stuff\AppData\Local\Microsoft\WindowsApps;;C:\Users\stuff\AppData\Local\Programs\Microsoft VS Code\bin
USERNAME=stuff
OS=Windows_NT
PROCESSOR_IDENTIFIER=AMD64 Family 23 Model 8 Stepping 2, AuthenticAMD



---------------  S Y S T E M  ---------------

OS:
 Windows 10 , 64 bit Build 19041 (10.0.19041.1503)
OS uptime: 0 days 3:30 hours

CPU: total 4 (initial active 4) (4 cores per cpu, 1 threads per core) family 23 model 8 stepping 2 microcode 0x0, cx8, cmov, fxsr, mmx, 3dnowpref, sse, sse2, sse3, ssse3, sse4a, sse4.1, sse4.2, popcnt, lzcnt, tsc, tscinvbit, avx, avx2, aes, clmul, bmi1, bmi2, adx, sha, fma, vzeroupper, clflush, clflushopt

Memory: 4k page, system-wide physical 16335M (8737M free)
TotalPageFile size 18767M (AvailPageFile size 9160M)
current process WorkingSet (physical memory assigned to process): 85M, peak: 85M
current process commit charge ("private bytes"): 403M, peak: 405M

vm_info: Java HotSpot(TM) 64-Bit Server VM (17+35-LTS-2724) for windows-amd64 JRE (17+35-LTS-2724), built on Aug  5 2021 23:28:28 by "mach5one" with MS VC++ 16.8 (VS2019)

END.
