#
# A fatal error has been detected by the Java Runtime Environment:
#
#  EXCEPTION_ACCESS_VIOLATION (0xc0000005) at pc=0x00007ffaee0bda75, pid=12904, tid=16912
#
# JRE version: Java(TM) SE Runtime Environment (17.0+35) (build 17+35-LTS-2724)
# Java VM: Java HotSpot(TM) 64-Bit Server VM (17+35-LTS-2724, mixed mode, sharing, tiered, compressed oops, compressed class ptrs, g1 gc, windows-amd64)
# Problematic frame:
# C  [nvoglv64.dll+0x127da75]
#
# No core dump will be written. Minidumps are not enabled by default on client versions of Windows
#
# If you would like to submit a bug report, please visit:
#   https://bugreport.java.com/bugreport/crash.jsp
# The crash happened outside the Java Virtual Machine in native code.
# See problematic frame for where to report the bug.
#

---------------  S U M M A R Y ------------

Command Line: -Dfile.encoding=windows-1252 -Duser.country=US -Duser.language=en -Duser.variant -ea Main

Host: AMD Ryzen 3 1200 Quad-Core Processor           , 4 cores, 15G,  Windows 10 , 64 bit Build 19041 (10.0.19041.1466)
Time: Tue Jan 25 22:43:12 2022 Romance Standard Time elapsed time: 0.604337 seconds (0d 0h 0m 0s)

---------------  T H R E A D  ---------------

Current thread (0x0000017ac635dd10):  JavaThread "main" [_thread_in_native, id=16912, stack(0x00000057bdd00000,0x00000057bde00000)]

Stack: [0x00000057bdd00000,0x00000057bde00000],  sp=0x00000057bddff018,  free space=1020k
Native frames: (J=compiled Java code, j=interpreted, Vv=VM code, C=native code)
C  [nvoglv64.dll+0x127da75]

Java frames: (J=compiled Java code, j=interpreted, Vv=VM code)
j  org.lwjgl.opengl.GL11C.nglTexImage2D(IIIIIIIIJ)V+0
j  org.lwjgl.opengl.GL11C.glTexImage2D(IIIIIIIILjava/nio/ByteBuffer;)V+17
j  org.lwjgl.opengl.GL11.glTexImage2D(IIIIIIIILjava/nio/ByteBuffer;)V+14
j  renderer.Texture.<init>(Ljava/lang/String;)V+141
j  engine.LevelEditorScene.init()V+49
j  engine.Window.changeScene(I)V+41
j  engine.Window.inti()V+162
j  engine.Window.run()V+33
j  Main.main([Ljava/lang/String;)V+5
v  ~StubRoutines::call_stub

siginfo: EXCEPTION_ACCESS_VIOLATION (0xc0000005), reading address 0x0000017aef9de000


Register to memory mapping:

RIP=0x00007ffaee0bda75 nvoglv64.dll
RAX=0x0 is NULL
RBX=0x0000017ae9db3518 points into unknown readable memory: 0xf0fcfdf1fdfef2fe | fe f2 fe fd f1 fd fc f0
RCX=0x0000017ae9de5530 points into unknown readable memory: 0x0000000000000000 | 00 00 00 00 00 00 00 00
RDX=0x0000000005bf8b18 is an unknown value
RSP=0x00000057bddff018 is pointing into the stack for thread: 0x0000017ac635dd10
RBP=0x0000017aef9ac030 points into unknown readable memory: 0xf0fcfdf1fdfef2fe | fe f2 fe fd f1 fd fc f0
RSI=0x0000000000040000 is an unknown value
RDI=0x0000017aea8f4080 points into unknown readable memory: 0x0000000000000000 | 00 00 00 00 00 00 00 00
R8 =0x000000000003ffe8 is an unknown value
R9 =0x00000000000001c0 is an unknown value
R10=0x0000017aef9ac030 points into unknown readable memory: 0xf0fcfdf1fdfef2fe | fe f2 fe fd f1 fd fc f0
R11=0x0000017ae9db3518 points into unknown readable memory: 0xf0fcfdf1fdfef2fe | fe f2 fe fd f1 fd fc f0
R12=0x0000000000001401 is an unknown value
R13=0x0000000000001908 is an unknown value
R14=0x0000000000000100 is an unknown value
R15=0x0000000000000de1 is an unknown value


Registers:
RAX=0x0000000000000000, RBX=0x0000017ae9db3518, RCX=0x0000017ae9de5530, RDX=0x0000000005bf8b18
RSP=0x00000057bddff018, RBP=0x0000017aef9ac030, RSI=0x0000000000040000, RDI=0x0000017aea8f4080
R8 =0x000000000003ffe8, R9 =0x00000000000001c0, R10=0x0000017aef9ac030, R11=0x0000017ae9db3518
R12=0x0000000000001401, R13=0x0000000000001908, R14=0x0000000000000100, R15=0x0000000000000de1
RIP=0x00007ffaee0bda75, EFLAGS=0x0000000000010206

Top of Stack: (sp=0x00000057bddff018)
0x00000057bddff018:   00007ffaed711b9f 0000000000000000
0x00000057bddff028:   0000000000000000 0000000000000000
0x00000057bddff038:   0000017acdb78e10 0000000000000000
0x00000057bddff048:   0000000000001908 0000017a00001401
0x00000057bddff058:   0000017aef9ac030 0000000000040000
0x00000057bddff068:   0000000000000000 0000017ac635dd10
0x00000057bddff078:   00000057bddff290 0000017ae9244d58
0x00000057bddff088:   0000000000000000 0000000000001908
0x00000057bddff098:   0000000000000000 0000000000000de1
0x00000057bddff0a8:   00007ffb2e1b601a 0000000000000100
0x00000057bddff0b8:   0000006000000000 0000017a00001908
0x00000057bddff0c8:   00000057bddff290 0000000000000100
0x00000057bddff0d8:   0000000000000000 0000017a00001908
0x00000057bddff0e8:   0000017a00001401 0000017aef9ac030
0x00000057bddff0f8:   00007ffae7b3e272 0000000000000110
0x00000057bddff108:   00007ffb4c43cb35 0000000000000de1 

Instructions: (pc=0x00007ffaee0bda75)
0x00007ffaee0bd975:   48 06 c3 4c 8b 02 8b 4a 08 44 0f b6 4a 0c 4c 89
0x00007ffaee0bd985:   00 89 48 08 44 88 48 0c c3 66 90 4c 8b 02 0f b6
0x00007ffaee0bd995:   4a 08 4c 89 00 88 48 08 c3 66 90 4c 8b 02 0f b7
0x00007ffaee0bd9a5:   4a 08 4c 89 00 66 89 48 08 c3 90 4c 8b 02 8b 4a
0x00007ffaee0bd9b5:   08 4c 89 00 89 48 08 c3 0f 1f 00 4c 8b 02 8b 4a
0x00007ffaee0bd9c5:   08 44 0f b7 4a 0c 4c 89 00 89 48 08 66 44 89 48
0x00007ffaee0bd9d5:   0c c3 66 0f 1f 84 00 00 00 00 00 4c 8b 02 8b 4a
0x00007ffaee0bd9e5:   08 44 0f b7 4a 0c 44 0f b6 52 0e 4c 89 00 89 48
0x00007ffaee0bd9f5:   08 66 44 89 48 0c 44 88 50 0e c3 0f 10 04 11 4c
0x00007ffaee0bda05:   03 c1 48 83 c1 10 41 f6 c3 0f 74 13 0f 28 c8 48
0x00007ffaee0bda15:   83 e1 f0 0f 10 04 11 48 83 c1 10 41 0f 11 0b 4c
0x00007ffaee0bda25:   2b c1 4d 8b c8 49 c1 e9 07 0f 84 88 00 00 00 0f
0x00007ffaee0bda35:   29 41 f0 4c 3b 0d 39 86 a4 01 76 17 e9 c2 00 00
0x00007ffaee0bda45:   00 66 66 0f 1f 84 00 00 00 00 00 0f 29 41 e0 0f
0x00007ffaee0bda55:   29 49 f0 0f 10 04 11 0f 10 4c 11 10 48 81 c1 80
0x00007ffaee0bda65:   00 00 00 0f 29 41 80 0f 29 49 90 0f 10 44 11 a0
0x00007ffaee0bda75:   0f 10 4c 11 b0 49 ff c9 0f 29 41 a0 0f 29 49 b0
0x00007ffaee0bda85:   0f 10 44 11 c0 0f 10 4c 11 d0 0f 29 41 c0 0f 29
0x00007ffaee0bda95:   49 d0 0f 10 44 11 e0 0f 10 4c 11 f0 75 ad 0f 29
0x00007ffaee0bdaa5:   41 e0 49 83 e0 7f 0f 28 c1 eb 0c 0f 10 04 11 48
0x00007ffaee0bdab5:   83 c1 10 49 83 e8 10 4d 8b c8 49 c1 e9 04 74 1c
0x00007ffaee0bdac5:   66 66 66 0f 1f 84 00 00 00 00 00 0f 11 41 f0 0f
0x00007ffaee0bdad5:   10 04 11 48 83 c1 10 49 ff c9 75 ef 49 83 e0 0f
0x00007ffaee0bdae5:   74 0d 4a 8d 04 01 0f 10 4c 10 f0 0f 11 48 f0 0f
0x00007ffaee0bdaf5:   11 41 f0 49 8b c3 c3 0f 1f 40 00 0f 2b 41 e0 0f
0x00007ffaee0bdb05:   2b 49 f0 0f 18 84 11 00 02 00 00 0f 10 04 11 0f
0x00007ffaee0bdb15:   10 4c 11 10 48 81 c1 80 00 00 00 0f 2b 41 80 0f
0x00007ffaee0bdb25:   2b 49 90 0f 10 44 11 a0 0f 10 4c 11 b0 49 ff c9
0x00007ffaee0bdb35:   0f 2b 41 a0 0f 2b 49 b0 0f 10 44 11 c0 0f 10 4c
0x00007ffaee0bdb45:   11 d0 0f 18 84 11 40 02 00 00 0f 2b 41 c0 0f 2b
0x00007ffaee0bdb55:   49 d0 0f 10 44 11 e0 0f 10 4c 11 f0 75 9d 0f ae
0x00007ffaee0bdb65:   f8 e9 38 ff ff ff 0f 1f 44 00 00 49 03 c8 0f 10 


Stack slot to memory mapping:
stack at sp + 0 slots: 0x00007ffaed711b9f nvoglv64.dll
stack at sp + 1 slots: 0x0 is NULL
stack at sp + 2 slots: 0x0 is NULL
stack at sp + 3 slots: 0x0 is NULL
stack at sp + 4 slots: 0x0000017acdb78e10 is at code_begin+-112 in 
[CodeBlob (0x0000017acdb78e10)]
Framesize: 0
BufferBlob (0x0000017acdb78e10) used for Interpreter
stack at sp + 5 slots: 0x0 is NULL
stack at sp + 6 slots: 0x0000000000001908 is an unknown value
stack at sp + 7 slots: 0x0000017a00001401 is an unknown value


---------------  P R O C E S S  ---------------

Threads class SMR info:
_java_thread_list=0x0000017ae9507c60, length=12, elements={
0x0000017ac635dd10, 0x0000017ae87d0cf0, 0x0000017ae87d2b70, 0x0000017ae87e8450,
0x0000017ae87e9f20, 0x0000017ae87ed080, 0x0000017ae87f0a80, 0x0000017ae87f1000,
0x0000017ae87f8fb0, 0x0000017ae880f0b0, 0x0000017ae9504c60, 0x0000017ae950c420
}

Java Threads: ( => current thread )
=>0x0000017ac635dd10 JavaThread "main" [_thread_in_native, id=16912, stack(0x00000057bdd00000,0x00000057bde00000)]
  0x0000017ae87d0cf0 JavaThread "Reference Handler" daemon [_thread_blocked, id=8936, stack(0x00000057be400000,0x00000057be500000)]
  0x0000017ae87d2b70 JavaThread "Finalizer" daemon [_thread_blocked, id=18016, stack(0x00000057be500000,0x00000057be600000)]
  0x0000017ae87e8450 JavaThread "Signal Dispatcher" daemon [_thread_blocked, id=11416, stack(0x00000057be600000,0x00000057be700000)]
  0x0000017ae87e9f20 JavaThread "Attach Listener" daemon [_thread_blocked, id=936, stack(0x00000057be700000,0x00000057be800000)]
  0x0000017ae87ed080 JavaThread "Service Thread" daemon [_thread_blocked, id=13884, stack(0x00000057be800000,0x00000057be900000)]
  0x0000017ae87f0a80 JavaThread "Monitor Deflation Thread" daemon [_thread_blocked, id=6820, stack(0x00000057be900000,0x00000057bea00000)]
  0x0000017ae87f1000 JavaThread "C2 CompilerThread0" daemon [_thread_blocked, id=10808, stack(0x00000057bea00000,0x00000057beb00000)]
  0x0000017ae87f8fb0 JavaThread "C1 CompilerThread0" daemon [_thread_blocked, id=12756, stack(0x00000057beb00000,0x00000057bec00000)]
  0x0000017ae880f0b0 JavaThread "Sweeper thread" daemon [_thread_blocked, id=5852, stack(0x00000057bec00000,0x00000057bed00000)]
  0x0000017ae9504c60 JavaThread "Notification Thread" daemon [_thread_blocked, id=17268, stack(0x00000057bed00000,0x00000057bee00000)]
  0x0000017ae950c420 JavaThread "Common-Cleaner" daemon [_thread_blocked, id=2040, stack(0x00000057bef00000,0x00000057bf000000)]

Other Threads:
  0x0000017ae87cc0a0 VMThread "VM Thread" [stack: 0x00000057be300000,0x00000057be400000] [id=17836]
  0x0000017ae950bd80 WatcherThread [stack: 0x00000057bee00000,0x00000057bef00000] [id=11980]
  0x0000017ac63acaa0 GCTaskThread "GC Thread#0" [stack: 0x00000057bde00000,0x00000057bdf00000] [id=7160]
  0x0000017ac63be930 ConcurrentGCThread "G1 Main Marker" [stack: 0x00000057bdf00000,0x00000057be000000] [id=10416]
  0x0000017ac63c0ef0 ConcurrentGCThread "G1 Conc#0" [stack: 0x00000057be000000,0x00000057be100000] [id=16536]
  0x0000017ac643d860 ConcurrentGCThread "G1 Refine#0" [stack: 0x00000057be100000,0x00000057be200000] [id=16012]
  0x0000017ac643e280 ConcurrentGCThread "G1 Service" [stack: 0x00000057be200000,0x00000057be300000] [id=17484]

Threads with active compile tasks:

VM state: not at safepoint (normal execution)

VM Mutex/Monitor currently owned by a thread: None

Heap address: 0x0000000700c00000, size: 4084 MB, Compressed Oops mode: Zero based, Oop shift amount: 3

CDS archive(s) mapped at: [0x0000000800000000-0x0000000800bc0000-0x0000000800bc0000), size 12320768, SharedBaseAddress: 0x0000000800000000, ArchiveRelocationMode: 0.
Compressed class space mapped at: 0x0000000800c00000-0x0000000840c00000, reserved size: 1073741824
Narrow klass base: 0x0000000800000000, Narrow klass shift: 0, Narrow klass range: 0x100000000

GC Precious Log:
 CPUs: 4 total, 4 available
 Memory: 16335M
 Large Page Support: Disabled
 NUMA Support: Disabled
 Compressed Oops: Enabled (Zero based)
 Heap Region Size: 2M
 Heap Min Capacity: 8M
 Heap Initial Capacity: 256M
 Heap Max Capacity: 4084M
 Pre-touch: Disabled
 Parallel Workers: 4
 Concurrent Workers: 1
 Concurrent Refinement Workers: 4
 Periodic GC: Disabled

Heap:
 garbage-first heap   total 262144K, used 8192K [0x0000000700c00000, 0x0000000800000000)
  region size 2048K, 6 young (12288K), 0 survivors (0K)
 Metaspace       used 4682K, committed 4864K, reserved 1056768K
  class space    used 208K, committed 320K, reserved 1048576K

Heap Regions: E=young(eden), S=young(survivor), O=old, HS=humongous(starts), HC=humongous(continues), CS=collection set, F=free, OA=open archive, CA=closed archive, TAMS=top-at-mark-start (previous, next)
|   0|0x0000000700c00000, 0x0000000700c00000, 0x0000000700e00000|  0%| F|  |TAMS 0x0000000700c00000, 0x0000000700c00000| Untracked 
|   1|0x0000000700e00000, 0x0000000700e00000, 0x0000000701000000|  0%| F|  |TAMS 0x0000000700e00000, 0x0000000700e00000| Untracked 
|   2|0x0000000701000000, 0x0000000701000000, 0x0000000701200000|  0%| F|  |TAMS 0x0000000701000000, 0x0000000701000000| Untracked 
|   3|0x0000000701200000, 0x0000000701200000, 0x0000000701400000|  0%| F|  |TAMS 0x0000000701200000, 0x0000000701200000| Untracked 
|   4|0x0000000701400000, 0x0000000701400000, 0x0000000701600000|  0%| F|  |TAMS 0x0000000701400000, 0x0000000701400000| Untracked 
|   5|0x0000000701600000, 0x0000000701600000, 0x0000000701800000|  0%| F|  |TAMS 0x0000000701600000, 0x0000000701600000| Untracked 
|   6|0x0000000701800000, 0x0000000701800000, 0x0000000701a00000|  0%| F|  |TAMS 0x0000000701800000, 0x0000000701800000| Untracked 
|   7|0x0000000701a00000, 0x0000000701a00000, 0x0000000701c00000|  0%| F|  |TAMS 0x0000000701a00000, 0x0000000701a00000| Untracked 
|   8|0x0000000701c00000, 0x0000000701c00000, 0x0000000701e00000|  0%| F|  |TAMS 0x0000000701c00000, 0x0000000701c00000| Untracked 
|   9|0x0000000701e00000, 0x0000000701e00000, 0x0000000702000000|  0%| F|  |TAMS 0x0000000701e00000, 0x0000000701e00000| Untracked 
|  10|0x0000000702000000, 0x0000000702000000, 0x0000000702200000|  0%| F|  |TAMS 0x0000000702000000, 0x0000000702000000| Untracked 
|  11|0x0000000702200000, 0x0000000702200000, 0x0000000702400000|  0%| F|  |TAMS 0x0000000702200000, 0x0000000702200000| Untracked 
|  12|0x0000000702400000, 0x0000000702400000, 0x0000000702600000|  0%| F|  |TAMS 0x0000000702400000, 0x0000000702400000| Untracked 
|  13|0x0000000702600000, 0x0000000702600000, 0x0000000702800000|  0%| F|  |TAMS 0x0000000702600000, 0x0000000702600000| Untracked 
|  14|0x0000000702800000, 0x0000000702800000, 0x0000000702a00000|  0%| F|  |TAMS 0x0000000702800000, 0x0000000702800000| Untracked 
|  15|0x0000000702a00000, 0x0000000702a00000, 0x0000000702c00000|  0%| F|  |TAMS 0x0000000702a00000, 0x0000000702a00000| Untracked 
|  16|0x0000000702c00000, 0x0000000702c00000, 0x0000000702e00000|  0%| F|  |TAMS 0x0000000702c00000, 0x0000000702c00000| Untracked 
|  17|0x0000000702e00000, 0x0000000702e00000, 0x0000000703000000|  0%| F|  |TAMS 0x0000000702e00000, 0x0000000702e00000| Untracked 
|  18|0x0000000703000000, 0x0000000703000000, 0x0000000703200000|  0%| F|  |TAMS 0x0000000703000000, 0x0000000703000000| Untracked 
|  19|0x0000000703200000, 0x0000000703200000, 0x0000000703400000|  0%| F|  |TAMS 0x0000000703200000, 0x0000000703200000| Untracked 
|  20|0x0000000703400000, 0x0000000703400000, 0x0000000703600000|  0%| F|  |TAMS 0x0000000703400000, 0x0000000703400000| Untracked 
|  21|0x0000000703600000, 0x0000000703600000, 0x0000000703800000|  0%| F|  |TAMS 0x0000000703600000, 0x0000000703600000| Untracked 
|  22|0x0000000703800000, 0x0000000703800000, 0x0000000703a00000|  0%| F|  |TAMS 0x0000000703800000, 0x0000000703800000| Untracked 
|  23|0x0000000703a00000, 0x0000000703a00000, 0x0000000703c00000|  0%| F|  |TAMS 0x0000000703a00000, 0x0000000703a00000| Untracked 
|  24|0x0000000703c00000, 0x0000000703c00000, 0x0000000703e00000|  0%| F|  |TAMS 0x0000000703c00000, 0x0000000703c00000| Untracked 
|  25|0x0000000703e00000, 0x0000000703e00000, 0x0000000704000000|  0%| F|  |TAMS 0x0000000703e00000, 0x0000000703e00000| Untracked 
|  26|0x0000000704000000, 0x0000000704000000, 0x0000000704200000|  0%| F|  |TAMS 0x0000000704000000, 0x0000000704000000| Untracked 
|  27|0x0000000704200000, 0x0000000704200000, 0x0000000704400000|  0%| F|  |TAMS 0x0000000704200000, 0x0000000704200000| Untracked 
|  28|0x0000000704400000, 0x0000000704400000, 0x0000000704600000|  0%| F|  |TAMS 0x0000000704400000, 0x0000000704400000| Untracked 
|  29|0x0000000704600000, 0x0000000704600000, 0x0000000704800000|  0%| F|  |TAMS 0x0000000704600000, 0x0000000704600000| Untracked 
|  30|0x0000000704800000, 0x0000000704800000, 0x0000000704a00000|  0%| F|  |TAMS 0x0000000704800000, 0x0000000704800000| Untracked 
|  31|0x0000000704a00000, 0x0000000704a00000, 0x0000000704c00000|  0%| F|  |TAMS 0x0000000704a00000, 0x0000000704a00000| Untracked 
|  32|0x0000000704c00000, 0x0000000704c00000, 0x0000000704e00000|  0%| F|  |TAMS 0x0000000704c00000, 0x0000000704c00000| Untracked 
|  33|0x0000000704e00000, 0x0000000704e00000, 0x0000000705000000|  0%| F|  |TAMS 0x0000000704e00000, 0x0000000704e00000| Untracked 
|  34|0x0000000705000000, 0x0000000705000000, 0x0000000705200000|  0%| F|  |TAMS 0x0000000705000000, 0x0000000705000000| Untracked 
|  35|0x0000000705200000, 0x0000000705200000, 0x0000000705400000|  0%| F|  |TAMS 0x0000000705200000, 0x0000000705200000| Untracked 
|  36|0x0000000705400000, 0x0000000705400000, 0x0000000705600000|  0%| F|  |TAMS 0x0000000705400000, 0x0000000705400000| Untracked 
|  37|0x0000000705600000, 0x0000000705600000, 0x0000000705800000|  0%| F|  |TAMS 0x0000000705600000, 0x0000000705600000| Untracked 
|  38|0x0000000705800000, 0x0000000705800000, 0x0000000705a00000|  0%| F|  |TAMS 0x0000000705800000, 0x0000000705800000| Untracked 
|  39|0x0000000705a00000, 0x0000000705a00000, 0x0000000705c00000|  0%| F|  |TAMS 0x0000000705a00000, 0x0000000705a00000| Untracked 
|  40|0x0000000705c00000, 0x0000000705c00000, 0x0000000705e00000|  0%| F|  |TAMS 0x0000000705c00000, 0x0000000705c00000| Untracked 
|  41|0x0000000705e00000, 0x0000000705e00000, 0x0000000706000000|  0%| F|  |TAMS 0x0000000705e00000, 0x0000000705e00000| Untracked 
|  42|0x0000000706000000, 0x0000000706000000, 0x0000000706200000|  0%| F|  |TAMS 0x0000000706000000, 0x0000000706000000| Untracked 
|  43|0x0000000706200000, 0x0000000706200000, 0x0000000706400000|  0%| F|  |TAMS 0x0000000706200000, 0x0000000706200000| Untracked 
|  44|0x0000000706400000, 0x0000000706400000, 0x0000000706600000|  0%| F|  |TAMS 0x0000000706400000, 0x0000000706400000| Untracked 
|  45|0x0000000706600000, 0x0000000706600000, 0x0000000706800000|  0%| F|  |TAMS 0x0000000706600000, 0x0000000706600000| Untracked 
|  46|0x0000000706800000, 0x0000000706800000, 0x0000000706a00000|  0%| F|  |TAMS 0x0000000706800000, 0x0000000706800000| Untracked 
|  47|0x0000000706a00000, 0x0000000706a00000, 0x0000000706c00000|  0%| F|  |TAMS 0x0000000706a00000, 0x0000000706a00000| Untracked 
|  48|0x0000000706c00000, 0x0000000706c00000, 0x0000000706e00000|  0%| F|  |TAMS 0x0000000706c00000, 0x0000000706c00000| Untracked 
|  49|0x0000000706e00000, 0x0000000706e00000, 0x0000000707000000|  0%| F|  |TAMS 0x0000000706e00000, 0x0000000706e00000| Untracked 
|  50|0x0000000707000000, 0x0000000707000000, 0x0000000707200000|  0%| F|  |TAMS 0x0000000707000000, 0x0000000707000000| Untracked 
|  51|0x0000000707200000, 0x0000000707200000, 0x0000000707400000|  0%| F|  |TAMS 0x0000000707200000, 0x0000000707200000| Untracked 
|  52|0x0000000707400000, 0x0000000707400000, 0x0000000707600000|  0%| F|  |TAMS 0x0000000707400000, 0x0000000707400000| Untracked 
|  53|0x0000000707600000, 0x0000000707600000, 0x0000000707800000|  0%| F|  |TAMS 0x0000000707600000, 0x0000000707600000| Untracked 
|  54|0x0000000707800000, 0x0000000707800000, 0x0000000707a00000|  0%| F|  |TAMS 0x0000000707800000, 0x0000000707800000| Untracked 
|  55|0x0000000707a00000, 0x0000000707a00000, 0x0000000707c00000|  0%| F|  |TAMS 0x0000000707a00000, 0x0000000707a00000| Untracked 
|  56|0x0000000707c00000, 0x0000000707c00000, 0x0000000707e00000|  0%| F|  |TAMS 0x0000000707c00000, 0x0000000707c00000| Untracked 
|  57|0x0000000707e00000, 0x0000000707e00000, 0x0000000708000000|  0%| F|  |TAMS 0x0000000707e00000, 0x0000000707e00000| Untracked 
|  58|0x0000000708000000, 0x0000000708000000, 0x0000000708200000|  0%| F|  |TAMS 0x0000000708000000, 0x0000000708000000| Untracked 
|  59|0x0000000708200000, 0x0000000708200000, 0x0000000708400000|  0%| F|  |TAMS 0x0000000708200000, 0x0000000708200000| Untracked 
|  60|0x0000000708400000, 0x0000000708400000, 0x0000000708600000|  0%| F|  |TAMS 0x0000000708400000, 0x0000000708400000| Untracked 
|  61|0x0000000708600000, 0x0000000708600000, 0x0000000708800000|  0%| F|  |TAMS 0x0000000708600000, 0x0000000708600000| Untracked 
|  62|0x0000000708800000, 0x0000000708800000, 0x0000000708a00000|  0%| F|  |TAMS 0x0000000708800000, 0x0000000708800000| Untracked 
|  63|0x0000000708a00000, 0x0000000708a00000, 0x0000000708c00000|  0%| F|  |TAMS 0x0000000708a00000, 0x0000000708a00000| Untracked 
|  64|0x0000000708c00000, 0x0000000708c00000, 0x0000000708e00000|  0%| F|  |TAMS 0x0000000708c00000, 0x0000000708c00000| Untracked 
|  65|0x0000000708e00000, 0x0000000708e00000, 0x0000000709000000|  0%| F|  |TAMS 0x0000000708e00000, 0x0000000708e00000| Untracked 
|  66|0x0000000709000000, 0x0000000709000000, 0x0000000709200000|  0%| F|  |TAMS 0x0000000709000000, 0x0000000709000000| Untracked 
|  67|0x0000000709200000, 0x0000000709200000, 0x0000000709400000|  0%| F|  |TAMS 0x0000000709200000, 0x0000000709200000| Untracked 
|  68|0x0000000709400000, 0x0000000709400000, 0x0000000709600000|  0%| F|  |TAMS 0x0000000709400000, 0x0000000709400000| Untracked 
|  69|0x0000000709600000, 0x0000000709600000, 0x0000000709800000|  0%| F|  |TAMS 0x0000000709600000, 0x0000000709600000| Untracked 
|  70|0x0000000709800000, 0x0000000709800000, 0x0000000709a00000|  0%| F|  |TAMS 0x0000000709800000, 0x0000000709800000| Untracked 
|  71|0x0000000709a00000, 0x0000000709a00000, 0x0000000709c00000|  0%| F|  |TAMS 0x0000000709a00000, 0x0000000709a00000| Untracked 
|  72|0x0000000709c00000, 0x0000000709c00000, 0x0000000709e00000|  0%| F|  |TAMS 0x0000000709c00000, 0x0000000709c00000| Untracked 
|  73|0x0000000709e00000, 0x0000000709e00000, 0x000000070a000000|  0%| F|  |TAMS 0x0000000709e00000, 0x0000000709e00000| Untracked 
|  74|0x000000070a000000, 0x000000070a000000, 0x000000070a200000|  0%| F|  |TAMS 0x000000070a000000, 0x000000070a000000| Untracked 
|  75|0x000000070a200000, 0x000000070a200000, 0x000000070a400000|  0%| F|  |TAMS 0x000000070a200000, 0x000000070a200000| Untracked 
|  76|0x000000070a400000, 0x000000070a400000, 0x000000070a600000|  0%| F|  |TAMS 0x000000070a400000, 0x000000070a400000| Untracked 
|  77|0x000000070a600000, 0x000000070a600000, 0x000000070a800000|  0%| F|  |TAMS 0x000000070a600000, 0x000000070a600000| Untracked 
|  78|0x000000070a800000, 0x000000070a800000, 0x000000070aa00000|  0%| F|  |TAMS 0x000000070a800000, 0x000000070a800000| Untracked 
|  79|0x000000070aa00000, 0x000000070aa00000, 0x000000070ac00000|  0%| F|  |TAMS 0x000000070aa00000, 0x000000070aa00000| Untracked 
|  80|0x000000070ac00000, 0x000000070ac00000, 0x000000070ae00000|  0%| F|  |TAMS 0x000000070ac00000, 0x000000070ac00000| Untracked 
|  81|0x000000070ae00000, 0x000000070ae00000, 0x000000070b000000|  0%| F|  |TAMS 0x000000070ae00000, 0x000000070ae00000| Untracked 
|  82|0x000000070b000000, 0x000000070b000000, 0x000000070b200000|  0%| F|  |TAMS 0x000000070b000000, 0x000000070b000000| Untracked 
|  83|0x000000070b200000, 0x000000070b200000, 0x000000070b400000|  0%| F|  |TAMS 0x000000070b200000, 0x000000070b200000| Untracked 
|  84|0x000000070b400000, 0x000000070b400000, 0x000000070b600000|  0%| F|  |TAMS 0x000000070b400000, 0x000000070b400000| Untracked 
|  85|0x000000070b600000, 0x000000070b600000, 0x000000070b800000|  0%| F|  |TAMS 0x000000070b600000, 0x000000070b600000| Untracked 
|  86|0x000000070b800000, 0x000000070b800000, 0x000000070ba00000|  0%| F|  |TAMS 0x000000070b800000, 0x000000070b800000| Untracked 
|  87|0x000000070ba00000, 0x000000070ba00000, 0x000000070bc00000|  0%| F|  |TAMS 0x000000070ba00000, 0x000000070ba00000| Untracked 
|  88|0x000000070bc00000, 0x000000070bc00000, 0x000000070be00000|  0%| F|  |TAMS 0x000000070bc00000, 0x000000070bc00000| Untracked 
|  89|0x000000070be00000, 0x000000070be00000, 0x000000070c000000|  0%| F|  |TAMS 0x000000070be00000, 0x000000070be00000| Untracked 
|  90|0x000000070c000000, 0x000000070c000000, 0x000000070c200000|  0%| F|  |TAMS 0x000000070c000000, 0x000000070c000000| Untracked 
|  91|0x000000070c200000, 0x000000070c200000, 0x000000070c400000|  0%| F|  |TAMS 0x000000070c200000, 0x000000070c200000| Untracked 
|  92|0x000000070c400000, 0x000000070c400000, 0x000000070c600000|  0%| F|  |TAMS 0x000000070c400000, 0x000000070c400000| Untracked 
|  93|0x000000070c600000, 0x000000070c600000, 0x000000070c800000|  0%| F|  |TAMS 0x000000070c600000, 0x000000070c600000| Untracked 
|  94|0x000000070c800000, 0x000000070c800000, 0x000000070ca00000|  0%| F|  |TAMS 0x000000070c800000, 0x000000070c800000| Untracked 
|  95|0x000000070ca00000, 0x000000070ca00000, 0x000000070cc00000|  0%| F|  |TAMS 0x000000070ca00000, 0x000000070ca00000| Untracked 
|  96|0x000000070cc00000, 0x000000070cc00000, 0x000000070ce00000|  0%| F|  |TAMS 0x000000070cc00000, 0x000000070cc00000| Untracked 
|  97|0x000000070ce00000, 0x000000070ce00000, 0x000000070d000000|  0%| F|  |TAMS 0x000000070ce00000, 0x000000070ce00000| Untracked 
|  98|0x000000070d000000, 0x000000070d000000, 0x000000070d200000|  0%| F|  |TAMS 0x000000070d000000, 0x000000070d000000| Untracked 
|  99|0x000000070d200000, 0x000000070d200000, 0x000000070d400000|  0%| F|  |TAMS 0x000000070d200000, 0x000000070d200000| Untracked 
| 100|0x000000070d400000, 0x000000070d400000, 0x000000070d600000|  0%| F|  |TAMS 0x000000070d400000, 0x000000070d400000| Untracked 
| 101|0x000000070d600000, 0x000000070d600000, 0x000000070d800000|  0%| F|  |TAMS 0x000000070d600000, 0x000000070d600000| Untracked 
| 102|0x000000070d800000, 0x000000070d800000, 0x000000070da00000|  0%| F|  |TAMS 0x000000070d800000, 0x000000070d800000| Untracked 
| 103|0x000000070da00000, 0x000000070da00000, 0x000000070dc00000|  0%| F|  |TAMS 0x000000070da00000, 0x000000070da00000| Untracked 
| 104|0x000000070dc00000, 0x000000070dc00000, 0x000000070de00000|  0%| F|  |TAMS 0x000000070dc00000, 0x000000070dc00000| Untracked 
| 105|0x000000070de00000, 0x000000070de00000, 0x000000070e000000|  0%| F|  |TAMS 0x000000070de00000, 0x000000070de00000| Untracked 
| 106|0x000000070e000000, 0x000000070e000000, 0x000000070e200000|  0%| F|  |TAMS 0x000000070e000000, 0x000000070e000000| Untracked 
| 107|0x000000070e200000, 0x000000070e200000, 0x000000070e400000|  0%| F|  |TAMS 0x000000070e200000, 0x000000070e200000| Untracked 
| 108|0x000000070e400000, 0x000000070e400000, 0x000000070e600000|  0%| F|  |TAMS 0x000000070e400000, 0x000000070e400000| Untracked 
| 109|0x000000070e600000, 0x000000070e600000, 0x000000070e800000|  0%| F|  |TAMS 0x000000070e600000, 0x000000070e600000| Untracked 
| 110|0x000000070e800000, 0x000000070e800000, 0x000000070ea00000|  0%| F|  |TAMS 0x000000070e800000, 0x000000070e800000| Untracked 
| 111|0x000000070ea00000, 0x000000070ea00000, 0x000000070ec00000|  0%| F|  |TAMS 0x000000070ea00000, 0x000000070ea00000| Untracked 
| 112|0x000000070ec00000, 0x000000070ec00000, 0x000000070ee00000|  0%| F|  |TAMS 0x000000070ec00000, 0x000000070ec00000| Untracked 
| 113|0x000000070ee00000, 0x000000070ee00000, 0x000000070f000000|  0%| F|  |TAMS 0x000000070ee00000, 0x000000070ee00000| Untracked 
| 114|0x000000070f000000, 0x000000070f000000, 0x000000070f200000|  0%| F|  |TAMS 0x000000070f000000, 0x000000070f000000| Untracked 
| 115|0x000000070f200000, 0x000000070f200000, 0x000000070f400000|  0%| F|  |TAMS 0x000000070f200000, 0x000000070f200000| Untracked 
| 116|0x000000070f400000, 0x000000070f400000, 0x000000070f600000|  0%| F|  |TAMS 0x000000070f400000, 0x000000070f400000| Untracked 
| 117|0x000000070f600000, 0x000000070f600000, 0x000000070f800000|  0%| F|  |TAMS 0x000000070f600000, 0x000000070f600000| Untracked 
| 118|0x000000070f800000, 0x000000070f800000, 0x000000070fa00000|  0%| F|  |TAMS 0x000000070f800000, 0x000000070f800000| Untracked 
| 119|0x000000070fa00000, 0x000000070fa00000, 0x000000070fc00000|  0%| F|  |TAMS 0x000000070fa00000, 0x000000070fa00000| Untracked 
| 120|0x000000070fc00000, 0x000000070fc00000, 0x000000070fe00000|  0%| F|  |TAMS 0x000000070fc00000, 0x000000070fc00000| Untracked 
| 121|0x000000070fe00000, 0x000000070fe00000, 0x0000000710000000|  0%| F|  |TAMS 0x000000070fe00000, 0x000000070fe00000| Untracked 
| 122|0x0000000710000000, 0x0000000710054998, 0x0000000710200000| 16%| E|  |TAMS 0x0000000710000000, 0x0000000710000000| Complete 
| 123|0x0000000710200000, 0x0000000710400000, 0x0000000710400000|100%| E|CS|TAMS 0x0000000710200000, 0x0000000710200000| Complete 
| 124|0x0000000710400000, 0x0000000710600000, 0x0000000710600000|100%| E|CS|TAMS 0x0000000710400000, 0x0000000710400000| Complete 
| 125|0x0000000710600000, 0x0000000710800000, 0x0000000710800000|100%| E|  |TAMS 0x0000000710600000, 0x0000000710600000| Complete 
| 126|0x0000000710800000, 0x0000000710a00000, 0x0000000710a00000|100%| E|CS|TAMS 0x0000000710800000, 0x0000000710800000| Complete 
| 127|0x0000000710a00000, 0x0000000710c00000, 0x0000000710c00000|100%| E|CS|TAMS 0x0000000710a00000, 0x0000000710a00000| Complete 

Card table byte_map: [0x0000017add370000,0x0000017addb70000] _byte_map_base: 0x0000017ad9b6a000

Marking Bits (Prev, Next): (CMBitMap*) 0x0000017ac63ae0c0, (CMBitMap*) 0x0000017ac63ae100
 Prev Bits: [0x0000017ade370000, 0x0000017ae2340000)
 Next Bits: [0x0000017ae2340000, 0x0000017ae6310000)

Polling page: 0x0000017ac5b40000

Metaspace:

Usage:
  Non-class:      4.37 MB used.
      Class:    208.62 KB used.
       Both:      4.57 MB used.

Virtual space:
  Non-class space:        8.00 MB reserved,       4.44 MB ( 55%) committed,  1 nodes.
      Class space:        1.00 GB reserved,     320.00 KB ( <1%) committed,  1 nodes.
             Both:        1.01 GB reserved,       4.75 MB ( <1%) committed. 

Chunk freelists:
   Non-Class:  735.00 KB
       Class:  3.61 MB
        Both:  4.33 MB

MaxMetaspaceSize: unlimited
CompressedClassSpaceSize: 1.00 GB
Initial GC threshold: 21.00 MB
Current GC threshold: 21.00 MB
CDS: on
MetaspaceReclaimPolicy: balanced
 - commit_granule_bytes: 65536.
 - commit_granule_words: 8192.
 - virtual_space_node_default_size: 1048576.
 - enlarge_chunks_in_place: 1.
 - new_chunks_are_fully_committed: 0.
 - uncommit_free_chunks: 1.
 - use_allocation_guard: 0.
 - handle_deallocations: 1.


Internal statistics:

num_allocs_failed_limit: 0.
num_arena_births: 76.
num_arena_deaths: 0.
num_vsnodes_births: 2.
num_vsnodes_deaths: 0.
num_space_committed: 74.
num_space_uncommitted: 0.
num_chunks_returned_to_freelist: 0.
num_chunks_taken_from_freelist: 213.
num_chunk_merges: 0.
num_chunk_splits: 149.
num_chunks_enlarged: 113.
num_purges: 0.
num_inconsistent_stats: 0.

CodeHeap 'non-profiled nmethods': size=120000Kb used=184Kb max_used=184Kb free=119815Kb
 bounds [0x0000017ad5640000, 0x0000017ad58b0000, 0x0000017adcb70000]
CodeHeap 'profiled nmethods': size=120000Kb used=954Kb max_used=954Kb free=119045Kb
 bounds [0x0000017ace110000, 0x0000017ace380000, 0x0000017ad5640000]
CodeHeap 'non-nmethods': size=5760Kb used=1586Kb max_used=1599Kb free=4173Kb
 bounds [0x0000017acdb70000, 0x0000017acdde0000, 0x0000017ace110000]
 total_blobs=1624 nmethods=611 adapters=926
 compilation: enabled
              stopped_count=0, restarted_count=0
 full_count=0

Compilation events (20 events):
Event: 0.591 Thread 0x0000017ae87f8fb0  603       3       java.lang.invoke.MethodType::parameterSlotCount (8 bytes)
Event: 0.591 Thread 0x0000017ae87f8fb0 nmethod 603 0x0000017ace1fb610 code [0x0000017ace1fb7a0, 0x0000017ace1fb8d8]
Event: 0.591 Thread 0x0000017ae87f8fb0  604       3       jdk.internal.jimage.BasicImageReader::verifyLocation (39 bytes)
Event: 0.591 Thread 0x0000017ae87f8fb0 nmethod 604 0x0000017ace1fb990 code [0x0000017ace1fbb60, 0x0000017ace1fbe48]
Event: 0.591 Thread 0x0000017ae87f8fb0  602       3       jdk.internal.ref.CleanerImpl$PhantomCleanableRef::<init> (12 bytes)
Event: 0.591 Thread 0x0000017ae87f8fb0 nmethod 602 0x0000017ace1fbf90 code [0x0000017ace1fc140, 0x0000017ace1fc2e8]
Event: 0.592 Thread 0x0000017ae87f8fb0  605   !   3       java.util.zip.Inflater::needsInput (55 bytes)
Event: 0.592 Thread 0x0000017ae87f8fb0 nmethod 605 0x0000017ace1fc390 code [0x0000017ace1fc540, 0x0000017ace1fc8f8]
Event: 0.594 Thread 0x0000017ae87f8fb0  606       3       java.util.zip.ZipFile$ZipFileInflaterInputStream::fill (80 bytes)
Event: 0.594 Thread 0x0000017ae87f8fb0 nmethod 606 0x0000017ace1fca10 code [0x0000017ace1fcbe0, 0x0000017ace1fcf88]
Event: 0.594 Thread 0x0000017ae87f8fb0  607   !   3       java.util.zip.ZipFile$ZipFileInputStream::read (135 bytes)
Event: 0.594 Thread 0x0000017ae87f8fb0 nmethod 607 0x0000017ace1fd110 code [0x0000017ace1fd320, 0x0000017ace1fd9b8]
Event: 0.594 Thread 0x0000017ae87f8fb0  608   !   3       java.util.zip.Inflater::setInput (69 bytes)
Event: 0.595 Thread 0x0000017ae87f8fb0 nmethod 608 0x0000017ace1fdd10 code [0x0000017ace1fdec0, 0x0000017ace1fe288]
Event: 0.596 Thread 0x0000017ae87f1000  609       4       java.lang.Math::min (11 bytes)
Event: 0.596 Thread 0x0000017ae87f8fb0  610       3       java.nio.channels.spi.AbstractInterruptibleChannel::isOpen (13 bytes)
Event: 0.596 Thread 0x0000017ae87f8fb0 nmethod 610 0x0000017ace1fe410 code [0x0000017ace1fe5a0, 0x0000017ace1fe718]
Event: 0.596 Thread 0x0000017ae87f8fb0  611       3       sun.nio.ch.Util::isBufferTooLarge (15 bytes)
Event: 0.596 Thread 0x0000017ae87f8fb0 nmethod 611 0x0000017ace1fe790 code [0x0000017ace1fe920, 0x0000017ace1fea78]
Event: 0.596 Thread 0x0000017ae87f1000 nmethod 609 0x0000017ad566e090 code [0x0000017ad566e200, 0x0000017ad566e258]

GC Heap History (0 events):
No events

Deoptimization events (10 events):
Event: 0.155 Thread 0x0000017ac635dd10 DEOPT PACKING pc=0x0000017ace128c67 sp=0x00000057bddfbaa0
Event: 0.155 Thread 0x0000017ac635dd10 DEOPT UNPACKING pc=0x0000017acdbc2b43 sp=0x00000057bddfaec0 mode 0
Event: 0.168 Thread 0x0000017ac635dd10 Uncommon trap: trap_request=0xffffff45 fr.pc=0x0000017ad5646fe4 relative=0x0000000000000064
Event: 0.168 Thread 0x0000017ac635dd10 Uncommon trap: reason=unstable_if action=reinterpret pc=0x0000017ad5646fe4 method=java.io.WinNTFileSystem.isSlash(C)Z @ 9 c2
Event: 0.168 Thread 0x0000017ac635dd10 DEOPT PACKING pc=0x0000017ad5646fe4 sp=0x00000057bddfbb90
Event: 0.168 Thread 0x0000017ac635dd10 DEOPT UNPACKING pc=0x0000017acdbc23a3 sp=0x00000057bddfbb18 mode 2
Event: 0.492 Thread 0x0000017ac635dd10 Uncommon trap: trap_request=0xffffff54 fr.pc=0x0000017ad56671dc relative=0x000000000000005c
Event: 0.492 Thread 0x0000017ac635dd10 Uncommon trap: reason=speculate_null_assert action=make_not_entrant pc=0x0000017ad56671dc method=sun.misc.Unsafe.getLong(Ljava/lang/Object;J)J @ 5 c2
Event: 0.492 Thread 0x0000017ac635dd10 DEOPT PACKING pc=0x0000017ad56671dc sp=0x00000057bddff0a0
Event: 0.492 Thread 0x0000017ac635dd10 DEOPT UNPACKING pc=0x0000017acdbc23a3 sp=0x00000057bddff028 mode 2

Classes unloaded (0 events):
No events

Classes redefined (0 events):
No events

Internal exceptions (20 events):
Event: 0.141 Thread 0x0000017ac635dd10 Exception <a 'java/lang/NoSuchMethodError'{0x00000007109117c0}: 'int java.lang.invoke.DirectMethodHandle$Holder.invokeSpecial(java.lang.Object, java.lang.Object, java.lang.Object)'> (0x00000007109117c0) 
thrown [t:\workspace\open\src\hotspot\share\interpreter\linkResolver.cpp, line 766]
Event: 0.175 Thread 0x0000017ac635dd10 Exception <a 'sun/nio/fs/WindowsException'{0x000000071098ad40}> (0x000000071098ad40) 
thrown [t:\workspace\open\src\hotspot\share\prims\jni.cpp, line 516]
Event: 0.175 Thread 0x0000017ac635dd10 Exception <a 'sun/nio/fs/WindowsException'{0x000000071098b298}> (0x000000071098b298) 
thrown [t:\workspace\open\src\hotspot\share\prims\jni.cpp, line 516]
Event: 0.186 Thread 0x0000017ac635dd10 Exception <a 'java/lang/NoSuchMethodError'{0x00000007109c3a80}: 'int java.lang.invoke.DirectMethodHandle$Holder.invokeStaticInit(java.lang.Object, java.lang.Object, int, long)'> (0x00000007109c3a80) 
thrown [t:\workspace\open\src\hotspot\share\interpreter\linkResolver.cpp, line 766]
Event: 0.187 Thread 0x0000017ac635dd10 Exception <a 'java/lang/NoSuchMethodError'{0x00000007109c9590}: 'java.lang.Object java.lang.invoke.DirectMethodHandle$Holder.newInvokeSpecial(java.lang.Object, java.lang.Object, int)'> (0x00000007109c9590) 
thrown [t:\workspace\open\src\hotspot\share\interpreter\linkResolver.cpp, line 766]
Event: 0.189 Thread 0x0000017ac635dd10 Exception <a 'java/lang/NoSuchMethodError'{0x00000007109d9760}: 'int java.lang.invoke.DirectMethodHandle$Holder.invokeStaticInit(java.lang.Object, java.lang.Object, long, long)'> (0x00000007109d9760) 
thrown [t:\workspace\open\src\hotspot\share\interpreter\linkResolver.cpp, line 766]
Event: 0.189 Thread 0x0000017ac635dd10 Exception <a 'java/lang/NoSuchMethodError'{0x00000007109df870}: 'java.lang.Object java.lang.invoke.DirectMethodHandle$Holder.newInvokeSpecial(java.lang.Object, java.lang.Object, long)'> (0x00000007109df870) 
thrown [t:\workspace\open\src\hotspot\share\interpreter\linkResolver.cpp, line 766]
Event: 0.190 Thread 0x0000017ac635dd10 Exception <a 'java/lang/NoSuchMethodError'{0x00000007109e38b8}: 'java.lang.Object java.lang.invoke.Invokers$Holder.linkToTargetMethod(java.lang.Object, long, java.lang.Object)'> (0x00000007109e38b8) 
thrown [t:\workspace\open\src\hotspot\share\interpreter\linkResolver.cpp, line 766]
Event: 0.190 Thread 0x0000017ac635dd10 Exception <a 'java/lang/NoSuchMethodError'{0x00000007109eafd0}: 'int java.lang.invoke.DirectMethodHandle$Holder.invokeStaticInit(java.lang.Object, java.lang.Object, java.lang.Object, long)'> (0x00000007109eafd0) 
thrown [t:\workspace\open\src\hotspot\share\interpreter\linkResolver.cpp, line 766]
Event: 0.212 Thread 0x0000017ac635dd10 Exception <a 'sun/nio/fs/WindowsException'{0x00000007106aabb8}> (0x00000007106aabb8) 
thrown [t:\workspace\open\src\hotspot\share\prims\jni.cpp, line 516]
Event: 0.212 Thread 0x0000017ac635dd10 Exception <a 'sun/nio/fs/WindowsException'{0x00000007106aaf28}> (0x00000007106aaf28) 
thrown [t:\workspace\open\src\hotspot\share\prims\jni.cpp, line 516]
Event: 0.436 Thread 0x0000017ac635dd10 Exception <a 'java/lang/NoSuchMethodError'{0x0000000710700e48}: 'void java.lang.invoke.DirectMethodHandle$Holder.invokeStaticInit(java.lang.Object, long, double, double)'> (0x0000000710700e48) 
thrown [t:\workspace\open\src\hotspot\share\interpreter\linkResolver.cpp, line 766]
Event: 0.438 Thread 0x0000017ac635dd10 Exception <a 'java/lang/NoSuchMethodError'{0x0000000710711170}: 'void java.lang.invoke.DirectMethodHandle$Holder.invokeStaticInit(java.lang.Object, long, int, int, int)'> (0x0000000710711170) 
thrown [t:\workspace\open\src\hotspot\share\interpreter\linkResolver.cpp, line 766]
Event: 0.441 Thread 0x0000017ac635dd10 Exception <a 'java/lang/NoSuchMethodError'{0x000000071072b310}: 'void java.lang.invoke.DirectMethodHandle$Holder.invokeStaticInit(java.lang.Object, long, int, int, int, int)'> (0x000000071072b310) 
thrown [t:\workspace\open\src\hotspot\share\interpreter\linkResolver.cpp, line 766]
Event: 0.462 Thread 0x0000017ac635dd10 Exception <a 'sun/nio/fs/WindowsException'{0x0000000710762bc0}> (0x0000000710762bc0) 
thrown [t:\workspace\open\src\hotspot\share\prims\jni.cpp, line 516]
Event: 0.462 Thread 0x0000017ac635dd10 Exception <a 'sun/nio/fs/WindowsException'{0x0000000710762f70}> (0x0000000710762f70) 
thrown [t:\workspace\open\src\hotspot\share\prims\jni.cpp, line 516]
Event: 0.466 Thread 0x0000017ac635dd10 Exception <a 'sun/nio/fs/WindowsException'{0x000000071076a450}> (0x000000071076a450) 
thrown [t:\workspace\open\src\hotspot\share\prims\jni.cpp, line 516]
Event: 0.466 Thread 0x0000017ac635dd10 Exception <a 'sun/nio/fs/WindowsException'{0x000000071076a738}> (0x000000071076a738) 
thrown [t:\workspace\open\src\hotspot\share\prims\jni.cpp, line 516]
Event: 0.597 Thread 0x0000017ac635dd10 Exception <a 'sun/nio/fs/WindowsException'{0x000000071004b720}> (0x000000071004b720) 
thrown [t:\workspace\open\src\hotspot\share\prims\jni.cpp, line 516]
Event: 0.597 Thread 0x0000017ac635dd10 Exception <a 'sun/nio/fs/WindowsException'{0x000000071004baa8}> (0x000000071004baa8) 
thrown [t:\workspace\open\src\hotspot\share\prims\jni.cpp, line 516]

VM Operations (4 events):
Event: 0.071 Executing VM operation: HandshakeAllThreads
Event: 0.071 Executing VM operation: HandshakeAllThreads done
Event: 0.168 Executing VM operation: HandshakeAllThreads
Event: 0.168 Executing VM operation: HandshakeAllThreads done

Events (20 events):
Event: 0.182 loading class jdk/internal/reflect/UnsafeQualifiedStaticObjectFieldAccessorImpl done
Event: 0.185 loading class java/util/function/LongPredicate
Event: 0.185 loading class java/util/function/LongPredicate done
Event: 0.187 loading class jdk/internal/access/foreign/MemorySegmentProxy
Event: 0.187 loading class jdk/internal/access/foreign/MemorySegmentProxy done
Event: 0.191 loading class java/nio/InvalidMarkException
Event: 0.191 loading class java/nio/InvalidMarkException done
Event: 0.191 loading class java/nio/BufferUnderflowException
Event: 0.191 loading class java/nio/BufferUnderflowException done
Event: 0.212 loading class java/lang/NoSuchFieldError
Event: 0.212 loading class java/lang/NoSuchFieldError done
Event: 0.215 loading class jdk/internal/reflect/UnsafeQualifiedStaticIntegerFieldAccessorImpl
Event: 0.215 loading class jdk/internal/reflect/UnsafeQualifiedStaticIntegerFieldAccessorImpl done
Event: 0.464 Loaded shared library C:\Users\stuff\AppData\Local\Temp\lwjglstuff\3.3.0-build-21\lwjgl_opengl.dll
Event: 0.494 loading class jdk/internal/misc/ScopedMemoryAccess$Scope
Event: 0.494 loading class jdk/internal/misc/ScopedMemoryAccess$Scope done
Event: 0.523 loading class java/io/Externalizable
Event: 0.523 loading class java/io/Externalizable done
Event: 0.524 Loaded shared library C:\Program Files\Java\jdk-17\bin\verify.dll
Event: 0.598 Loaded shared library C:\Users\stuff\AppData\Local\Temp\lwjglstuff\3.3.0-build-21\lwjgl_stb.dll


Dynamic libraries:
0x00007ff64bee0000 - 0x00007ff64bef0000 	C:\Program Files\Java\jdk-17\bin\java.exe
0x00007ffb5d9b0000 - 0x00007ffb5dba5000 	C:\Windows\SYSTEM32\ntdll.dll
0x00007ffb5ca30000 - 0x00007ffb5caee000 	C:\Windows\System32\KERNEL32.DLL
0x00007ffb5b400000 - 0x00007ffb5b6c8000 	C:\Windows\System32\KERNELBASE.dll
0x00007ffb5b6d0000 - 0x00007ffb5b7d0000 	C:\Windows\System32\ucrtbase.dll
0x00007ffb4cc30000 - 0x00007ffb4cc4a000 	C:\Program Files\Java\jdk-17\bin\VCRUNTIME140.dll
0x00007ffb50fd0000 - 0x00007ffb50fe8000 	C:\Program Files\Java\jdk-17\bin\jli.dll
0x00007ffb5d320000 - 0x00007ffb5d3ce000 	C:\Windows\System32\ADVAPI32.dll
0x00007ffb5cb90000 - 0x00007ffb5cc2e000 	C:\Windows\System32\msvcrt.dll
0x00007ffb5caf0000 - 0x00007ffb5cb8c000 	C:\Windows\System32\sechost.dll
0x00007ffb5d3d0000 - 0x00007ffb5d4f5000 	C:\Windows\System32\RPCRT4.dll
0x00007ffb5bc80000 - 0x00007ffb5be21000 	C:\Windows\System32\USER32.dll
0x00007ffb4a4c0000 - 0x00007ffb4a75a000 	C:\Windows\WinSxS\amd64_microsoft.windows.common-controls_6595b64144ccf1df_6.0.19041.1110_none_60b5254171f9507e\COMCTL32.dll
0x00007ffb5b3d0000 - 0x00007ffb5b3f2000 	C:\Windows\System32\win32u.dll
0x00007ffb5bc50000 - 0x00007ffb5bc7b000 	C:\Windows\System32\GDI32.dll
0x00007ffb5b880000 - 0x00007ffb5b98d000 	C:\Windows\System32\gdi32full.dll
0x00007ffb5b0c0000 - 0x00007ffb5b15d000 	C:\Windows\System32\msvcp_win.dll
0x00007ffb53540000 - 0x00007ffb5354a000 	C:\Windows\SYSTEM32\VERSION.dll
0x00007ffb5d140000 - 0x00007ffb5d170000 	C:\Windows\System32\IMM32.DLL
0x00007ffb510e0000 - 0x00007ffb510ec000 	C:\Program Files\Java\jdk-17\bin\vcruntime140_1.dll
0x00007ffb3b710000 - 0x00007ffb3b79d000 	C:\Program Files\Java\jdk-17\bin\msvcp140.dll
0x00007ffae77c0000 - 0x00007ffae837e000 	C:\Program Files\Java\jdk-17\bin\server\jvm.dll
0x00007ffb5d170000 - 0x00007ffb5d178000 	C:\Windows\System32\PSAPI.DLL
0x00007ffb56f80000 - 0x00007ffb56f89000 	C:\Windows\SYSTEM32\WSOCK32.dll
0x00007ffb52ca0000 - 0x00007ffb52cc7000 	C:\Windows\SYSTEM32\WINMM.dll
0x00007ffb5d180000 - 0x00007ffb5d1eb000 	C:\Windows\System32\WS2_32.dll
0x00007ffb58fd0000 - 0x00007ffb58fe2000 	C:\Windows\SYSTEM32\kernel.appcore.dll
0x00007ffb50fa0000 - 0x00007ffb50faa000 	C:\Program Files\Java\jdk-17\bin\jimage.dll
0x00007ffb502b0000 - 0x00007ffb50494000 	C:\Windows\SYSTEM32\DBGHELP.DLL
0x00007ffb4ad90000 - 0x00007ffb4adbc000 	C:\Windows\SYSTEM32\dbgcore.DLL
0x00007ffb5b2f0000 - 0x00007ffb5b372000 	C:\Windows\System32\bcryptPrimitives.dll
0x00007ffb4c7d0000 - 0x00007ffb4c7f5000 	C:\Program Files\Java\jdk-17\bin\java.dll
0x00007ffb25290000 - 0x00007ffb25366000 	C:\Program Files\Java\jdk-17\bin\svml.dll
0x00007ffb5bec0000 - 0x00007ffb5c604000 	C:\Windows\System32\SHELL32.dll
0x00007ffb591d0000 - 0x00007ffb59965000 	C:\Windows\SYSTEM32\windows.storage.dll
0x00007ffb5d560000 - 0x00007ffb5d8b5000 	C:\Windows\System32\combase.dll
0x00007ffb5ab10000 - 0x00007ffb5ab3e000 	C:\Windows\SYSTEM32\Wldp.dll
0x00007ffb5d210000 - 0x00007ffb5d2bd000 	C:\Windows\System32\SHCORE.dll
0x00007ffb5bbf0000 - 0x00007ffb5bc45000 	C:\Windows\System32\shlwapi.dll
0x00007ffb5b000000 - 0x00007ffb5b01f000 	C:\Windows\SYSTEM32\profapi.dll
0x00007ffb4c410000 - 0x00007ffb4c429000 	C:\Program Files\Java\jdk-17\bin\net.dll
0x00007ffb513a0000 - 0x00007ffb514ac000 	C:\Windows\SYSTEM32\WINHTTP.dll
0x00007ffb5a870000 - 0x00007ffb5a8da000 	C:\Windows\system32\mswsock.dll
0x00007ffb4bfc0000 - 0x00007ffb4bfd5000 	C:\Program Files\Java\jdk-17\bin\nio.dll
0x00007ffb4a3b0000 - 0x00007ffb4a3c8000 	C:\Program Files\Java\jdk-17\bin\zip.dll
0x00007ffb4c810000 - 0x00007ffb4c881000 	C:\Users\stuff\AppData\Local\Temp\lwjglstuff\3.3.0-build-21\lwjgl.dll
0x00007ffb32650000 - 0x00007ffb326b1000 	C:\Users\stuff\AppData\Local\Temp\lwjglstuff\3.3.0-build-21\glfw.dll
0x00007ffb4c910000 - 0x00007ffb4c955000 	C:\Windows\SYSTEM32\dinput8.dll
0x00007ffb4c510000 - 0x00007ffb4c521000 	C:\Windows\SYSTEM32\xinput1_4.dll
0x00007ffb5b380000 - 0x00007ffb5b3ce000 	C:\Windows\System32\cfgmgr32.dll
0x00007ffb5ae60000 - 0x00007ffb5ae94000 	C:\Windows\SYSTEM32\DEVOBJ.dll
0x00007ffb58ce0000 - 0x00007ffb58d0f000 	C:\Windows\SYSTEM32\dwmapi.dll
0x00007ffb4cde0000 - 0x00007ffb4cf32000 	C:\Windows\SYSTEM32\inputhost.dll
0x00007ffb5c960000 - 0x00007ffb5ca2d000 	C:\Windows\System32\OLEAUT32.dll
0x00007ffb587b0000 - 0x00007ffb588a2000 	C:\Windows\SYSTEM32\CoreMessaging.dll
0x00007ffb56c30000 - 0x00007ffb56d26000 	C:\Windows\SYSTEM32\PROPSYS.dll
0x00007ffb57d80000 - 0x00007ffb57ed4000 	C:\Windows\SYSTEM32\wintypes.dll
0x00007ffb58450000 - 0x00007ffb587ae000 	C:\Windows\SYSTEM32\CoreUIComponents.dll
0x00007ffb59db0000 - 0x00007ffb59de3000 	C:\Windows\SYSTEM32\ntmarta.dll
0x00007ffb58af0000 - 0x00007ffb58b8e000 	C:\Windows\system32\uxtheme.dll
0x00007ffb5b9f0000 - 0x00007ffb5bb05000 	C:\Windows\System32\MSCTF.dll
0x00007ffb2e190000 - 0x00007ffb2e2b5000 	C:\Windows\SYSTEM32\opengl32.dll
0x00007ffb515f0000 - 0x00007ffb5161c000 	C:\Windows\SYSTEM32\GLU32.dll
0x00007ffb5d8c0000 - 0x00007ffb5d969000 	C:\Windows\System32\clbcatq.dll
0x00007ffaece40000 - 0x00007ffaefdff000 	C:\Windows\System32\DriverStore\FileRepository\nvmdi.inf_amd64_697983dd21312b3c\nvoglv64.dll
0x00007ffb5ccc0000 - 0x00007ffb5d132000 	C:\Windows\System32\SETUPAPI.dll
0x00007ffb5b160000 - 0x00007ffb5b187000 	C:\Windows\System32\bcrypt.dll
0x00007ffb5c820000 - 0x00007ffb5c94a000 	C:\Windows\System32\ole32.dll
0x00007ffb56dd0000 - 0x00007ffb56de4000 	C:\Windows\SYSTEM32\WTSAPI32.dll
0x00007ffb5aa60000 - 0x00007ffb5aa6c000 	C:\Windows\SYSTEM32\CRYPTBASE.DLL
0x00007ffb5aca0000 - 0x00007ffb5acb2000 	C:\Windows\SYSTEM32\msasn1.dll
0x00007ffb534e0000 - 0x00007ffb53511000 	C:\Windows\SYSTEM32\cryptnet.dll
0x00007ffb5b190000 - 0x00007ffb5b2e6000 	C:\Windows\System32\CRYPT32.dll
0x00007ffb53390000 - 0x00007ffb534da000 	C:\Windows\SYSTEM32\drvstore.dll
0x00007ffb5b990000 - 0x00007ffb5b9f0000 	C:\Windows\System32\WINTRUST.dll
0x00007ffb53910000 - 0x00007ffb5394b000 	C:\Windows\SYSTEM32\dxcore.dll
0x00007ffafad10000 - 0x00007ffafafd5000 	C:\Windows\system32\nvspcap64.dll
0x00007ffb5a680000 - 0x00007ffb5a6cb000 	C:\Windows\SYSTEM32\powrprof.dll
0x00007ffb5a4f0000 - 0x00007ffb5a502000 	C:\Windows\SYSTEM32\UMPDC.dll
0x00007ffb59e60000 - 0x00007ffb59eba000 	C:\Windows\SYSTEM32\WINSTA.dll
0x00007ffb512a0000 - 0x00007ffb51399000 	C:\Windows\SYSTEM32\textinputframework.dll
0x00007ffb4c430000 - 0x00007ffb4c48d000 	C:\Users\stuff\AppData\Local\Temp\lwjglstuff\3.3.0-build-21\lwjgl_opengl.dll
0x00007ffb4d160000 - 0x00007ffb4d170000 	C:\Program Files\Java\jdk-17\bin\verify.dll
0x00007ffb325c0000 - 0x00007ffb32641000 	C:\Users\stuff\AppData\Local\Temp\lwjglstuff\3.3.0-build-21\lwjgl_stb.dll

dbghelp: loaded successfully - version: 4.0.5 - missing functions: none
symbol engine: initialized successfully - sym options: 0x614 - pdb path: .;C:\Program Files\Java\jdk-17\bin;C:\Windows\SYSTEM32;C:\Windows\WinSxS\amd64_microsoft.windows.common-controls_6595b64144ccf1df_6.0.19041.1110_none_60b5254171f9507e;C:\Program Files\Java\jdk-17\bin\server;C:\Users\stuff\AppData\Local\Temp\lwjglstuff\3.3.0-build-21;C:\Windows\System32\DriverStore\FileRepository\nvmdi.inf_amd64_697983dd21312b3c

VM Arguments:
jvm_args: -Dfile.encoding=windows-1252 -Duser.country=US -Duser.language=en -Duser.variant -ea 
java_command: Main
java_class_path (initial): C:\Users\stuff\Desktop\Platformer\build\classes\java\main;C:\Users\stuff\Desktop\Platformer\build\resources\main;C:\Users\stuff\.gradle\caches\modules-2\files-2.1\org.lwjgl\lwjgl-assimp\3.3.0\82135e856184e76d38a97f729141298d3edcf0e4\lwjgl-assimp-3.3.0.jar;C:\Users\stuff\.gradle\caches\modules-2\files-2.1\org.lwjgl\lwjgl-assimp\3.3.0\3256ea17d2f82e98a2e6464cb165a3af49ac5e36\lwjgl-assimp-3.3.0-natives-windows.jar;C:\Users\stuff\.gradle\caches\modules-2\files-2.1\org.lwjgl\lwjgl-glfw\3.3.0\899e34f314525596f8fdb6476d3e56104da4601d\lwjgl-glfw-3.3.0.jar;C:\Users\stuff\.gradle\caches\modules-2\files-2.1\org.lwjgl\lwjgl-glfw\3.3.0\b2d71cebdfecc512131879573e835211cb47b91f\lwjgl-glfw-3.3.0-natives-windows.jar;C:\Users\stuff\.gradle\caches\modules-2\files-2.1\org.lwjgl\lwjgl-nfd\3.3.0\6d0e4be3e2811979b3cad55f642c5b13559fa202\lwjgl-nfd-3.3.0.jar;C:\Users\stuff\.gradle\caches\modules-2\files-2.1\org.lwjgl\lwjgl-nfd\3.3.0\eabaa0a7dcf9597d6a11c2d706431fd884dd84d9\lwjgl-nfd-3.3.0-natives-windows.jar;C:\Users\stuff\.gradle\caches\modules-2\files-2.1\org.lwjgl\lwjgl-openal\3.3.0\902dd57b5a46e8a75ee843c2db61f80b4d130d48\lwjgl-openal-3.3.0.jar;C:\Users\stuff\.gradle\caches\modules-2\files-2.1\org.lwjgl\lwjgl-openal\3.3.0\d6e59a987bd196b9a7ce161db41fe1727b0d88f\lwjgl-openal-3.3.0-natives-windows.jar;C:\Users\stuff\.gradle\caches\modules-2\files-2.1\org.lwjgl\lwjgl-opengl\3.3.0\a1f395f7758a3abd5aff75fc8a20368ac371631e\lwjgl-opengl-3.3.0.jar;C:\Users\stuff\.gradle\caches\modules-2\files-2.1\org.lwjgl\lwjgl-opengl\3.3.0\de52e197709c8d03cb386ed7b3b4ce8b96a339f3\lwjgl-opengl-3.3.0-natives-windows.jar;C:\Users\stuff\.gradle\caches\modules-2\files-2.1\org.lwjgl\lwjgl-stb\3.3.0\69becce49e19671fccca33bfb273231055bd9fcf\lwjgl-stb-3.3.0.jar;C:\Users\stuff\.gradle\caches\modules-2\files-2.1\org.lwjgl\lwjgl-stb\3.3.0\58994705dc03cca4da31ab850edfae51cfbff74c\lwjgl-stb-3.3.0-natives-windows.jar;C:\Users\stuff\.gradle\caches\modules-2\files-2.1\org.lwjgl\lwjgl\3.3.0\77b0dc0
Launcher Type: SUN_STANDARD

[Global flags]
     intx CICompilerCount                          = 3                                         {product} {ergonomic}
     uint ConcGCThreads                            = 1                                         {product} {ergonomic}
     uint G1ConcRefinementThreads                  = 4                                         {product} {ergonomic}
   size_t G1HeapRegionSize                         = 2097152                                   {product} {ergonomic}
    uintx GCDrainStackTargetSize                   = 64                                        {product} {ergonomic}
   size_t InitialHeapSize                          = 268435456                                 {product} {ergonomic}
   size_t MarkStackSize                            = 4194304                                   {product} {ergonomic}
   size_t MaxHeapSize                              = 4282384384                                {product} {ergonomic}
   size_t MaxNewSize                               = 2569011200                                {product} {ergonomic}
   size_t MinHeapDeltaBytes                        = 2097152                                   {product} {ergonomic}
   size_t MinHeapSize                              = 8388608                                   {product} {ergonomic}
    uintx NonNMethodCodeHeapSize                   = 5832780                                {pd product} {ergonomic}
    uintx NonProfiledCodeHeapSize                  = 122912730                              {pd product} {ergonomic}
    uintx ProfiledCodeHeapSize                     = 122912730                              {pd product} {ergonomic}
    uintx ReservedCodeCacheSize                    = 251658240                              {pd product} {ergonomic}
     bool SegmentedCodeCache                       = true                                      {product} {ergonomic}
   size_t SoftMaxHeapSize                          = 4282384384                             {manageable} {ergonomic}
     bool UseCompressedClassPointers               = true                           {product lp64_product} {ergonomic}
     bool UseCompressedOops                        = true                           {product lp64_product} {ergonomic}
     bool UseG1GC                                  = true                                      {product} {ergonomic}
     bool UseLargePagesIndividualAllocation        = false                                  {pd product} {ergonomic}

Logging:
Log output configuration:
 #0: stdout all=warning uptime,level,tags
 #1: stderr all=off uptime,level,tags

Environment Variables:
PATH=C:\Program Files\Common Files\Oracle\Java\javapath;C:\Program Files (x86)\Common Files\Oracle\Java\javapath;C:\Windows\system32;C:\Windows;C:\Windows\System32\Wbem;C:\Windows\System32\WindowsPowerShell\v1.0\;C:\Windows\System32\OpenSSH\;C:\Program Files\NVIDIA Corporation\NVIDIA NvDLISR;C:\Program Files\dotnet\;C:\Program Files (x86)\NVIDIA Corporation\PhysX\Common;C:\Program Files\Git LFS;C:\Program Files\Git\cmd;C:\Users\stuff\AppData\Local\Microsoft\WindowsApps;;C:\Users\stuff\AppData\Local\Programs\Microsoft VS Code\bin
USERNAME=stuff
OS=Windows_NT
PROCESSOR_IDENTIFIER=AMD64 Family 23 Model 8 Stepping 2, AuthenticAMD



---------------  S Y S T E M  ---------------

OS:
 Windows 10 , 64 bit Build 19041 (10.0.19041.1466)
OS uptime: 1 days 3:00 hours

CPU: total 4 (initial active 4) (4 cores per cpu, 1 threads per core) family 23 model 8 stepping 2 microcode 0x0, cx8, cmov, fxsr, mmx, 3dnowpref, sse, sse2, sse3, ssse3, sse4a, sse4.1, sse4.2, popcnt, lzcnt, tsc, tscinvbit, avx, avx2, aes, clmul, bmi1, bmi2, adx, sha, fma, vzeroupper, clflush, clflushopt

Memory: 4k page, system-wide physical 16335M (8638M free)
TotalPageFile size 18767M (AvailPageFile size 8630M)
current process WorkingSet (physical memory assigned to process): 92M, peak: 92M
current process commit charge ("private bytes"): 407M, peak: 407M

vm_info: Java HotSpot(TM) 64-Bit Server VM (17+35-LTS-2724) for windows-amd64 JRE (17+35-LTS-2724), built on Aug  5 2021 23:28:28 by "mach5one" with MS VC++ 16.8 (VS2019)

END.
