#
# A fatal error has been detected by the Java Runtime Environment:
#
#  EXCEPTION_ACCESS_VIOLATION (0xc0000005) at pc=0x00007ffaee0bda00, pid=9328, tid=16100
#
# JRE version: Java(TM) SE Runtime Environment (17.0+35) (build 17+35-LTS-2724)
# Java VM: Java HotSpot(TM) 64-Bit Server VM (17+35-LTS-2724, mixed mode, sharing, tiered, compressed oops, compressed class ptrs, g1 gc, windows-amd64)
# Problematic frame:
# C  [nvoglv64.dll+0x127da00]
#
# No core dump will be written. Minidumps are not enabled by default on client versions of Windows
#
# If you would like to submit a bug report, please visit:
#   https://bugreport.java.com/bugreport/crash.jsp
# The crash happened outside the Java Virtual Machine in native code.
# See problematic frame for where to report the bug.
#

---------------  S U M M A R Y ------------

Command Line: -Dfile.encoding=windows-1252 -Duser.country=US -Duser.language=en -Duser.variant -ea Main

Host: AMD Ryzen 3 1200 Quad-Core Processor           , 4 cores, 15G,  Windows 10 , 64 bit Build 19041 (10.0.19041.1466)
Time: Tue Jan 25 21:56:10 2022 Romance Standard Time elapsed time: 0.815202 seconds (0d 0h 0m 0s)

---------------  T H R E A D  ---------------

Current thread (0x000001993d8fe470):  JavaThread "main" [_thread_in_native, id=16100, stack(0x0000005e5ac00000,0x0000005e5ad00000)]

Stack: [0x0000005e5ac00000,0x0000005e5ad00000],  sp=0x0000005e5acff038,  free space=1020k
Native frames: (J=compiled Java code, j=interpreted, Vv=VM code, C=native code)
C  [nvoglv64.dll+0x127da00]

Java frames: (J=compiled Java code, j=interpreted, Vv=VM code)
j  org.lwjgl.opengl.GL11C.nglTexImage2D(IIIIIIIIJ)V+0
j  org.lwjgl.opengl.GL11C.glTexImage2D(IIIIIIIILjava/nio/ByteBuffer;)V+17
j  org.lwjgl.opengl.GL11.glTexImage2D(IIIIIIIILjava/nio/ByteBuffer;)V+14
j  renderer.Texture.<init>(Ljava/lang/String;)V+141
j  engine.LevelEditorScene.init()V+45
j  engine.Window.changeScene(I)V+41
j  engine.Window.inti()V+162
j  engine.Window.run()V+33
j  Main.main([Ljava/lang/String;)V+5
v  ~StubRoutines::call_stub

siginfo: EXCEPTION_ACCESS_VIOLATION (0xc0000005), reading address 0x0000000000000010


Register to memory mapping:

RIP=0x00007ffaee0bda00 nvoglv64.dll
RAX=0x0000000000030010 is an unknown value
RBX=0x00000199611a0358 points into unknown readable memory: 0x0000000000000000 | 00 00 00 00 00 00 00 00
RCX=0x00000199611a0358 points into unknown readable memory: 0x0000000000000000 | 00 00 00 00 00 00 00 00
RDX=0xfffffe669ee5fcb8 is an unknown value
RSP=0x0000005e5acff038 is pointing into the stack for thread: 0x000001993d8fe470
RBP=0x0000000000000010 is an unknown value
RSI=0x0000000000030000 is an unknown value
RDI=0x0000019961e41080 points into unknown readable memory: 0x0000000000000000 | 00 00 00 00 00 00 00 00
R8 =0x0000000000030000 is an unknown value
R9 =0x0000000000000008 is an unknown value
R10=0x0000000000000010 is an unknown value
R11=0x00000199611a0358 points into unknown readable memory: 0x0000000000000000 | 00 00 00 00 00 00 00 00
R12=0x0000000000001401 is an unknown value
R13=0x0000000000001907 is an unknown value
R14=0x0000000000000100 is an unknown value
R15=0x0000000000000de1 is an unknown value


Registers:
RAX=0x0000000000030010, RBX=0x00000199611a0358, RCX=0x00000199611a0358, RDX=0xfffffe669ee5fcb8
RSP=0x0000005e5acff038, RBP=0x0000000000000010, RSI=0x0000000000030000, RDI=0x0000019961e41080
R8 =0x0000000000030000, R9 =0x0000000000000008, R10=0x0000000000000010, R11=0x00000199611a0358
R12=0x0000000000001401, R13=0x0000000000001907, R14=0x0000000000000100, R15=0x0000000000000de1
RIP=0x00007ffaee0bda00, EFLAGS=0x0000000000010246

Top of Stack: (sp=0x0000005e5acff038)
0x0000005e5acff038:   00007ffaed711b9f 0000000000000000
0x0000005e5acff048:   0000000000000000 0000000000000000
0x0000005e5acff058:   0000019945118e10 0000000000000000
0x0000005e5acff068:   0000000000001907 0000000000001401
0x0000005e5acff078:   0000000000000010 0000000000030000
0x0000005e5acff088:   0000000000000000 000001993d8fe470
0x0000005e5acff098:   0000005e5acff2b0 0000019960644d58
0x0000005e5acff0a8:   0000000000000000 0000000000001907
0x0000005e5acff0b8:   0000000000000000 0000000000000de1
0x0000005e5acff0c8:   00007ffb2e1b601a 0000000000000100
0x0000005e5acff0d8:   0000006000000000 0000019900001907
0x0000005e5acff0e8:   0000005e5acff2b0 0000000000000100
0x0000005e5acff0f8:   0000000000000000 0000000000001907
0x0000005e5acff108:   0000019900001401 0000000000000010
0x0000005e5acff118:   00007ffae7b3e272 0000000000000451
0x0000005e5acff128:   00007ffb3244cb35 0000000000000de1 

Instructions: (pc=0x00007ffaee0bda00)
0x00007ffaee0bd900:   b7 0a 44 0f b6 42 02 66 89 08 44 88 40 02 c3 0f
0x00007ffaee0bd910:   b6 0a 88 08 c3 f3 0f 6f 02 f3 0f 7f 00 c3 66 90
0x00007ffaee0bd920:   4c 8b 02 0f b7 4a 08 44 0f b6 4a 0a 4c 89 00 66
0x00007ffaee0bd930:   89 48 08 44 88 48 0a c3 8b 0a 89 08 c3 0f 1f 00
0x00007ffaee0bd940:   8b 0a 44 0f b6 42 04 89 08 44 88 40 04 c3 66 90
0x00007ffaee0bd950:   8b 0a 44 0f b7 42 04 89 08 66 44 89 40 04 c3 90
0x00007ffaee0bd960:   8b 0a 44 0f b7 42 04 44 0f b6 4a 06 89 08 66 44
0x00007ffaee0bd970:   89 40 04 44 88 48 06 c3 4c 8b 02 8b 4a 08 44 0f
0x00007ffaee0bd980:   b6 4a 0c 4c 89 00 89 48 08 44 88 48 0c c3 66 90
0x00007ffaee0bd990:   4c 8b 02 0f b6 4a 08 4c 89 00 88 48 08 c3 66 90
0x00007ffaee0bd9a0:   4c 8b 02 0f b7 4a 08 4c 89 00 66 89 48 08 c3 90
0x00007ffaee0bd9b0:   4c 8b 02 8b 4a 08 4c 89 00 89 48 08 c3 0f 1f 00
0x00007ffaee0bd9c0:   4c 8b 02 8b 4a 08 44 0f b7 4a 0c 4c 89 00 89 48
0x00007ffaee0bd9d0:   08 66 44 89 48 0c c3 66 0f 1f 84 00 00 00 00 00
0x00007ffaee0bd9e0:   4c 8b 02 8b 4a 08 44 0f b7 4a 0c 44 0f b6 52 0e
0x00007ffaee0bd9f0:   4c 89 00 89 48 08 66 44 89 48 0c 44 88 50 0e c3
0x00007ffaee0bda00:   0f 10 04 11 4c 03 c1 48 83 c1 10 41 f6 c3 0f 74
0x00007ffaee0bda10:   13 0f 28 c8 48 83 e1 f0 0f 10 04 11 48 83 c1 10
0x00007ffaee0bda20:   41 0f 11 0b 4c 2b c1 4d 8b c8 49 c1 e9 07 0f 84
0x00007ffaee0bda30:   88 00 00 00 0f 29 41 f0 4c 3b 0d 39 86 a4 01 76
0x00007ffaee0bda40:   17 e9 c2 00 00 00 66 66 0f 1f 84 00 00 00 00 00
0x00007ffaee0bda50:   0f 29 41 e0 0f 29 49 f0 0f 10 04 11 0f 10 4c 11
0x00007ffaee0bda60:   10 48 81 c1 80 00 00 00 0f 29 41 80 0f 29 49 90
0x00007ffaee0bda70:   0f 10 44 11 a0 0f 10 4c 11 b0 49 ff c9 0f 29 41
0x00007ffaee0bda80:   a0 0f 29 49 b0 0f 10 44 11 c0 0f 10 4c 11 d0 0f
0x00007ffaee0bda90:   29 41 c0 0f 29 49 d0 0f 10 44 11 e0 0f 10 4c 11
0x00007ffaee0bdaa0:   f0 75 ad 0f 29 41 e0 49 83 e0 7f 0f 28 c1 eb 0c
0x00007ffaee0bdab0:   0f 10 04 11 48 83 c1 10 49 83 e8 10 4d 8b c8 49
0x00007ffaee0bdac0:   c1 e9 04 74 1c 66 66 66 0f 1f 84 00 00 00 00 00
0x00007ffaee0bdad0:   0f 11 41 f0 0f 10 04 11 48 83 c1 10 49 ff c9 75
0x00007ffaee0bdae0:   ef 49 83 e0 0f 74 0d 4a 8d 04 01 0f 10 4c 10 f0
0x00007ffaee0bdaf0:   0f 11 48 f0 0f 11 41 f0 49 8b c3 c3 0f 1f 40 00 


Stack slot to memory mapping:
stack at sp + 0 slots: 0x00007ffaed711b9f nvoglv64.dll
stack at sp + 1 slots: 0x0 is NULL
stack at sp + 2 slots: 0x0 is NULL
stack at sp + 3 slots: 0x0 is NULL
stack at sp + 4 slots: 0x0000019945118e10 is at code_begin+-112 in 
[CodeBlob (0x0000019945118e10)]
Framesize: 0
BufferBlob (0x0000019945118e10) used for Interpreter
stack at sp + 5 slots: 0x0 is NULL
stack at sp + 6 slots: 0x0000000000001907 is an unknown value
stack at sp + 7 slots: 0x0000000000001401 is an unknown value


---------------  P R O C E S S  ---------------

Threads class SMR info:
_java_thread_list=0x00000199613c18f0, length=13, elements={
0x000001993d8fe470, 0x000001995fd72370, 0x000001995fd748a0, 0x000001995fd892b0,
0x000001995fd8ad80, 0x000001995fd8def0, 0x000001995fd8f7c0, 0x000001995fd923b0,
0x000001995fd96a00, 0x000001995fdb8290, 0x00000199608ea270, 0x00000199608f2ba0,
0x0000019966effbc0
}

Java Threads: ( => current thread )
=>0x000001993d8fe470 JavaThread "main" [_thread_in_native, id=16100, stack(0x0000005e5ac00000,0x0000005e5ad00000)]
  0x000001995fd72370 JavaThread "Reference Handler" daemon [_thread_blocked, id=1036, stack(0x0000005e5b300000,0x0000005e5b400000)]
  0x000001995fd748a0 JavaThread "Finalizer" daemon [_thread_blocked, id=4460, stack(0x0000005e5b400000,0x0000005e5b500000)]
  0x000001995fd892b0 JavaThread "Signal Dispatcher" daemon [_thread_blocked, id=9900, stack(0x0000005e5b500000,0x0000005e5b600000)]
  0x000001995fd8ad80 JavaThread "Attach Listener" daemon [_thread_blocked, id=2768, stack(0x0000005e5b600000,0x0000005e5b700000)]
  0x000001995fd8def0 JavaThread "Service Thread" daemon [_thread_blocked, id=3660, stack(0x0000005e5b700000,0x0000005e5b800000)]
  0x000001995fd8f7c0 JavaThread "Monitor Deflation Thread" daemon [_thread_blocked, id=4024, stack(0x0000005e5b800000,0x0000005e5b900000)]
  0x000001995fd923b0 JavaThread "C2 CompilerThread0" daemon [_thread_blocked, id=3480, stack(0x0000005e5b900000,0x0000005e5ba00000)]
  0x000001995fd96a00 JavaThread "C1 CompilerThread0" daemon [_thread_blocked, id=7508, stack(0x0000005e5ba00000,0x0000005e5bb00000)]
  0x000001995fdb8290 JavaThread "Sweeper thread" daemon [_thread_blocked, id=13344, stack(0x0000005e5bb00000,0x0000005e5bc00000)]
  0x00000199608ea270 JavaThread "Notification Thread" daemon [_thread_blocked, id=11336, stack(0x0000005e5bc00000,0x0000005e5bd00000)]
  0x00000199608f2ba0 JavaThread "Common-Cleaner" daemon [_thread_blocked, id=16904, stack(0x0000005e5be00000,0x0000005e5bf00000)]
  0x0000019966effbc0 JavaThread "Java2D Disposer" daemon [_thread_blocked, id=5508, stack(0x0000005e5c500000,0x0000005e5c600000)]

Other Threads:
  0x000001995fd6d410 VMThread "VM Thread" [stack: 0x0000005e5b200000,0x0000005e5b300000] [id=7736]
  0x00000199608f2770 WatcherThread [stack: 0x0000005e5bd00000,0x0000005e5be00000] [id=13676]
  0x000001993d94d780 GCTaskThread "GC Thread#0" [stack: 0x0000005e5ad00000,0x0000005e5ae00000] [id=9716]
  0x0000019961395830 GCTaskThread "GC Thread#1" [stack: 0x0000005e5c600000,0x0000005e5c700000] [id=16056]
  0x0000019966eedcb0 GCTaskThread "GC Thread#2" [stack: 0x0000005e5c700000,0x0000005e5c800000] [id=6668]
  0x0000019966eedf60 GCTaskThread "GC Thread#3" [stack: 0x0000005e5c800000,0x0000005e5c900000] [id=32]
  0x000001993d95f520 ConcurrentGCThread "G1 Main Marker" [stack: 0x0000005e5ae00000,0x0000005e5af00000] [id=6836]
  0x000001993d9615f0 ConcurrentGCThread "G1 Conc#0" [stack: 0x0000005e5af00000,0x0000005e5b000000] [id=17268]
  0x000001993d9c49c0 ConcurrentGCThread "G1 Refine#0" [stack: 0x0000005e5b000000,0x0000005e5b100000] [id=10460]
  0x000001995fc428b0 ConcurrentGCThread "G1 Service" [stack: 0x0000005e5b100000,0x0000005e5b200000] [id=17008]

Threads with active compile tasks:

VM state: not at safepoint (normal execution)

VM Mutex/Monitor currently owned by a thread: None

Heap address: 0x0000000700c00000, size: 4084 MB, Compressed Oops mode: Zero based, Oop shift amount: 3

CDS archive(s) mapped at: [0x0000000800000000-0x0000000800bc0000-0x0000000800bc0000), size 12320768, SharedBaseAddress: 0x0000000800000000, ArchiveRelocationMode: 0.
Compressed class space mapped at: 0x0000000800c00000-0x0000000840c00000, reserved size: 1073741824
Narrow klass base: 0x0000000800000000, Narrow klass shift: 0, Narrow klass range: 0x100000000

GC Precious Log:
 CPUs: 4 total, 4 available
 Memory: 16335M
 Large Page Support: Disabled
 NUMA Support: Disabled
 Compressed Oops: Enabled (Zero based)
 Heap Region Size: 2M
 Heap Min Capacity: 8M
 Heap Initial Capacity: 256M
 Heap Max Capacity: 4084M
 Pre-touch: Disabled
 Parallel Workers: 4
 Concurrent Workers: 1
 Concurrent Refinement Workers: 4
 Periodic GC: Disabled

Heap:
 garbage-first heap   total 262144K, used 3864K [0x0000000700c00000, 0x0000000800000000)
  region size 2048K, 3 young (6144K), 1 survivors (2048K)
 Metaspace       used 6806K, committed 6976K, reserved 1056768K
  class space    used 434K, committed 512K, reserved 1048576K

Heap Regions: E=young(eden), S=young(survivor), O=old, HS=humongous(starts), HC=humongous(continues), CS=collection set, F=free, OA=open archive, CA=closed archive, TAMS=top-at-mark-start (previous, next)
|   0|0x0000000700c00000, 0x0000000700c00000, 0x0000000700e00000|  0%| F|  |TAMS 0x0000000700c00000, 0x0000000700c00000| Untracked 
|   1|0x0000000700e00000, 0x0000000700e00000, 0x0000000701000000|  0%| F|  |TAMS 0x0000000700e00000, 0x0000000700e00000| Untracked 
|   2|0x0000000701000000, 0x0000000701000000, 0x0000000701200000|  0%| F|  |TAMS 0x0000000701000000, 0x0000000701000000| Untracked 
|   3|0x0000000701200000, 0x0000000701200000, 0x0000000701400000|  0%| F|  |TAMS 0x0000000701200000, 0x0000000701200000| Untracked 
|   4|0x0000000701400000, 0x0000000701400000, 0x0000000701600000|  0%| F|  |TAMS 0x0000000701400000, 0x0000000701400000| Untracked 
|   5|0x0000000701600000, 0x0000000701600000, 0x0000000701800000|  0%| F|  |TAMS 0x0000000701600000, 0x0000000701600000| Untracked 
|   6|0x0000000701800000, 0x0000000701800000, 0x0000000701a00000|  0%| F|  |TAMS 0x0000000701800000, 0x0000000701800000| Untracked 
|   7|0x0000000701a00000, 0x0000000701a00000, 0x0000000701c00000|  0%| F|  |TAMS 0x0000000701a00000, 0x0000000701a00000| Untracked 
|   8|0x0000000701c00000, 0x0000000701c00000, 0x0000000701e00000|  0%| F|  |TAMS 0x0000000701c00000, 0x0000000701c00000| Untracked 
|   9|0x0000000701e00000, 0x0000000701e00000, 0x0000000702000000|  0%| F|  |TAMS 0x0000000701e00000, 0x0000000701e00000| Untracked 
|  10|0x0000000702000000, 0x0000000702000000, 0x0000000702200000|  0%| F|  |TAMS 0x0000000702000000, 0x0000000702000000| Untracked 
|  11|0x0000000702200000, 0x0000000702200000, 0x0000000702400000|  0%| F|  |TAMS 0x0000000702200000, 0x0000000702200000| Untracked 
|  12|0x0000000702400000, 0x0000000702400000, 0x0000000702600000|  0%| F|  |TAMS 0x0000000702400000, 0x0000000702400000| Untracked 
|  13|0x0000000702600000, 0x0000000702600000, 0x0000000702800000|  0%| F|  |TAMS 0x0000000702600000, 0x0000000702600000| Untracked 
|  14|0x0000000702800000, 0x0000000702800000, 0x0000000702a00000|  0%| F|  |TAMS 0x0000000702800000, 0x0000000702800000| Untracked 
|  15|0x0000000702a00000, 0x0000000702a00000, 0x0000000702c00000|  0%| F|  |TAMS 0x0000000702a00000, 0x0000000702a00000| Untracked 
|  16|0x0000000702c00000, 0x0000000702c00000, 0x0000000702e00000|  0%| F|  |TAMS 0x0000000702c00000, 0x0000000702c00000| Untracked 
|  17|0x0000000702e00000, 0x0000000702e00000, 0x0000000703000000|  0%| F|  |TAMS 0x0000000702e00000, 0x0000000702e00000| Untracked 
|  18|0x0000000703000000, 0x0000000703000000, 0x0000000703200000|  0%| F|  |TAMS 0x0000000703000000, 0x0000000703000000| Untracked 
|  19|0x0000000703200000, 0x0000000703200000, 0x0000000703400000|  0%| F|  |TAMS 0x0000000703200000, 0x0000000703200000| Untracked 
|  20|0x0000000703400000, 0x0000000703400000, 0x0000000703600000|  0%| F|  |TAMS 0x0000000703400000, 0x0000000703400000| Untracked 
|  21|0x0000000703600000, 0x0000000703600000, 0x0000000703800000|  0%| F|  |TAMS 0x0000000703600000, 0x0000000703600000| Untracked 
|  22|0x0000000703800000, 0x0000000703800000, 0x0000000703a00000|  0%| F|  |TAMS 0x0000000703800000, 0x0000000703800000| Untracked 
|  23|0x0000000703a00000, 0x0000000703a00000, 0x0000000703c00000|  0%| F|  |TAMS 0x0000000703a00000, 0x0000000703a00000| Untracked 
|  24|0x0000000703c00000, 0x0000000703c00000, 0x0000000703e00000|  0%| F|  |TAMS 0x0000000703c00000, 0x0000000703c00000| Untracked 
|  25|0x0000000703e00000, 0x0000000703e00000, 0x0000000704000000|  0%| F|  |TAMS 0x0000000703e00000, 0x0000000703e00000| Untracked 
|  26|0x0000000704000000, 0x0000000704000000, 0x0000000704200000|  0%| F|  |TAMS 0x0000000704000000, 0x0000000704000000| Untracked 
|  27|0x0000000704200000, 0x0000000704200000, 0x0000000704400000|  0%| F|  |TAMS 0x0000000704200000, 0x0000000704200000| Untracked 
|  28|0x0000000704400000, 0x0000000704400000, 0x0000000704600000|  0%| F|  |TAMS 0x0000000704400000, 0x0000000704400000| Untracked 
|  29|0x0000000704600000, 0x0000000704600000, 0x0000000704800000|  0%| F|  |TAMS 0x0000000704600000, 0x0000000704600000| Untracked 
|  30|0x0000000704800000, 0x0000000704800000, 0x0000000704a00000|  0%| F|  |TAMS 0x0000000704800000, 0x0000000704800000| Untracked 
|  31|0x0000000704a00000, 0x0000000704a00000, 0x0000000704c00000|  0%| F|  |TAMS 0x0000000704a00000, 0x0000000704a00000| Untracked 
|  32|0x0000000704c00000, 0x0000000704c00000, 0x0000000704e00000|  0%| F|  |TAMS 0x0000000704c00000, 0x0000000704c00000| Untracked 
|  33|0x0000000704e00000, 0x0000000704e00000, 0x0000000705000000|  0%| F|  |TAMS 0x0000000704e00000, 0x0000000704e00000| Untracked 
|  34|0x0000000705000000, 0x0000000705000000, 0x0000000705200000|  0%| F|  |TAMS 0x0000000705000000, 0x0000000705000000| Untracked 
|  35|0x0000000705200000, 0x0000000705200000, 0x0000000705400000|  0%| F|  |TAMS 0x0000000705200000, 0x0000000705200000| Untracked 
|  36|0x0000000705400000, 0x0000000705400000, 0x0000000705600000|  0%| F|  |TAMS 0x0000000705400000, 0x0000000705400000| Untracked 
|  37|0x0000000705600000, 0x0000000705600000, 0x0000000705800000|  0%| F|  |TAMS 0x0000000705600000, 0x0000000705600000| Untracked 
|  38|0x0000000705800000, 0x0000000705800000, 0x0000000705a00000|  0%| F|  |TAMS 0x0000000705800000, 0x0000000705800000| Untracked 
|  39|0x0000000705a00000, 0x0000000705a00000, 0x0000000705c00000|  0%| F|  |TAMS 0x0000000705a00000, 0x0000000705a00000| Untracked 
|  40|0x0000000705c00000, 0x0000000705c00000, 0x0000000705e00000|  0%| F|  |TAMS 0x0000000705c00000, 0x0000000705c00000| Untracked 
|  41|0x0000000705e00000, 0x0000000705e00000, 0x0000000706000000|  0%| F|  |TAMS 0x0000000705e00000, 0x0000000705e00000| Untracked 
|  42|0x0000000706000000, 0x0000000706000000, 0x0000000706200000|  0%| F|  |TAMS 0x0000000706000000, 0x0000000706000000| Untracked 
|  43|0x0000000706200000, 0x0000000706200000, 0x0000000706400000|  0%| F|  |TAMS 0x0000000706200000, 0x0000000706200000| Untracked 
|  44|0x0000000706400000, 0x0000000706400000, 0x0000000706600000|  0%| F|  |TAMS 0x0000000706400000, 0x0000000706400000| Untracked 
|  45|0x0000000706600000, 0x0000000706600000, 0x0000000706800000|  0%| F|  |TAMS 0x0000000706600000, 0x0000000706600000| Untracked 
|  46|0x0000000706800000, 0x0000000706800000, 0x0000000706a00000|  0%| F|  |TAMS 0x0000000706800000, 0x0000000706800000| Untracked 
|  47|0x0000000706a00000, 0x0000000706a00000, 0x0000000706c00000|  0%| F|  |TAMS 0x0000000706a00000, 0x0000000706a00000| Untracked 
|  48|0x0000000706c00000, 0x0000000706c00000, 0x0000000706e00000|  0%| F|  |TAMS 0x0000000706c00000, 0x0000000706c00000| Untracked 
|  49|0x0000000706e00000, 0x0000000706e00000, 0x0000000707000000|  0%| F|  |TAMS 0x0000000706e00000, 0x0000000706e00000| Untracked 
|  50|0x0000000707000000, 0x0000000707000000, 0x0000000707200000|  0%| F|  |TAMS 0x0000000707000000, 0x0000000707000000| Untracked 
|  51|0x0000000707200000, 0x0000000707200000, 0x0000000707400000|  0%| F|  |TAMS 0x0000000707200000, 0x0000000707200000| Untracked 
|  52|0x0000000707400000, 0x0000000707400000, 0x0000000707600000|  0%| F|  |TAMS 0x0000000707400000, 0x0000000707400000| Untracked 
|  53|0x0000000707600000, 0x0000000707600000, 0x0000000707800000|  0%| F|  |TAMS 0x0000000707600000, 0x0000000707600000| Untracked 
|  54|0x0000000707800000, 0x0000000707800000, 0x0000000707a00000|  0%| F|  |TAMS 0x0000000707800000, 0x0000000707800000| Untracked 
|  55|0x0000000707a00000, 0x0000000707a00000, 0x0000000707c00000|  0%| F|  |TAMS 0x0000000707a00000, 0x0000000707a00000| Untracked 
|  56|0x0000000707c00000, 0x0000000707c00000, 0x0000000707e00000|  0%| F|  |TAMS 0x0000000707c00000, 0x0000000707c00000| Untracked 
|  57|0x0000000707e00000, 0x0000000707e00000, 0x0000000708000000|  0%| F|  |TAMS 0x0000000707e00000, 0x0000000707e00000| Untracked 
|  58|0x0000000708000000, 0x0000000708000000, 0x0000000708200000|  0%| F|  |TAMS 0x0000000708000000, 0x0000000708000000| Untracked 
|  59|0x0000000708200000, 0x0000000708200000, 0x0000000708400000|  0%| F|  |TAMS 0x0000000708200000, 0x0000000708200000| Untracked 
|  60|0x0000000708400000, 0x0000000708400000, 0x0000000708600000|  0%| F|  |TAMS 0x0000000708400000, 0x0000000708400000| Untracked 
|  61|0x0000000708600000, 0x0000000708600000, 0x0000000708800000|  0%| F|  |TAMS 0x0000000708600000, 0x0000000708600000| Untracked 
|  62|0x0000000708800000, 0x0000000708800000, 0x0000000708a00000|  0%| F|  |TAMS 0x0000000708800000, 0x0000000708800000| Untracked 
|  63|0x0000000708a00000, 0x0000000708a00000, 0x0000000708c00000|  0%| F|  |TAMS 0x0000000708a00000, 0x0000000708a00000| Untracked 
|  64|0x0000000708c00000, 0x0000000708c00000, 0x0000000708e00000|  0%| F|  |TAMS 0x0000000708c00000, 0x0000000708c00000| Untracked 
|  65|0x0000000708e00000, 0x0000000708e00000, 0x0000000709000000|  0%| F|  |TAMS 0x0000000708e00000, 0x0000000708e00000| Untracked 
|  66|0x0000000709000000, 0x0000000709000000, 0x0000000709200000|  0%| F|  |TAMS 0x0000000709000000, 0x0000000709000000| Untracked 
|  67|0x0000000709200000, 0x0000000709200000, 0x0000000709400000|  0%| F|  |TAMS 0x0000000709200000, 0x0000000709200000| Untracked 
|  68|0x0000000709400000, 0x0000000709400000, 0x0000000709600000|  0%| F|  |TAMS 0x0000000709400000, 0x0000000709400000| Untracked 
|  69|0x0000000709600000, 0x0000000709600000, 0x0000000709800000|  0%| F|  |TAMS 0x0000000709600000, 0x0000000709600000| Untracked 
|  70|0x0000000709800000, 0x0000000709800000, 0x0000000709a00000|  0%| F|  |TAMS 0x0000000709800000, 0x0000000709800000| Untracked 
|  71|0x0000000709a00000, 0x0000000709a00000, 0x0000000709c00000|  0%| F|  |TAMS 0x0000000709a00000, 0x0000000709a00000| Untracked 
|  72|0x0000000709c00000, 0x0000000709c00000, 0x0000000709e00000|  0%| F|  |TAMS 0x0000000709c00000, 0x0000000709c00000| Untracked 
|  73|0x0000000709e00000, 0x0000000709e00000, 0x000000070a000000|  0%| F|  |TAMS 0x0000000709e00000, 0x0000000709e00000| Untracked 
|  74|0x000000070a000000, 0x000000070a000000, 0x000000070a200000|  0%| F|  |TAMS 0x000000070a000000, 0x000000070a000000| Untracked 
|  75|0x000000070a200000, 0x000000070a200000, 0x000000070a400000|  0%| F|  |TAMS 0x000000070a200000, 0x000000070a200000| Untracked 
|  76|0x000000070a400000, 0x000000070a400000, 0x000000070a600000|  0%| F|  |TAMS 0x000000070a400000, 0x000000070a400000| Untracked 
|  77|0x000000070a600000, 0x000000070a600000, 0x000000070a800000|  0%| F|  |TAMS 0x000000070a600000, 0x000000070a600000| Untracked 
|  78|0x000000070a800000, 0x000000070a800000, 0x000000070aa00000|  0%| F|  |TAMS 0x000000070a800000, 0x000000070a800000| Untracked 
|  79|0x000000070aa00000, 0x000000070aa00000, 0x000000070ac00000|  0%| F|  |TAMS 0x000000070aa00000, 0x000000070aa00000| Untracked 
|  80|0x000000070ac00000, 0x000000070ac00000, 0x000000070ae00000|  0%| F|  |TAMS 0x000000070ac00000, 0x000000070ac00000| Untracked 
|  81|0x000000070ae00000, 0x000000070ae00000, 0x000000070b000000|  0%| F|  |TAMS 0x000000070ae00000, 0x000000070ae00000| Untracked 
|  82|0x000000070b000000, 0x000000070b000000, 0x000000070b200000|  0%| F|  |TAMS 0x000000070b000000, 0x000000070b000000| Untracked 
|  83|0x000000070b200000, 0x000000070b200000, 0x000000070b400000|  0%| F|  |TAMS 0x000000070b200000, 0x000000070b200000| Untracked 
|  84|0x000000070b400000, 0x000000070b400000, 0x000000070b600000|  0%| F|  |TAMS 0x000000070b400000, 0x000000070b400000| Untracked 
|  85|0x000000070b600000, 0x000000070b600000, 0x000000070b800000|  0%| F|  |TAMS 0x000000070b600000, 0x000000070b600000| Untracked 
|  86|0x000000070b800000, 0x000000070b800000, 0x000000070ba00000|  0%| F|  |TAMS 0x000000070b800000, 0x000000070b800000| Untracked 
|  87|0x000000070ba00000, 0x000000070ba00000, 0x000000070bc00000|  0%| F|  |TAMS 0x000000070ba00000, 0x000000070ba00000| Untracked 
|  88|0x000000070bc00000, 0x000000070bc00000, 0x000000070be00000|  0%| F|  |TAMS 0x000000070bc00000, 0x000000070bc00000| Untracked 
|  89|0x000000070be00000, 0x000000070be00000, 0x000000070c000000|  0%| F|  |TAMS 0x000000070be00000, 0x000000070be00000| Untracked 
|  90|0x000000070c000000, 0x000000070c000000, 0x000000070c200000|  0%| F|  |TAMS 0x000000070c000000, 0x000000070c000000| Untracked 
|  91|0x000000070c200000, 0x000000070c200000, 0x000000070c400000|  0%| F|  |TAMS 0x000000070c200000, 0x000000070c200000| Untracked 
|  92|0x000000070c400000, 0x000000070c400000, 0x000000070c600000|  0%| F|  |TAMS 0x000000070c400000, 0x000000070c400000| Untracked 
|  93|0x000000070c600000, 0x000000070c600000, 0x000000070c800000|  0%| F|  |TAMS 0x000000070c600000, 0x000000070c600000| Untracked 
|  94|0x000000070c800000, 0x000000070c800000, 0x000000070ca00000|  0%| F|  |TAMS 0x000000070c800000, 0x000000070c800000| Untracked 
|  95|0x000000070ca00000, 0x000000070ca00000, 0x000000070cc00000|  0%| F|  |TAMS 0x000000070ca00000, 0x000000070ca00000| Untracked 
|  96|0x000000070cc00000, 0x000000070cc00000, 0x000000070ce00000|  0%| F|  |TAMS 0x000000070cc00000, 0x000000070cc00000| Untracked 
|  97|0x000000070ce00000, 0x000000070ce00000, 0x000000070d000000|  0%| F|  |TAMS 0x000000070ce00000, 0x000000070ce00000| Untracked 
|  98|0x000000070d000000, 0x000000070d000000, 0x000000070d200000|  0%| F|  |TAMS 0x000000070d000000, 0x000000070d000000| Untracked 
|  99|0x000000070d200000, 0x000000070d200000, 0x000000070d400000|  0%| F|  |TAMS 0x000000070d200000, 0x000000070d200000| Untracked 
| 100|0x000000070d400000, 0x000000070d400000, 0x000000070d600000|  0%| F|  |TAMS 0x000000070d400000, 0x000000070d400000| Untracked 
| 101|0x000000070d600000, 0x000000070d600000, 0x000000070d800000|  0%| F|  |TAMS 0x000000070d600000, 0x000000070d600000| Untracked 
| 102|0x000000070d800000, 0x000000070d800000, 0x000000070da00000|  0%| F|  |TAMS 0x000000070d800000, 0x000000070d800000| Untracked 
| 103|0x000000070da00000, 0x000000070da00000, 0x000000070dc00000|  0%| F|  |TAMS 0x000000070da00000, 0x000000070da00000| Untracked 
| 104|0x000000070dc00000, 0x000000070dc00000, 0x000000070de00000|  0%| F|  |TAMS 0x000000070dc00000, 0x000000070dc00000| Untracked 
| 105|0x000000070de00000, 0x000000070de00000, 0x000000070e000000|  0%| F|  |TAMS 0x000000070de00000, 0x000000070de00000| Untracked 
| 106|0x000000070e000000, 0x000000070e000000, 0x000000070e200000|  0%| F|  |TAMS 0x000000070e000000, 0x000000070e000000| Untracked 
| 107|0x000000070e200000, 0x000000070e200000, 0x000000070e400000|  0%| F|  |TAMS 0x000000070e200000, 0x000000070e200000| Untracked 
| 108|0x000000070e400000, 0x000000070e400000, 0x000000070e600000|  0%| F|  |TAMS 0x000000070e400000, 0x000000070e400000| Untracked 
| 109|0x000000070e600000, 0x000000070e600000, 0x000000070e800000|  0%| F|  |TAMS 0x000000070e600000, 0x000000070e600000| Untracked 
| 110|0x000000070e800000, 0x000000070e800000, 0x000000070ea00000|  0%| F|  |TAMS 0x000000070e800000, 0x000000070e800000| Untracked 
| 111|0x000000070ea00000, 0x000000070ea00000, 0x000000070ec00000|  0%| F|  |TAMS 0x000000070ea00000, 0x000000070ea00000| Untracked 
| 112|0x000000070ec00000, 0x000000070ec00000, 0x000000070ee00000|  0%| F|  |TAMS 0x000000070ec00000, 0x000000070ec00000| Untracked 
| 113|0x000000070ee00000, 0x000000070ee00000, 0x000000070f000000|  0%| F|  |TAMS 0x000000070ee00000, 0x000000070ee00000| Untracked 
| 114|0x000000070f000000, 0x000000070f000000, 0x000000070f200000|  0%| F|  |TAMS 0x000000070f000000, 0x000000070f000000| Untracked 
| 115|0x000000070f200000, 0x000000070f200000, 0x000000070f400000|  0%| F|  |TAMS 0x000000070f200000, 0x000000070f200000| Untracked 
| 116|0x000000070f400000, 0x000000070f400000, 0x000000070f600000|  0%| F|  |TAMS 0x000000070f400000, 0x000000070f400000| Untracked 
| 117|0x000000070f600000, 0x000000070f600000, 0x000000070f800000|  0%| F|  |TAMS 0x000000070f600000, 0x000000070f600000| Untracked 
| 118|0x000000070f800000, 0x000000070f800000, 0x000000070fa00000|  0%| F|  |TAMS 0x000000070f800000, 0x000000070f800000| Untracked 
| 119|0x000000070fa00000, 0x000000070fa00000, 0x000000070fc00000|  0%| F|  |TAMS 0x000000070fa00000, 0x000000070fa00000| Untracked 
| 120|0x000000070fc00000, 0x000000070fc00000, 0x000000070fe00000|  0%| F|  |TAMS 0x000000070fc00000, 0x000000070fc00000| Untracked 
| 121|0x000000070fe00000, 0x000000070ffc60b8, 0x0000000710000000| 88%| S|CS|TAMS 0x000000070fe00000, 0x000000070fe00000| Complete 
| 122|0x0000000710000000, 0x0000000710000000, 0x0000000710200000|  0%| F|  |TAMS 0x0000000710000000, 0x0000000710000000| Untracked 
| 123|0x0000000710200000, 0x0000000710200000, 0x0000000710400000|  0%| F|  |TAMS 0x0000000710200000, 0x0000000710200000| Untracked 
| 124|0x0000000710400000, 0x0000000710400000, 0x0000000710600000|  0%| F|  |TAMS 0x0000000710400000, 0x0000000710400000| Untracked 
| 125|0x0000000710600000, 0x0000000710600000, 0x0000000710800000|  0%| F|  |TAMS 0x0000000710600000, 0x0000000710600000| Untracked 
| 126|0x0000000710800000, 0x0000000710850ce0, 0x0000000710a00000| 15%| E|  |TAMS 0x0000000710800000, 0x0000000710800000| Complete 
| 127|0x0000000710a00000, 0x0000000710c00000, 0x0000000710c00000|100%| E|CS|TAMS 0x0000000710a00000, 0x0000000710a00000| Complete 

Card table byte_map: [0x0000019954910000,0x0000019955110000] _byte_map_base: 0x000001995110a000

Marking Bits (Prev, Next): (CMBitMap*) 0x000001993d94ecb0, (CMBitMap*) 0x000001993d94ecf0
 Prev Bits: [0x0000019955910000, 0x00000199598e0000)
 Next Bits: [0x00000199598e0000, 0x000001995d8b0000)

Polling page: 0x000001993d0e0000

Metaspace:

Usage:
  Non-class:      6.22 MB used.
      Class:    434.59 KB used.
       Both:      6.65 MB used.

Virtual space:
  Non-class space:        8.00 MB reserved,       6.31 MB ( 79%) committed,  1 nodes.
      Class space:        1.00 GB reserved,     512.00 KB ( <1%) committed,  1 nodes.
             Both:        1.01 GB reserved,       6.81 MB ( <1%) committed. 

Chunk freelists:
   Non-Class:  725.00 KB
       Class:  3.52 MB
        Both:  4.23 MB

MaxMetaspaceSize: unlimited
CompressedClassSpaceSize: 1.00 GB
Initial GC threshold: 21.00 MB
Current GC threshold: 21.00 MB
CDS: on
MetaspaceReclaimPolicy: balanced
 - commit_granule_bytes: 65536.
 - commit_granule_words: 8192.
 - virtual_space_node_default_size: 1048576.
 - enlarge_chunks_in_place: 1.
 - new_chunks_are_fully_committed: 0.
 - uncommit_free_chunks: 1.
 - use_allocation_guard: 0.
 - handle_deallocations: 1.


Internal statistics:

num_allocs_failed_limit: 0.
num_arena_births: 132.
num_arena_deaths: 0.
num_vsnodes_births: 2.
num_vsnodes_deaths: 0.
num_space_committed: 107.
num_space_uncommitted: 0.
num_chunks_returned_to_freelist: 0.
num_chunks_taken_from_freelist: 280.
num_chunk_merges: 0.
num_chunk_splits: 191.
num_chunks_enlarged: 130.
num_purges: 0.
num_inconsistent_stats: 0.

CodeHeap 'non-profiled nmethods': size=120000Kb used=261Kb max_used=261Kb free=119738Kb
 bounds [0x000001994cbe0000, 0x000001994ce50000, 0x0000019954110000]
CodeHeap 'profiled nmethods': size=120000Kb used=1228Kb max_used=1228Kb free=118771Kb
 bounds [0x00000199456b0000, 0x0000019945920000, 0x000001994cbe0000]
CodeHeap 'non-nmethods': size=5760Kb used=1614Kb max_used=1630Kb free=4145Kb
 bounds [0x0000019945110000, 0x0000019945380000, 0x00000199456b0000]
 total_blobs=1868 nmethods=820 adapters=961
 compilation: enabled
              stopped_count=0, restarted_count=0
 full_count=0

Compilation events (20 events):
Event: 0.805 Thread 0x000001995fd96a00  810       1       java.awt.image.ComponentSampleModel::getPixelStride (5 bytes)
Event: 0.805 Thread 0x000001995fd96a00 nmethod 810 0x000001994cc1fc10 code [0x000001994cc1fda0, 0x000001994cc1fe78]
Event: 0.805 Thread 0x000001995fd96a00  811       1       java.awt.image.DataBuffer::getOffset (5 bytes)
Event: 0.805 Thread 0x000001995fd96a00 nmethod 811 0x000001994cc1ff10 code [0x000001994cc200a0, 0x000001994cc20178]
Event: 0.805 Thread 0x000001995fd96a00  814       3       java.awt.image.ComponentSampleModel::getBandOffsets (11 bytes)
Event: 0.806 Thread 0x000001995fd96a00 nmethod 814 0x00000199457df510 code [0x00000199457df6c0, 0x00000199457df988]
Event: 0.806 Thread 0x000001995fd96a00  815       3       java.awt.image.DataBuffer$1::getData (7 bytes)
Event: 0.806 Thread 0x000001995fd96a00 nmethod 815 0x00000199457dfa90 code [0x00000199457dfc20, 0x00000199457dfd58]
Event: 0.806 Thread 0x000001995fd96a00  813       1       java.awt.image.DataBuffer::getNumBanks (5 bytes)
Event: 0.806 Thread 0x000001995fd96a00 nmethod 813 0x000001994cc20210 code [0x000001994cc203a0, 0x000001994cc20478]
Event: 0.806 Thread 0x000001995fd96a00  816       3       sun.awt.image.ByteComponentRaster::verify (428 bytes)
Event: 0.807 Thread 0x000001995fd96a00 nmethod 816 0x00000199457dfe90 code [0x00000199457e01c0, 0x00000199457e1098]
Event: 0.807 Thread 0x000001995fd96a00  817       3       sun.awt.image.SunWritableRaster::stealData (11 bytes)
Event: 0.807 Thread 0x000001995fd96a00 nmethod 817 0x00000199457e1690 code [0x00000199457e1840, 0x00000199457e1a18]
Event: 0.808 Thread 0x000001995fd96a00  818       3       java.awt.Rectangle::<init> (26 bytes)
Event: 0.808 Thread 0x000001995fd96a00 nmethod 818 0x00000199457e1b90 code [0x00000199457e1d40, 0x00000199457e1f78]
Event: 0.808 Thread 0x000001995fd96a00  820       3       java.awt.image.ComponentSampleModel::getBufferSize (191 bytes)
Event: 0.808 Thread 0x000001995fd96a00 nmethod 820 0x00000199457e2090 code [0x00000199457e22c0, 0x00000199457e2b88]
Event: 0.808 Thread 0x000001995fd96a00  819       3       java.awt.geom.Rectangle2D::<init> (5 bytes)
Event: 0.808 Thread 0x000001995fd96a00 nmethod 819 0x00000199457e2e90 code [0x00000199457e3040, 0x00000199457e31f8]

GC Heap History (2 events):
Event: 0.724 GC heap before
{Heap before GC invocations=0 (full 0):
 garbage-first heap   total 262144K, used 10240K [0x0000000700c00000, 0x0000000800000000)
  region size 2048K, 6 young (12288K), 0 survivors (0K)
 Metaspace       used 5947K, committed 6144K, reserved 1056768K
  class space    used 339K, committed 448K, reserved 1048576K
}
Event: 0.727 GC heap after
{Heap after GC invocations=1 (full 0):
 garbage-first heap   total 262144K, used 1816K [0x0000000700c00000, 0x0000000800000000)
  region size 2048K, 1 young (2048K), 1 survivors (2048K)
 Metaspace       used 5947K, committed 6144K, reserved 1056768K
  class space    used 339K, committed 448K, reserved 1048576K
}

Deoptimization events (20 events):
Event: 0.732 Thread 0x000001993d8fe470 DEOPT PACKING pc=0x00000199457bae58 sp=0x0000005e5acfe430
Event: 0.732 Thread 0x000001993d8fe470 DEOPT UNPACKING pc=0x0000019945162b43 sp=0x0000005e5acfd908 mode 0
Event: 0.732 Thread 0x000001993d8fe470 DEOPT PACKING pc=0x00000199457bae58 sp=0x0000005e5acfe430
Event: 0.732 Thread 0x000001993d8fe470 DEOPT UNPACKING pc=0x0000019945162b43 sp=0x0000005e5acfd908 mode 0
Event: 0.732 Thread 0x000001993d8fe470 DEOPT PACKING pc=0x00000199457bae58 sp=0x0000005e5acfe430
Event: 0.732 Thread 0x000001993d8fe470 DEOPT UNPACKING pc=0x0000019945162b43 sp=0x0000005e5acfd908 mode 0
Event: 0.732 Thread 0x000001993d8fe470 DEOPT PACKING pc=0x00000199457bae58 sp=0x0000005e5acfe430
Event: 0.732 Thread 0x000001993d8fe470 DEOPT UNPACKING pc=0x0000019945162b43 sp=0x0000005e5acfd908 mode 0
Event: 0.732 Thread 0x000001993d8fe470 DEOPT PACKING pc=0x00000199457bae58 sp=0x0000005e5acfe430
Event: 0.732 Thread 0x000001993d8fe470 DEOPT UNPACKING pc=0x0000019945162b43 sp=0x0000005e5acfd908 mode 0
Event: 0.732 Thread 0x000001993d8fe470 DEOPT PACKING pc=0x00000199457bae58 sp=0x0000005e5acfe430
Event: 0.732 Thread 0x000001993d8fe470 DEOPT UNPACKING pc=0x0000019945162b43 sp=0x0000005e5acfd908 mode 0
Event: 0.790 Thread 0x000001993d8fe470 Uncommon trap: trap_request=0xffffff45 fr.pc=0x000001994cc1d3f4 relative=0x0000000000000174
Event: 0.790 Thread 0x000001993d8fe470 Uncommon trap: reason=unstable_if action=reinterpret pc=0x000001994cc1d3f4 method=java.lang.StringCoding.hasNegatives([BII)Z @ 12 c2
Event: 0.790 Thread 0x000001993d8fe470 DEOPT PACKING pc=0x000001994cc1d3f4 sp=0x0000005e5acfdb30
Event: 0.791 Thread 0x000001993d8fe470 DEOPT UNPACKING pc=0x00000199451623a3 sp=0x0000005e5acfdad8 mode 2
Event: 0.803 Thread 0x000001993d8fe470 Uncommon trap: trap_request=0xffffff45 fr.pc=0x000001994cc19a64 relative=0x00000000000005c4
Event: 0.803 Thread 0x000001993d8fe470 Uncommon trap: reason=unstable_if action=reinterpret pc=0x000001994cc19a64 method=sun.awt.image.ByteInterleavedRaster.putByteData(IIII[B)V @ 79 c2
Event: 0.803 Thread 0x000001993d8fe470 DEOPT PACKING pc=0x000001994cc19a64 sp=0x0000005e5acfe280
Event: 0.803 Thread 0x000001993d8fe470 DEOPT UNPACKING pc=0x00000199451623a3 sp=0x0000005e5acfe210 mode 2

Classes unloaded (0 events):
No events

Classes redefined (0 events):
No events

Internal exceptions (20 events):
Event: 0.176 Thread 0x000001993d8fe470 Exception <a 'java/lang/NoSuchMethodError'{0x00000007109c3b28}: 'int java.lang.invoke.DirectMethodHandle$Holder.invokeStaticInit(java.lang.Object, java.lang.Object, int, long)'> (0x00000007109c3b28) 
thrown [t:\workspace\open\src\hotspot\share\interpreter\linkResolver.cpp, line 766]
Event: 0.177 Thread 0x000001993d8fe470 Exception <a 'java/lang/NoSuchMethodError'{0x00000007109c9708}: 'java.lang.Object java.lang.invoke.DirectMethodHandle$Holder.newInvokeSpecial(java.lang.Object, java.lang.Object, int)'> (0x00000007109c9708) 
thrown [t:\workspace\open\src\hotspot\share\interpreter\linkResolver.cpp, line 766]
Event: 0.179 Thread 0x000001993d8fe470 Exception <a 'java/lang/NoSuchMethodError'{0x00000007109d98d8}: 'int java.lang.invoke.DirectMethodHandle$Holder.invokeStaticInit(java.lang.Object, java.lang.Object, long, long)'> (0x00000007109d98d8) 
thrown [t:\workspace\open\src\hotspot\share\interpreter\linkResolver.cpp, line 766]
Event: 0.179 Thread 0x000001993d8fe470 Exception <a 'java/lang/NoSuchMethodError'{0x00000007109df9e8}: 'java.lang.Object java.lang.invoke.DirectMethodHandle$Holder.newInvokeSpecial(java.lang.Object, java.lang.Object, long)'> (0x00000007109df9e8) 
thrown [t:\workspace\open\src\hotspot\share\interpreter\linkResolver.cpp, line 766]
Event: 0.180 Thread 0x000001993d8fe470 Exception <a 'java/lang/NoSuchMethodError'{0x00000007109e3a30}: 'java.lang.Object java.lang.invoke.Invokers$Holder.linkToTargetMethod(java.lang.Object, long, java.lang.Object)'> (0x00000007109e3a30) 
thrown [t:\workspace\open\src\hotspot\share\interpreter\linkResolver.cpp, line 766]
Event: 0.180 Thread 0x000001993d8fe470 Exception <a 'java/lang/NoSuchMethodError'{0x00000007109eb148}: 'int java.lang.invoke.DirectMethodHandle$Holder.invokeStaticInit(java.lang.Object, java.lang.Object, java.lang.Object, long)'> (0x00000007109eb148) 
thrown [t:\workspace\open\src\hotspot\share\interpreter\linkResolver.cpp, line 766]
Event: 0.200 Thread 0x000001993d8fe470 Exception <a 'sun/nio/fs/WindowsException'{0x00000007106aad00}> (0x00000007106aad00) 
thrown [t:\workspace\open\src\hotspot\share\prims\jni.cpp, line 516]
Event: 0.200 Thread 0x000001993d8fe470 Exception <a 'sun/nio/fs/WindowsException'{0x00000007106ab070}> (0x00000007106ab070) 
thrown [t:\workspace\open\src\hotspot\share\prims\jni.cpp, line 516]
Event: 0.504 Thread 0x000001993d8fe470 Exception <a 'java/lang/NoSuchMethodError'{0x0000000710700e98}: 'void java.lang.invoke.DirectMethodHandle$Holder.invokeStaticInit(java.lang.Object, long, double, double)'> (0x0000000710700e98) 
thrown [t:\workspace\open\src\hotspot\share\interpreter\linkResolver.cpp, line 766]
Event: 0.506 Thread 0x000001993d8fe470 Exception <a 'java/lang/NoSuchMethodError'{0x0000000710711180}: 'void java.lang.invoke.DirectMethodHandle$Holder.invokeStaticInit(java.lang.Object, long, int, int, int)'> (0x0000000710711180) 
thrown [t:\workspace\open\src\hotspot\share\interpreter\linkResolver.cpp, line 766]
Event: 0.510 Thread 0x000001993d8fe470 Exception <a 'java/lang/NoSuchMethodError'{0x000000071072b320}: 'void java.lang.invoke.DirectMethodHandle$Holder.invokeStaticInit(java.lang.Object, long, int, int, int, int)'> (0x000000071072b320) 
thrown [t:\workspace\open\src\hotspot\share\interpreter\linkResolver.cpp, line 766]
Event: 0.532 Thread 0x000001993d8fe470 Exception <a 'sun/nio/fs/WindowsException'{0x0000000710762bd0}> (0x0000000710762bd0) 
thrown [t:\workspace\open\src\hotspot\share\prims\jni.cpp, line 516]
Event: 0.532 Thread 0x000001993d8fe470 Exception <a 'sun/nio/fs/WindowsException'{0x0000000710762f80}> (0x0000000710762f80) 
thrown [t:\workspace\open\src\hotspot\share\prims\jni.cpp, line 516]
Event: 0.536 Thread 0x000001993d8fe470 Exception <a 'sun/nio/fs/WindowsException'{0x000000071076a210}> (0x000000071076a210) 
thrown [t:\workspace\open\src\hotspot\share\prims\jni.cpp, line 516]
Event: 0.536 Thread 0x000001993d8fe470 Exception <a 'sun/nio/fs/WindowsException'{0x000000071076a4f8}> (0x000000071076a4f8) 
thrown [t:\workspace\open\src\hotspot\share\prims\jni.cpp, line 516]
Event: 0.662 Thread 0x000001993d8fe470 Exception <a 'java/lang/ClassNotFoundException'{0x000000071002c3e8}: sun/awt/resources/spi/awtProvider> (0x000000071002c3e8) 
thrown [t:\workspace\open\src\hotspot\share\classfile\systemDictionary.cpp, line 256]
Event: 0.681 Thread 0x000001993d8fe470 Exception <a 'java/io/FileNotFoundException'{0x000000071007c498}> (0x000000071007c498) 
thrown [t:\workspace\open\src\hotspot\share\prims\jni.cpp, line 516]
Event: 0.685 Thread 0x000001993d8fe470 Exception <a 'java/io/FileNotFoundException'{0x00000007100a9928}> (0x00000007100a9928) 
thrown [t:\workspace\open\src\hotspot\share\prims\jni.cpp, line 516]
Event: 0.744 Thread 0x000001993d8fe470 Exception <a 'java/lang/NoSuchMethodError'{0x0000000710b6d740}: 'java.lang.Object java.lang.invoke.DirectMethodHandle$Holder.invokeStaticInit(java.lang.Object, int, int, int, int)'> (0x0000000710b6d740) 
thrown [t:\workspace\open\src\hotspot\share\interpreter\linkResolver.cpp, line 766]
Event: 0.792 Thread 0x000001993d8fe470 Exception <a 'java/lang/NoSuchMethodError'{0x0000000710ba91a8}: 'java.lang.Object java.lang.invoke.DirectMethodHandle$Holder.invokeStaticInit(java.lang.Object, java.lang.Object, int, int, int, int)'> (0x0000000710ba91a8) 
thrown [t:\workspace\open\src\hotspot\share\interpreter\linkResolver.cpp, line 766]

VM Operations (12 events):
Event: 0.073 Executing VM operation: HandshakeAllThreads
Event: 0.073 Executing VM operation: HandshakeAllThreads done
Event: 0.159 Executing VM operation: HandshakeAllThreads
Event: 0.159 Executing VM operation: HandshakeAllThreads done
Event: 0.654 Executing VM operation: HandshakeAllThreads
Event: 0.654 Executing VM operation: HandshakeAllThreads done
Event: 0.724 Executing VM operation: G1CollectForAllocation
Event: 0.727 Executing VM operation: G1CollectForAllocation done
Event: 0.736 Executing VM operation: HandshakeAllThreads
Event: 0.736 Executing VM operation: HandshakeAllThreads done
Event: 0.754 Executing VM operation: HandshakeAllThreads
Event: 0.754 Executing VM operation: HandshakeAllThreads done

Events (20 events):
Event: 0.800 loading class com/sun/imageio/plugins/jpeg/DQTMarkerSegment
Event: 0.801 loading class com/sun/imageio/plugins/jpeg/DQTMarkerSegment done
Event: 0.801 loading class com/sun/imageio/plugins/jpeg/DQTMarkerSegment$Qtable
Event: 0.801 loading class com/sun/imageio/plugins/jpeg/DQTMarkerSegment$Qtable done
Event: 0.801 loading class com/sun/imageio/plugins/jpeg/DHTMarkerSegment
Event: 0.801 loading class com/sun/imageio/plugins/jpeg/DHTMarkerSegment done
Event: 0.801 loading class com/sun/imageio/plugins/jpeg/DHTMarkerSegment$Htable
Event: 0.801 loading class com/sun/imageio/plugins/jpeg/DHTMarkerSegment$Htable done
Event: 0.801 loading class com/sun/imageio/plugins/jpeg/SOFMarkerSegment
Event: 0.801 loading class com/sun/imageio/plugins/jpeg/SOFMarkerSegment done
Event: 0.801 loading class com/sun/imageio/plugins/jpeg/SOFMarkerSegment$ComponentSpec
Event: 0.801 loading class com/sun/imageio/plugins/jpeg/SOFMarkerSegment$ComponentSpec done
Event: 0.802 loading class com/sun/imageio/plugins/jpeg/SOSMarkerSegment
Event: 0.802 loading class com/sun/imageio/plugins/jpeg/SOSMarkerSegment done
Event: 0.802 loading class com/sun/imageio/plugins/jpeg/SOSMarkerSegment$ScanComponentSpec
Event: 0.802 loading class com/sun/imageio/plugins/jpeg/SOSMarkerSegment$ScanComponentSpec done
Event: 0.802 loading class com/sun/imageio/plugins/jpeg/AdobeMarkerSegment
Event: 0.802 loading class com/sun/imageio/plugins/jpeg/AdobeMarkerSegment done
Event: 0.802 loading class com/sun/imageio/plugins/jpeg/DRIMarkerSegment
Event: 0.802 loading class com/sun/imageio/plugins/jpeg/DRIMarkerSegment done


Dynamic libraries:
0x00007ff64bee0000 - 0x00007ff64bef0000 	C:\Program Files\Java\jdk-17\bin\java.exe
0x00007ffb5d9b0000 - 0x00007ffb5dba5000 	C:\Windows\SYSTEM32\ntdll.dll
0x00007ffb5ca30000 - 0x00007ffb5caee000 	C:\Windows\System32\KERNEL32.DLL
0x00007ffb5b400000 - 0x00007ffb5b6c8000 	C:\Windows\System32\KERNELBASE.dll
0x00007ffb5b6d0000 - 0x00007ffb5b7d0000 	C:\Windows\System32\ucrtbase.dll
0x00007ffb4cc30000 - 0x00007ffb4cc4a000 	C:\Program Files\Java\jdk-17\bin\VCRUNTIME140.dll
0x00007ffb50fd0000 - 0x00007ffb50fe8000 	C:\Program Files\Java\jdk-17\bin\jli.dll
0x00007ffb5d320000 - 0x00007ffb5d3ce000 	C:\Windows\System32\ADVAPI32.dll
0x00007ffb5cb90000 - 0x00007ffb5cc2e000 	C:\Windows\System32\msvcrt.dll
0x00007ffb5caf0000 - 0x00007ffb5cb8c000 	C:\Windows\System32\sechost.dll
0x00007ffb5d3d0000 - 0x00007ffb5d4f5000 	C:\Windows\System32\RPCRT4.dll
0x00007ffb5bc80000 - 0x00007ffb5be21000 	C:\Windows\System32\USER32.dll
0x00007ffb5b3d0000 - 0x00007ffb5b3f2000 	C:\Windows\System32\win32u.dll
0x00007ffb5bc50000 - 0x00007ffb5bc7b000 	C:\Windows\System32\GDI32.dll
0x00007ffb5b880000 - 0x00007ffb5b98d000 	C:\Windows\System32\gdi32full.dll
0x00007ffb5b0c0000 - 0x00007ffb5b15d000 	C:\Windows\System32\msvcp_win.dll
0x00007ffb4a4c0000 - 0x00007ffb4a75a000 	C:\Windows\WinSxS\amd64_microsoft.windows.common-controls_6595b64144ccf1df_6.0.19041.1110_none_60b5254171f9507e\COMCTL32.dll
0x00007ffb53540000 - 0x00007ffb5354a000 	C:\Windows\SYSTEM32\VERSION.dll
0x00007ffb5d140000 - 0x00007ffb5d170000 	C:\Windows\System32\IMM32.DLL
0x00007ffb510e0000 - 0x00007ffb510ec000 	C:\Program Files\Java\jdk-17\bin\vcruntime140_1.dll
0x00007ffb3b710000 - 0x00007ffb3b79d000 	C:\Program Files\Java\jdk-17\bin\msvcp140.dll
0x00007ffae77c0000 - 0x00007ffae837e000 	C:\Program Files\Java\jdk-17\bin\server\jvm.dll
0x00007ffb5d170000 - 0x00007ffb5d178000 	C:\Windows\System32\PSAPI.DLL
0x00007ffb56f80000 - 0x00007ffb56f89000 	C:\Windows\SYSTEM32\WSOCK32.dll
0x00007ffb5d180000 - 0x00007ffb5d1eb000 	C:\Windows\System32\WS2_32.dll
0x00007ffb52ca0000 - 0x00007ffb52cc7000 	C:\Windows\SYSTEM32\WINMM.dll
0x00007ffb58fd0000 - 0x00007ffb58fe2000 	C:\Windows\SYSTEM32\kernel.appcore.dll
0x00007ffb50fa0000 - 0x00007ffb50faa000 	C:\Program Files\Java\jdk-17\bin\jimage.dll
0x00007ffb502b0000 - 0x00007ffb50494000 	C:\Windows\SYSTEM32\DBGHELP.DLL
0x00007ffb4ad90000 - 0x00007ffb4adbc000 	C:\Windows\SYSTEM32\dbgcore.DLL
0x00007ffb5b2f0000 - 0x00007ffb5b372000 	C:\Windows\System32\bcryptPrimitives.dll
0x00007ffb4c7d0000 - 0x00007ffb4c7f5000 	C:\Program Files\Java\jdk-17\bin\java.dll
0x00007ffb25290000 - 0x00007ffb25366000 	C:\Program Files\Java\jdk-17\bin\svml.dll
0x00007ffb5bec0000 - 0x00007ffb5c604000 	C:\Windows\System32\SHELL32.dll
0x00007ffb591d0000 - 0x00007ffb59965000 	C:\Windows\SYSTEM32\windows.storage.dll
0x00007ffb5d560000 - 0x00007ffb5d8b5000 	C:\Windows\System32\combase.dll
0x00007ffb5ab10000 - 0x00007ffb5ab3e000 	C:\Windows\SYSTEM32\Wldp.dll
0x00007ffb5d210000 - 0x00007ffb5d2bd000 	C:\Windows\System32\SHCORE.dll
0x00007ffb5bbf0000 - 0x00007ffb5bc45000 	C:\Windows\System32\shlwapi.dll
0x00007ffb5b000000 - 0x00007ffb5b01f000 	C:\Windows\SYSTEM32\profapi.dll
0x00007ffb4c410000 - 0x00007ffb4c429000 	C:\Program Files\Java\jdk-17\bin\net.dll
0x00007ffb513a0000 - 0x00007ffb514ac000 	C:\Windows\SYSTEM32\WINHTTP.dll
0x00007ffb5a870000 - 0x00007ffb5a8da000 	C:\Windows\system32\mswsock.dll
0x00007ffb4bfc0000 - 0x00007ffb4bfd5000 	C:\Program Files\Java\jdk-17\bin\nio.dll
0x00007ffb4a3b0000 - 0x00007ffb4a3c8000 	C:\Program Files\Java\jdk-17\bin\zip.dll
0x00007ffb4c840000 - 0x00007ffb4c8b1000 	C:\Users\stuff\AppData\Local\Temp\lwjglstuff\3.3.0-build-21\lwjgl.dll
0x00007ffb4c4c0000 - 0x00007ffb4c521000 	C:\Users\stuff\AppData\Local\Temp\lwjglstuff\3.3.0-build-21\glfw.dll
0x00007ffb4c470000 - 0x00007ffb4c4b5000 	C:\Windows\SYSTEM32\dinput8.dll
0x00007ffb53520000 - 0x00007ffb53531000 	C:\Windows\SYSTEM32\xinput1_4.dll
0x00007ffb5b380000 - 0x00007ffb5b3ce000 	C:\Windows\System32\cfgmgr32.dll
0x00007ffb5ae60000 - 0x00007ffb5ae94000 	C:\Windows\SYSTEM32\DEVOBJ.dll
0x00007ffb58ce0000 - 0x00007ffb58d0f000 	C:\Windows\SYSTEM32\dwmapi.dll
0x00007ffb4cde0000 - 0x00007ffb4cf32000 	C:\Windows\SYSTEM32\inputhost.dll
0x00007ffb5c960000 - 0x00007ffb5ca2d000 	C:\Windows\System32\OLEAUT32.dll
0x00007ffb587b0000 - 0x00007ffb588a2000 	C:\Windows\SYSTEM32\CoreMessaging.dll
0x00007ffb57d80000 - 0x00007ffb57ed4000 	C:\Windows\SYSTEM32\wintypes.dll
0x00007ffb58450000 - 0x00007ffb587ae000 	C:\Windows\SYSTEM32\CoreUIComponents.dll
0x00007ffb59db0000 - 0x00007ffb59de3000 	C:\Windows\SYSTEM32\ntmarta.dll
0x00007ffb56c30000 - 0x00007ffb56d26000 	C:\Windows\SYSTEM32\PROPSYS.dll
0x00007ffb58af0000 - 0x00007ffb58b8e000 	C:\Windows\system32\uxtheme.dll
0x00007ffb5b9f0000 - 0x00007ffb5bb05000 	C:\Windows\System32\MSCTF.dll
0x00007ffb2e190000 - 0x00007ffb2e2b5000 	C:\Windows\SYSTEM32\opengl32.dll
0x00007ffb515f0000 - 0x00007ffb5161c000 	C:\Windows\SYSTEM32\GLU32.dll
0x00007ffb5d8c0000 - 0x00007ffb5d969000 	C:\Windows\System32\clbcatq.dll
0x00007ffaece40000 - 0x00007ffaefdff000 	C:\Windows\System32\DriverStore\FileRepository\nvmdi.inf_amd64_697983dd21312b3c\nvoglv64.dll
0x00007ffb5ccc0000 - 0x00007ffb5d132000 	C:\Windows\System32\SETUPAPI.dll
0x00007ffb5b160000 - 0x00007ffb5b187000 	C:\Windows\System32\bcrypt.dll
0x00007ffb5c820000 - 0x00007ffb5c94a000 	C:\Windows\System32\ole32.dll
0x00007ffb56dd0000 - 0x00007ffb56de4000 	C:\Windows\SYSTEM32\WTSAPI32.dll
0x00007ffb5aa60000 - 0x00007ffb5aa6c000 	C:\Windows\SYSTEM32\CRYPTBASE.DLL
0x00007ffb5aca0000 - 0x00007ffb5acb2000 	C:\Windows\SYSTEM32\msasn1.dll
0x00007ffb534e0000 - 0x00007ffb53511000 	C:\Windows\SYSTEM32\cryptnet.dll
0x00007ffb5b190000 - 0x00007ffb5b2e6000 	C:\Windows\System32\CRYPT32.dll
0x00007ffb53390000 - 0x00007ffb534da000 	C:\Windows\SYSTEM32\drvstore.dll
0x00007ffb5b990000 - 0x00007ffb5b9f0000 	C:\Windows\System32\WINTRUST.dll
0x00007ffb53910000 - 0x00007ffb5394b000 	C:\Windows\SYSTEM32\dxcore.dll
0x00007ffafad10000 - 0x00007ffafafd5000 	C:\Windows\system32\nvspcap64.dll
0x00007ffb5a680000 - 0x00007ffb5a6cb000 	C:\Windows\SYSTEM32\powrprof.dll
0x00007ffb5a4f0000 - 0x00007ffb5a502000 	C:\Windows\SYSTEM32\UMPDC.dll
0x00007ffb59e60000 - 0x00007ffb59eba000 	C:\Windows\SYSTEM32\WINSTA.dll
0x00007ffb512a0000 - 0x00007ffb51399000 	C:\Windows\SYSTEM32\textinputframework.dll
0x00007ffb32440000 - 0x00007ffb3249d000 	C:\Users\stuff\AppData\Local\Temp\lwjglstuff\3.3.0-build-21\lwjgl_opengl.dll
0x00007ffb4d160000 - 0x00007ffb4d170000 	C:\Program Files\Java\jdk-17\bin\verify.dll
0x00007ffb2e850000 - 0x00007ffb2e9df000 	C:\Program Files\Java\jdk-17\bin\awt.dll
0x00007ffb58a20000 - 0x00007ffb58ab0000 	C:\Windows\SYSTEM32\apphelp.dll
0x00007ffb51150000 - 0x00007ffb5117d000 	C:\Program Files\Java\jdk-17\bin\javajpeg.dll
0x00007ffb5aa70000 - 0x00007ffb5aa88000 	C:\Windows\SYSTEM32\CRYPTSP.dll
0x00007ffb5a180000 - 0x00007ffb5a1b4000 	C:\Windows\system32\rsaenh.dll
0x00007ffb5afc0000 - 0x00007ffb5afee000 	C:\Windows\SYSTEM32\USERENV.dll
0x00007ffb5a510000 - 0x00007ffb5a54b000 	C:\Windows\SYSTEM32\IPHLPAPI.DLL
0x00007ffb5cc30000 - 0x00007ffb5cc38000 	C:\Windows\System32\NSI.dll
0x00007ffb53640000 - 0x00007ffb53657000 	C:\Windows\SYSTEM32\dhcpcsvc6.DLL
0x00007ffb53560000 - 0x00007ffb5357d000 	C:\Windows\SYSTEM32\dhcpcsvc.DLL
0x00007ffb5a560000 - 0x00007ffb5a62b000 	C:\Windows\SYSTEM32\DNSAPI.dll

dbghelp: loaded successfully - version: 4.0.5 - missing functions: none
symbol engine: initialized successfully - sym options: 0x614 - pdb path: .;C:\Program Files\Java\jdk-17\bin;C:\Windows\SYSTEM32;C:\Windows\WinSxS\amd64_microsoft.windows.common-controls_6595b64144ccf1df_6.0.19041.1110_none_60b5254171f9507e;C:\Program Files\Java\jdk-17\bin\server;C:\Users\stuff\AppData\Local\Temp\lwjglstuff\3.3.0-build-21;C:\Windows\System32\DriverStore\FileRepository\nvmdi.inf_amd64_697983dd21312b3c

VM Arguments:
jvm_args: -Dfile.encoding=windows-1252 -Duser.country=US -Duser.language=en -Duser.variant -ea 
java_command: Main
java_class_path (initial): C:\Users\stuff\Desktop\Platformer\build\classes\java\main;C:\Users\stuff\Desktop\Platformer\build\resources\main;C:\Users\stuff\.gradle\caches\modules-2\files-2.1\org.lwjgl\lwjgl-assimp\3.3.0\82135e856184e76d38a97f729141298d3edcf0e4\lwjgl-assimp-3.3.0.jar;C:\Users\stuff\.gradle\caches\modules-2\files-2.1\org.lwjgl\lwjgl-assimp\3.3.0\3256ea17d2f82e98a2e6464cb165a3af49ac5e36\lwjgl-assimp-3.3.0-natives-windows.jar;C:\Users\stuff\.gradle\caches\modules-2\files-2.1\org.lwjgl\lwjgl-glfw\3.3.0\899e34f314525596f8fdb6476d3e56104da4601d\lwjgl-glfw-3.3.0.jar;C:\Users\stuff\.gradle\caches\modules-2\files-2.1\org.lwjgl\lwjgl-glfw\3.3.0\b2d71cebdfecc512131879573e835211cb47b91f\lwjgl-glfw-3.3.0-natives-windows.jar;C:\Users\stuff\.gradle\caches\modules-2\files-2.1\org.lwjgl\lwjgl-nfd\3.3.0\6d0e4be3e2811979b3cad55f642c5b13559fa202\lwjgl-nfd-3.3.0.jar;C:\Users\stuff\.gradle\caches\modules-2\files-2.1\org.lwjgl\lwjgl-nfd\3.3.0\eabaa0a7dcf9597d6a11c2d706431fd884dd84d9\lwjgl-nfd-3.3.0-natives-windows.jar;C:\Users\stuff\.gradle\caches\modules-2\files-2.1\org.lwjgl\lwjgl-openal\3.3.0\902dd57b5a46e8a75ee843c2db61f80b4d130d48\lwjgl-openal-3.3.0.jar;C:\Users\stuff\.gradle\caches\modules-2\files-2.1\org.lwjgl\lwjgl-openal\3.3.0\d6e59a987bd196b9a7ce161db41fe1727b0d88f\lwjgl-openal-3.3.0-natives-windows.jar;C:\Users\stuff\.gradle\caches\modules-2\files-2.1\org.lwjgl\lwjgl-opengl\3.3.0\a1f395f7758a3abd5aff75fc8a20368ac371631e\lwjgl-opengl-3.3.0.jar;C:\Users\stuff\.gradle\caches\modules-2\files-2.1\org.lwjgl\lwjgl-opengl\3.3.0\de52e197709c8d03cb386ed7b3b4ce8b96a339f3\lwjgl-opengl-3.3.0-natives-windows.jar;C:\Users\stuff\.gradle\caches\modules-2\files-2.1\org.lwjgl\lwjgl-stb\3.3.0\69becce49e19671fccca33bfb273231055bd9fcf\lwjgl-stb-3.3.0.jar;C:\Users\stuff\.gradle\caches\modules-2\files-2.1\org.lwjgl\lwjgl-stb\3.3.0\58994705dc03cca4da31ab850edfae51cfbff74c\lwjgl-stb-3.3.0-natives-windows.jar;C:\Users\stuff\.gradle\caches\modules-2\files-2.1\org.lwjgl\lwjgl\3.3.0\77b0dc0
Launcher Type: SUN_STANDARD

[Global flags]
     intx CICompilerCount                          = 3                                         {product} {ergonomic}
     uint ConcGCThreads                            = 1                                         {product} {ergonomic}
     uint G1ConcRefinementThreads                  = 4                                         {product} {ergonomic}
   size_t G1HeapRegionSize                         = 2097152                                   {product} {ergonomic}
    uintx GCDrainStackTargetSize                   = 64                                        {product} {ergonomic}
   size_t InitialHeapSize                          = 268435456                                 {product} {ergonomic}
   size_t MarkStackSize                            = 4194304                                   {product} {ergonomic}
   size_t MaxHeapSize                              = 4282384384                                {product} {ergonomic}
   size_t MaxNewSize                               = 2569011200                                {product} {ergonomic}
   size_t MinHeapDeltaBytes                        = 2097152                                   {product} {ergonomic}
   size_t MinHeapSize                              = 8388608                                   {product} {ergonomic}
    uintx NonNMethodCodeHeapSize                   = 5832780                                {pd product} {ergonomic}
    uintx NonProfiledCodeHeapSize                  = 122912730                              {pd product} {ergonomic}
    uintx ProfiledCodeHeapSize                     = 122912730                              {pd product} {ergonomic}
    uintx ReservedCodeCacheSize                    = 251658240                              {pd product} {ergonomic}
     bool SegmentedCodeCache                       = true                                      {product} {ergonomic}
   size_t SoftMaxHeapSize                          = 4282384384                             {manageable} {ergonomic}
     bool UseCompressedClassPointers               = true                           {product lp64_product} {ergonomic}
     bool UseCompressedOops                        = true                           {product lp64_product} {ergonomic}
     bool UseG1GC                                  = true                                      {product} {ergonomic}
     bool UseLargePagesIndividualAllocation        = false                                  {pd product} {ergonomic}

Logging:
Log output configuration:
 #0: stdout all=warning uptime,level,tags
 #1: stderr all=off uptime,level,tags

Environment Variables:
PATH=C:\Program Files\Common Files\Oracle\Java\javapath;C:\Program Files (x86)\Common Files\Oracle\Java\javapath;C:\Windows\system32;C:\Windows;C:\Windows\System32\Wbem;C:\Windows\System32\WindowsPowerShell\v1.0\;C:\Windows\System32\OpenSSH\;C:\Program Files\NVIDIA Corporation\NVIDIA NvDLISR;C:\Program Files\dotnet\;C:\Program Files (x86)\NVIDIA Corporation\PhysX\Common;C:\Program Files\Git LFS;C:\Program Files\Git\cmd;C:\Users\stuff\AppData\Local\Microsoft\WindowsApps;;C:\Users\stuff\AppData\Local\Programs\Microsoft VS Code\bin
USERNAME=stuff
OS=Windows_NT
PROCESSOR_IDENTIFIER=AMD64 Family 23 Model 8 Stepping 2, AuthenticAMD



---------------  S Y S T E M  ---------------

OS:
 Windows 10 , 64 bit Build 19041 (10.0.19041.1466)
OS uptime: 1 days 2:13 hours

CPU: total 4 (initial active 4) (4 cores per cpu, 1 threads per core) family 23 model 8 stepping 2 microcode 0x0, cx8, cmov, fxsr, mmx, 3dnowpref, sse, sse2, sse3, ssse3, sse4a, sse4.1, sse4.2, popcnt, lzcnt, tsc, tscinvbit, avx, avx2, aes, clmul, bmi1, bmi2, adx, sha, fma, vzeroupper, clflush, clflushopt

Memory: 4k page, system-wide physical 16335M (8834M free)
TotalPageFile size 18767M (AvailPageFile size 8647M)
current process WorkingSet (physical memory assigned to process): 98M, peak: 98M
current process commit charge ("private bytes"): 408M, peak: 408M

vm_info: Java HotSpot(TM) 64-Bit Server VM (17+35-LTS-2724) for windows-amd64 JRE (17+35-LTS-2724), built on Aug  5 2021 23:28:28 by "mach5one" with MS VC++ 16.8 (VS2019)

END.
